INFO     ℹ️:polymap.nonortho.main:orthogonalize_dom:11 | {'name': 'corridor_0'} | Resolving non-ortho  
         on corridor_0                                                                                
DEBUG    🐞:polymap.nonortho.dot:get_aligned_vector:27 | {'name': 'corridor_0'} | vector to align:    
         <0.045722606546791944, 0.0024115832845406082, 0> | result: <0.045722606546791944, 0.0, 0.0>  
DEBUG    🐞:polymap.nonortho.dot:get_aligned_vector:27 | {'name': 'corridor_0'} | vector to align:    
         <-0.0004715516685980248, 0.008940421650790231, 0> | result: <0.0, 0.008940421650790231, 0.0> 
DEBUG    🐞:polymap.nonortho.dot:get_aligned_vector:27 | {'name': 'corridor_0'} | vector to align:    
         <3.4756249415061813, 0.8353505958661132, 0> | result: <3.4756249415061813, 0.0, 0.0>         
DEBUG    🐞:polymap.nonortho.dot:get_aligned_vector:27 | {'name': 'corridor_0'} | vector to align:    
         <0.011486927515379719, -0.007042606432666965, 0> | result: <0.011486927515379719, 0.0, 0.0>  
DEBUG    🐞:polymap.nonortho.dot:get_aligned_vector:27 | {'name': 'corridor_0'} | vector to align:    
         <0.6941079580825862, 1.1321330928502857, 0> | result: <0.0, 1.1321330928502857, 0.0>         
DEBUG    🐞:polymap.nonortho.dot:get_aligned_vector:27 | {'name': 'corridor_0'} | vector to align:    
         <2.9645301206476313, -1.8595841955416281, 0> | result: <2.9645301206476313, 0.0, 0.0>        
DEBUG    🐞:polymap.nonortho.dot:get_aligned_vector:27 | {'name': 'corridor_0'} | vector to align:    
         <-1.058563544456926, -0.2501911124966332, 0> | result: <-1.058563544456926, 0.0, 0.0>        
DEBUG    🐞:polymap.nonortho.dot:get_aligned_vector:27 | {'name': 'corridor_0'} | vector to align:    
         <0.05673580541565992, -0.2400503146538706, 0> | result: <0.0, -0.2400503146538706, 0.0>      
DEBUG    🐞:polymap.nonortho.dot:get_aligned_vector:27 | {'name': 'corridor_0'} | vector to align:    
         <-2.5037674482930705, -0.5904731399092278, 0> | result: <-2.5037674482930705, 0.0, 0.0>      
DEBUG    🐞:polymap.nonortho.dot:get_aligned_vector:27 | {'name': 'corridor_0'} | vector to align:    
         <-0.057181105131693055, 0.24193438655813138, 0> | result: <0.0, 0.24193438655813138, 0.0>    
DEBUG    🐞:polymap.nonortho.dot:get_aligned_vector:27 | {'name': 'corridor_0'} | vector to align:    
         <-1.478850622781588, -0.3495258120946203, 0> | result: <-1.478850622781588, 0.0, 0.0>        
DEBUG    🐞:polymap.nonortho.dot:get_aligned_vector:27 | {'name': 'corridor_0'} | vector to align:    
         <0.05701034455093312, -0.2412118951641795, 0> | result: <0.0, -0.2412118951641795, 0.0>      
DEBUG    🐞:polymap.nonortho.dot:get_aligned_vector:27 | {'name': 'corridor_0'} | vector to align:    
         <-2.053605467568896, -0.4843097027229293, 0> | result: <-2.053605467568896, 0.0, 0.0>        
DEBUG    🐞:polymap.nonortho.dot:get_aligned_vector:27 | {'name': 'corridor_0'} | vector to align:    
         <-0.15277896436439153, 1.8016186988058946, 0> | result: <0.0, 1.8016186988058946, 0.0>       
ERROR    ❌:polymap.geometry.modify.validate:message:37 | {'name': 'corridor_0'} | corridor_0 is      
         invalid! Reason: NOT ORTHOGONAL                                                              
ERROR    ❌:polymap.geometry.modify.validate:message:37 | {} | corridor_0 is invalid! Reason: NOT     
         ORTHOGONAL                                                                                   
Traceback (most recent call last):
  File "/Users/julietnwagwuume-ezeoke/_UILCode/gqe-phd/fpopt/studies2/msd2/.venv/lib/python3.13/site-packages/polymap/nonortho/main.py", line 16, in orthogonalize_dom
    assert new_dom.is_orthogonal
           ^^^^^^^^^^^^^^^^^^^^^
AssertionError

During handling of the above exception, another exception occurred:

Traceback (most recent call last):
  File "/Users/julietnwagwuume-ezeoke/_UILCode/gqe-phd/fpopt/studies2/msd2/.venv/lib/python3.13/site-packages/polymap/cli/make/main.py", line 52, in ortho
    layout = orthogonalize_layout(in_layout)
  File "/Users/julietnwagwuume-ezeoke/_UILCode/gqe-phd/fpopt/studies2/msd2/.venv/lib/python3.13/site-packages/polymap/nonortho/main.py", line 28, in orthogonalize_layout
    return Layout(list(new_doms))
                  ~~~~^^^^^^^^^^
  File "/Users/julietnwagwuume-ezeoke/_UILCode/gqe-phd/fpopt/studies2/msd2/.venv/lib/python3.13/site-packages/polymap/nonortho/main.py", line 27, in <lambda>
    new_doms = map(lambda x: orthogonalize_dom(x), layout.domains)
                             ~~~~~~~~~~~~~~~~~^^^
  File "/Users/julietnwagwuume-ezeoke/_UILCode/gqe-phd/fpopt/studies2/msd2/.venv/lib/python3.13/site-packages/polymap/nonortho/main.py", line 18, in orthogonalize_dom
    raise InvalidPolygonError(new_dom.polygon, dom.name, "NOT ORTHOGONAL")
polymap.geometry.modify.validate.InvalidPolygonError: (<POLYGON ((-6.053 1.496, -6.053 1.508, -2.578 1.508, -2.566 2.343, -2.566 3....>, 'corridor_0', 'NOT ORTHOGONAL')

During handling of the above exception, another exception occurred:

Traceback (most recent call last):
  File "/Users/julietnwagwuume-ezeoke/_UILCode/gqe-phd/fpopt/studies2/msd2/.venv/bin/polymap", line 10, in <module>
    sys.exit(main())
             ~~~~^^
  File "/Users/julietnwagwuume-ezeoke/_UILCode/gqe-phd/fpopt/studies2/msd2/.venv/lib/python3.13/site-packages/polymap/cli/main.py", line 22, in main
    app()
    ~~~^^
  File "/Users/julietnwagwuume-ezeoke/_UILCode/gqe-phd/fpopt/studies2/msd2/.venv/lib/python3.13/site-packages/cyclopts/core.py", line 1869, in __call__
    result = _run_maybe_async_command(command, bound, resolved_backend)
  File "/Users/julietnwagwuume-ezeoke/_UILCode/gqe-phd/fpopt/studies2/msd2/.venv/lib/python3.13/site-packages/cyclopts/_run.py", line 50, in _run_maybe_async_command
    return command(*bound.args, **bound.kwargs)
  File "/Users/julietnwagwuume-ezeoke/_UILCode/gqe-phd/fpopt/studies2/msd2/.venv/lib/python3.13/site-packages/polymap/cli/make/main.py", line 57, in ortho
    raise RuntimeError(
        "Could not orthogonalize the layout due to at least one polygon being non-orthogonalizable"
    )
RuntimeError: Could not orthogonalize the layout due to at least one polygon being non-orthogonalizable
