INFO     ℹ️:polymap.layout.main.plan:summarize_graph_list:89 | {} | [                                  
             {('storeroom_0-north_0', 'room_17-south_1'): 0.08999999999999986},                       
             {('room_9-north_0', 'shaft_13-south_0'): 0.1429999999999998},                            
             {('room_9-north_2', 'shaft_19-south_0'): 0.27},                                          
             {('shaft_13-north_0', 'shaft_6-south_0'): 0.129},                                        
             {('shaft_19-north_0', 'corridor_25-south_0'): 0.359},                                    
             {('shaft_6-north_0', 'corridor_15-south_0'): 0.2120000000000002},                        
             {('room_9-north_1', 'corridor_25-south_0'): 0.16700000000000026},                        
             {('room_20-north_0', 'storeroom_21-south_0'): 0.07500000000000018},                      
             {('storeroom_21-north_0', 'bathroom_11-south_1'): 0.09299999999999997},                  
             {('room_17-north_0', 'room_2-south_0'): 0.18900000000000006},                            
             {('bathroom_11-north_0', 'storeroom_14-south_0'): 3.143},                                
             {('corridor_15-north_0', 'corridor_8-south_0'): 3.143},                                  
             {('corridor_25-north_2', 'room_2-south_0'): 0.1639999999999997},                         
             {('shaft_16-north_0', 'corridor_25-south_1'): 0.465},                                    
             {('storeroom_24-north_0', 'room_2-south_1'): 0.08099999999999996},                       
             {('corridor_25-north_1', 'shaft_22-south_0'): 0.06899999999999995},                      
             {('room_2-north_1', 'storeroom_5-south_0'): 0.08099999999999996},                        
             {('storeroom_14-north_0', 'kitchen_12-south_0'): 0.28400000000000025},                   
             {('room_2-north_0', 'storeroom_23-south_1'): 0.18900000000000006},                       
             {('storeroom_5-north_0', 'storeroom_23-south_1'): 0.18900000000000006},                  
             {('corridor_8-north_0', 'room_1-south_0'): 0.16700000000000026},                         
             {('shaft_22-north_0', 'bathroom_10-south_0'): 0.13900000000000023},                      
             {('corridor_25-north_0', 'room_1-south_0'): 0.16700000000000026},                        
             {('kitchen_12-north_1', 'shaft_4-south_0'): 0.17000000000000082},                        
             {('room_1-north_2', 'shaft_3-south_0'): 0.23000000000000043},                            
             {('shaft_4-north_0', 'kitchen_12-south_1'): 0.16000000000000014},                        
             {('shaft_3-north_0', 'room_1-south_1'): 0.22299999999999986},                            
             {('bathroom_10-north_2', 'storeroom_23-south_0'): 0.08899999999999952},                  
             {('bathroom_10-north_0', 'storeroom_7-south_0'): 0.08899999999999952}                    
         ]                                                                                            
INFO     ℹ️:polymap.layout.viz:collect_node_edges:37 | {} | {                                          
             ('bathroom_11-north_0', 'storeroom_14-south_0'): 0,                                      
             ('storeroom_14-north_0', 'kitchen_12-south_0'): 1,                                       
             ('room_20-north_0', 'storeroom_21-south_0'): 2,                                          
             ('storeroom_21-north_0', 'bathroom_11-south_1'): 3,                                      
             ('kitchen_12-north_1', 'shaft_4-south_0'): 4,                                            
             ('shaft_4-north_0', 'kitchen_12-south_1'): 5,                                            
             ('corridor_15-north_0', 'corridor_8-south_0'): 6,                                        
             ('corridor_8-north_0', 'room_1-south_0'): 7,                                             
             ('shaft_6-north_0', 'corridor_15-south_0'): 8,                                           
             ('room_9-north_0', 'shaft_13-south_0'): 9,                                               
             ('shaft_13-north_0', 'shaft_6-south_0'): 10,                                             
             ('corridor_25-north_0', 'room_1-south_0'): 11,                                           
             ('room_9-north_1', 'corridor_25-south_0'): 12,                                           
             ('shaft_19-north_0', 'corridor_25-south_0'): 13,                                         
             ('corridor_25-north_1', 'shaft_22-south_0'): 14,                                         
             ('shaft_22-north_0', 'bathroom_10-south_0'): 15,                                         
             ('room_1-north_2', 'shaft_3-south_0'): 16,                                               
             ('shaft_3-north_0', 'room_1-south_1'): 17,                                               
             ('shaft_16-north_0', 'corridor_25-south_1'): 18,                                         
             ('corridor_25-north_2', 'room_2-south_0'): 19,                                           
             ('room_9-north_2', 'shaft_19-south_0'): 20,                                              
             ('bathroom_10-north_0', 'storeroom_7-south_0'): 21,                                      
             ('room_2-north_0', 'storeroom_23-south_1'): 22,                                          
             ('room_17-north_0', 'room_2-south_0'): 23,                                               
             ('bathroom_10-north_2', 'storeroom_23-south_0'): 24,                                     
             ('storeroom_0-north_0', 'room_17-south_1'): 25,                                          
             ('storeroom_5-north_0', 'storeroom_23-south_1'): 26,                                     
             ('room_2-north_1', 'storeroom_5-south_0'): 27,                                           
             ('storeroom_24-north_0', 'room_2-south_1'): 28                                           
         }                                                                                            
