INFO     ℹ️:polymap.layout.main.move:try_moves:122 | {} | roots=['balcony_1-north_0',                  
         'bathroom_2-north_0', 'kitchen_4-north_0']                                                   
DEBUG    🐞:polymap.layout.main.move:try_moves:127 | {} |                                             
         root:BALCONY_1-NORTH_0.                                                                      
         [{('balcony_1-north_0', 'kitchen_4-south_0'): 0.41500000000000004}]                          
                                                                                                      
DEBUG    🐞:polymap.layout.main.move:try_moves:134 | {} | Moving balcony_1-north_0 by                 
         0.41500000000000004 to kitchen_4-south_0                                                     
TRACE    ✏️:polymap.layout.main.move:study_polygon_changes:44 | {} | balcony_1 has changed!            
SUCCESS  ✅:polymap.geometry.modify.validate:validate_layout_overlaps:173 | {} | No overlaps in the   
         layout                                                                                       
DEBUG    🐞:polymap.layout.main.move:try_moves:127 | {} |                                             
         root:BATHROOM_2-NORTH_0.                                                                     
         [{('bathroom_2-north_0', 'corridor_0-south_0'): 0.1200000000000001}]                         
                                                                                                      
DEBUG    🐞:polymap.layout.main.move:try_moves:134 | {} | Moving bathroom_2-north_0 by                
         0.1200000000000001 to corridor_0-south_0                                                     
TRACE    ✏️:polymap.layout.main.move:study_polygon_changes:44 | {} | bathroom_2 has changed!           
SUCCESS  ✅:polymap.geometry.modify.validate:validate_layout_overlaps:173 | {} | No overlaps in the   
         layout                                                                                       
DEBUG    🐞:polymap.layout.main.move:try_moves:127 | {} |                                             
         root:KITCHEN_4-NORTH_0.                                                                      
         [{('kitchen_4-north_0', 'corridor_0-south_0'): 0.1200000000000001}]                          
                                                                                                      
DEBUG    🐞:polymap.layout.main.move:try_moves:134 | {} | Moving kitchen_4-north_0 by                 
         0.1200000000000001 to corridor_0-south_0                                                     
TRACE    ✏️:polymap.layout.main.move:study_polygon_changes:44 | {} | kitchen_4 has changed!            
SUCCESS  ✅:polymap.geometry.modify.validate:validate_layout_overlaps:173 | {} | No overlaps in the   
         layout                                                                                       
SUCCESS  ✅:polymap.geometry.modify.validate:validate_layout_overlaps:173 | {} | No overlaps in the   
         layout                                                                                       
