INFO     ℹ️:polymap.layout.main.move:try_moves:122 | {} | roots=['room_0-east_0', 'room_2-east_0',     
         'kitchen_3-east_0', 'kitchen_3-east_1']                                                      
DEBUG    🐞:polymap.layout.main.move:try_moves:127 | {} |                                             
         root:ROOM_0-EAST_0.                                                                          
         [{('room_0-east_0', 'corridor_6-west_0'): 0.19400000000000084}]                              
                                                                                                      
DEBUG    🐞:polymap.layout.main.move:try_moves:134 | {} | Moving room_0-east_0 by 0.19400000000000084 
         to corridor_6-west_0                                                                         
TRACE    ✏️:polymap.layout.main.move:study_polygon_changes:44 | {} | room_0 has changed!               
SUCCESS  ✅:polymap.geometry.modify.validate:validate_layout_overlaps:173 | {} | No overlaps in the   
         layout                                                                                       
DEBUG    🐞:polymap.layout.main.move:try_moves:127 | {} |                                             
         root:ROOM_2-EAST_0.                                                                          
         [{('room_2-east_0', 'corridor_6-west_0'): 0.19400000000000084}]                              
                                                                                                      
DEBUG    🐞:polymap.layout.main.move:try_moves:134 | {} | Moving room_2-east_0 by 0.19400000000000084 
         to corridor_6-west_0                                                                         
TRACE    ✏️:polymap.layout.main.move:study_polygon_changes:44 | {} | room_2 has changed!               
SUCCESS  ✅:polymap.geometry.modify.validate:validate_layout_overlaps:173 | {} | No overlaps in the   
         layout                                                                                       
DEBUG    🐞:polymap.layout.main.move:try_moves:127 | {} |                                             
         root:KITCHEN_3-EAST_0.                                                                       
         [{('kitchen_3-east_0', 'bathroom_5-west_0'): 0.4239999999999995}]                            
                                                                                                      
DEBUG    🐞:polymap.layout.main.move:try_moves:134 | {} | Moving kitchen_3-east_0 by                  
         0.4239999999999995 to bathroom_5-west_0                                                      
TRACE    ✏️:polymap.layout.main.move:study_polygon_changes:44 | {} | kitchen_3 has changed!            
SUCCESS  ✅:polymap.geometry.modify.validate:validate_layout_overlaps:173 | {} | No overlaps in the   
         layout                                                                                       
DEBUG    🐞:polymap.layout.main.move:try_moves:127 | {} |                                             
         root:KITCHEN_3-EAST_1.                                                                       
         [{('kitchen_3-east_1', 'bathroom_5-west_0'): 0.1299999999999999}]                            
                                                                                                      
DEBUG    🐞:polymap.layout.main.move:try_moves:134 | {} | Moving kitchen_3-east_1 by                  
         0.1299999999999999 to bathroom_5-west_0                                                      
TRACE    ✏️:polymap.layout.main.move:study_polygon_changes:44 | {} | kitchen_3 has changed!            
SUCCESS  ✅:polymap.geometry.modify.validate:validate_layout_overlaps:173 | {} | No overlaps in the   
         layout                                                                                       
SUCCESS  ✅:polymap.geometry.modify.validate:validate_layout_overlaps:173 | {} | No overlaps in the   
         layout                                                                                       
