INFO     ℹ️:polymap.bends.main:remove_all_bends_from_domain:61 | {} | Starting to clean (5064,         
         bathroom_0)                                                                                  
INFO     ℹ️:polymap.bends.main:remove_all_bends_from_domain:80 | {} | Starting iteration for (5064,    
         bathroom_0)                                                                                  
TRACE    ✏️:polymap.bends.bends:assign_bends:73 | {} | components = [{'bathroom_0-west_1',             
         'bathroom_0-south_3'}, {'bathroom_0-west_5', 'bathroom_0-south_4'}, {'bathroom_0-south_2',   
         'bathroom_0-west_3'}]                                                                        
TRACE    ✏️:polymap.bends.graph:order_nodes_based_on_graph:142 | {} | ['bathroom_0-west_1',            
         'bathroom_0-south_3']                                                                        
TRACE    ✏️:polymap.bends.graph:order_nodes_based_on_graph:150 | {} | [('bathroom_0-west_1',           
         'bathroom_0-south_3')]                                                                       
TRACE    ✏️:polymap.bends.graph:handle_components:174 | {} | {                                         
             'orig_nodes': ['bathroom_0-west_1', 'bathroom_0-south_3'],                               
             'ordered': ['bathroom_0-west_1', 'bathroom_0-south_3']                                   
         }                                                                                            
TRACE    ✏️:polymap.bends.graph:order_nodes_based_on_graph:142 | {} | ['bathroom_0-west_5',            
         'bathroom_0-south_4']                                                                        
TRACE    ✏️:polymap.bends.graph:order_nodes_based_on_graph:150 | {} | [('bathroom_0-west_5',           
         'bathroom_0-south_4')]                                                                       
TRACE    ✏️:polymap.bends.graph:handle_components:174 | {} | {                                         
             'orig_nodes': ['bathroom_0-west_5', 'bathroom_0-south_4'],                               
             'ordered': ['bathroom_0-west_5', 'bathroom_0-south_4']                                   
         }                                                                                            
TRACE    ✏️:polymap.bends.graph:order_nodes_based_on_graph:142 | {} | ['bathroom_0-south_2',           
         'bathroom_0-west_3']                                                                         
TRACE    ✏️:polymap.bends.graph:order_nodes_based_on_graph:150 | {} | [('bathroom_0-south_2',          
         'bathroom_0-west_3')]                                                                        
TRACE    ✏️:polymap.bends.graph:handle_components:174 | {} | {                                         
             'orig_nodes': ['bathroom_0-south_2', 'bathroom_0-west_3'],                               
             'ordered': ['bathroom_0-south_2', 'bathroom_0-west_3']                                   
         }                                                                                            
DEBUG    🐞:polymap.bends.interfaces:get_next_bend:358 | {} | BendHolder: {                           
             'pi2s': {'size': 0, 'pass': 0},                                                          
             'pi3s': {'size': 0, 'pass': 0},                                                          
             'kappa2s': {'size': 3, 'pass': 3},                                                       
             'pis': {'size': 0, 'pass': 0},                                                           
             'kappas': {'size': 0, 'pass': 0},                                                        
             'large': 0,                                                                              
             'not_found': 0                                                                           
         }                                                                                            
DEBUG    🐞:polymap.bends.interfaces:get_next_bend:359 | {} | Next bend is <class                     
         'polymap.bends.interfaces.KappaTwo'>(['bathroom_0-north_1', 'bathroom_0-west_1',             
         'bathroom_0-south_3', 'bathroom_0-west_2'])                                                  
DEBUG    🐞:polymap.bends.points:fix_vector_group_on_domain:57 | {} | surf group to heal:             
         ['bathroom_0-west_1', 'bathroom_0-west_2']                                                   
TRACE    ✏️:polymap.bends.bends:assign_bends:73 | {} | components = [{'bathroom_0-south_2',            
         'bathroom_0-west_2'}, {'bathroom_0-west_4', 'bathroom_0-south_3'}]                           
TRACE    ✏️:polymap.bends.graph:order_nodes_based_on_graph:142 | {} | ['bathroom_0-south_2',           
         'bathroom_0-west_2']                                                                         
TRACE    ✏️:polymap.bends.graph:order_nodes_based_on_graph:150 | {} | [('bathroom_0-south_2',          
         'bathroom_0-west_2')]                                                                        
TRACE    ✏️:polymap.bends.graph:handle_components:174 | {} | {                                         
             'orig_nodes': ['bathroom_0-south_2', 'bathroom_0-west_2'],                               
             'ordered': ['bathroom_0-south_2', 'bathroom_0-west_2']                                   
         }                                                                                            
TRACE    ✏️:polymap.bends.graph:order_nodes_based_on_graph:142 | {} | ['bathroom_0-west_4',            
         'bathroom_0-south_3']                                                                        
TRACE    ✏️:polymap.bends.graph:order_nodes_based_on_graph:150 | {} | [('bathroom_0-west_4',           
         'bathroom_0-south_3')]                                                                       
TRACE    ✏️:polymap.bends.graph:handle_components:174 | {} | {                                         
             'orig_nodes': ['bathroom_0-west_4', 'bathroom_0-south_3'],                               
             'ordered': ['bathroom_0-west_4', 'bathroom_0-south_3']                                   
         }                                                                                            
DEBUG    🐞:polymap.bends.interfaces:get_next_bend:358 | {} | BendHolder: {                           
             'pi2s': {'size': 0, 'pass': 0},                                                          
             'pi3s': {'size': 0, 'pass': 0},                                                          
             'kappa2s': {'size': 2, 'pass': 2},                                                       
             'pis': {'size': 0, 'pass': 0},                                                           
             'kappas': {'size': 0, 'pass': 0},                                                        
             'large': 0,                                                                              
             'not_found': 0                                                                           
         }                                                                                            
DEBUG    🐞:polymap.bends.interfaces:get_next_bend:359 | {} | Next bend is <class                     
         'polymap.bends.interfaces.KappaTwo'>(['bathroom_0-west_1', 'bathroom_0-south_2',             
         'bathroom_0-west_2', 'bathroom_0-south_0'])                                                  
DEBUG    🐞:polymap.bends.points:fix_vector_group_on_domain:57 | {} | surf group to heal:             
         ['bathroom_0-south_2', 'bathroom_0-south_0']                                                 
TRACE    ✏️:polymap.bends.bends:assign_bends:73 | {} | components = [{'bathroom_0-south_2',            
         'bathroom_0-west_3'}]                                                                        
TRACE    ✏️:polymap.bends.graph:order_nodes_based_on_graph:142 | {} | ['bathroom_0-west_3',            
         'bathroom_0-south_2']                                                                        
TRACE    ✏️:polymap.bends.graph:order_nodes_based_on_graph:150 | {} | [('bathroom_0-west_3',           
         'bathroom_0-south_2')]                                                                       
TRACE    ✏️:polymap.bends.graph:handle_components:174 | {} | {                                         
             'orig_nodes': ['bathroom_0-south_2', 'bathroom_0-west_3'],                               
             'ordered': ['bathroom_0-west_3', 'bathroom_0-south_2']                                   
         }                                                                                            
DEBUG    🐞:polymap.bends.interfaces:get_next_bend:358 | {} | BendHolder: {                           
             'pi2s': {'size': 0, 'pass': 0},                                                          
             'pi3s': {'size': 0, 'pass': 0},                                                          
             'kappa2s': {'size': 1, 'pass': 1},                                                       
             'pis': {'size': 0, 'pass': 0},                                                           
             'kappas': {'size': 0, 'pass': 0},                                                        
             'large': 0,                                                                              
             'not_found': 0                                                                           
         }                                                                                            
DEBUG    🐞:polymap.bends.interfaces:get_next_bend:359 | {} | Next bend is <class                     
         'polymap.bends.interfaces.KappaTwo'>(['bathroom_0-north_0', 'bathroom_0-west_3',             
         'bathroom_0-south_2', 'bathroom_0-west_4'])                                                  
DEBUG    🐞:polymap.bends.points:fix_vector_group_on_domain:57 | {} | surf group to heal:             
         ['bathroom_0-west_3', 'bathroom_0-west_4']                                                   
INFO     ℹ️:polymap.bends.main:remove_all_bends_from_domain:123 | {} | Successfully completed iteration
         for (5064, bathroom_0)                                                                       
                                                                                                      
INFO     ℹ️:polymap.bends.main:remove_all_bends_from_domain:61 | {} | Starting to clean (5064,         
         kitchen_1)                                                                                   
INFO     ℹ️:polymap.bends.main:remove_all_bends_from_domain:77 | {} | No small surfaces for (5064,     
         kitchen_1). Ending iteration...                                                              
                                                                                                      
INFO     ℹ️:polymap.bends.main:remove_all_bends_from_domain:61 | {} | Starting to clean (5064,         
         corridor_2)                                                                                  
INFO     ℹ️:polymap.bends.main:remove_all_bends_from_domain:80 | {} | Starting iteration for (5064,    
         corridor_2)                                                                                  
TRACE    ✏️:polymap.bends.bends:assign_bends:73 | {} | components = [{'corridor_2-south_1',            
         'corridor_2-west_1'}, {'corridor_2-north_1', 'corridor_2-west_3'}]                           
TRACE    ✏️:polymap.bends.graph:order_nodes_based_on_graph:142 | {} | ['corridor_2-west_1',            
         'corridor_2-south_1']                                                                        
TRACE    ✏️:polymap.bends.graph:order_nodes_based_on_graph:150 | {} | [('corridor_2-west_1',           
         'corridor_2-south_1')]                                                                       
TRACE    ✏️:polymap.bends.graph:handle_components:174 | {} | {                                         
             'orig_nodes': ['corridor_2-south_1', 'corridor_2-west_1'],                               
             'ordered': ['corridor_2-west_1', 'corridor_2-south_1']                                   
         }                                                                                            
TRACE    ✏️:polymap.bends.graph:order_nodes_based_on_graph:142 | {} | ['corridor_2-north_1',           
         'corridor_2-west_3']                                                                         
TRACE    ✏️:polymap.bends.graph:order_nodes_based_on_graph:150 | {} | [('corridor_2-north_1',          
         'corridor_2-west_3')]                                                                        
TRACE    ✏️:polymap.bends.graph:handle_components:174 | {} | {                                         
             'orig_nodes': ['corridor_2-north_1', 'corridor_2-west_3'],                               
             'ordered': ['corridor_2-north_1', 'corridor_2-west_3']                                   
         }                                                                                            
DEBUG    🐞:polymap.bends.interfaces:get_next_bend:358 | {} | BendHolder: {                           
             'pi2s': {'size': 1, 'pass': 1},                                                          
             'pi3s': {'size': 0, 'pass': 0},                                                          
             'kappa2s': {'size': 2, 'pass': 2},                                                       
             'pis': {'size': 0, 'pass': 0},                                                           
             'kappas': {'size': 0, 'pass': 0},                                                        
             'large': 0,                                                                              
             'not_found': 0                                                                           
         }                                                                                            
DEBUG    🐞:polymap.bends.interfaces:get_next_bend:359 | {} | Next bend is <class                     
         'polymap.bends.interfaces.PiTwo'>(['corridor_2-west_1', 'corridor_2-south_1',                
         'corridor_2-west_2', 'corridor_2-north_1', 'corridor_2-west_3'])                             
DEBUG    🐞:polymap.bends.points:fix_vector_group_on_domain:57 | {} | surf group to heal:             
         ['corridor_2-west_2', 'corridor_2-west_3']                                                   
TRACE    ✏️:polymap.bends.bends:assign_bends:73 | {} | components = [{'corridor_2-south_1',            
         'corridor_2-west_1'}]                                                                        
TRACE    ✏️:polymap.bends.graph:order_nodes_based_on_graph:142 | {} | ['corridor_2-west_1',            
         'corridor_2-south_1']                                                                        
TRACE    ✏️:polymap.bends.graph:order_nodes_based_on_graph:150 | {} | [('corridor_2-west_1',           
         'corridor_2-south_1')]                                                                       
TRACE    ✏️:polymap.bends.graph:handle_components:174 | {} | {                                         
             'orig_nodes': ['corridor_2-south_1', 'corridor_2-west_1'],                               
             'ordered': ['corridor_2-west_1', 'corridor_2-south_1']                                   
         }                                                                                            
DEBUG    🐞:polymap.bends.interfaces:get_next_bend:358 | {} | BendHolder: {                           
             'pi2s': {'size': 0, 'pass': 0},                                                          
             'pi3s': {'size': 0, 'pass': 0},                                                          
             'kappa2s': {'size': 1, 'pass': 1},                                                       
             'pis': {'size': 0, 'pass': 0},                                                           
             'kappas': {'size': 0, 'pass': 0},                                                        
             'large': 0,                                                                              
             'not_found': 0                                                                           
         }                                                                                            
DEBUG    🐞:polymap.bends.interfaces:get_next_bend:359 | {} | Next bend is <class                     
         'polymap.bends.interfaces.KappaTwo'>(['corridor_2-north_0', 'corridor_2-west_1',             
         'corridor_2-south_1', 'corridor_2-west_2'])                                                  
DEBUG    🐞:polymap.bends.points:fix_vector_group_on_domain:57 | {} | surf group to heal:             
         ['corridor_2-west_1', 'corridor_2-west_2']                                                   
INFO     ℹ️:polymap.bends.main:remove_all_bends_from_domain:123 | {} | Successfully completed iteration
         for (5064, corridor_2)                                                                       
                                                                                                      
INFO     ℹ️:polymap.bends.main:remove_all_bends_from_domain:61 | {} | Starting to clean (5064, room_3) 
INFO     ℹ️:polymap.bends.main:remove_all_bends_from_domain:77 | {} | No small surfaces for (5064,     
         room_3). Ending iteration...                                                                 
                                                                                                      
INFO     ℹ️:polymap.bends.main:remove_all_bends_from_domain:61 | {} | Starting to clean (5064, shaft_4)
INFO     ℹ️:polymap.bends.main:remove_all_bends_from_domain:77 | {} | No small surfaces for (5064,     
         shaft_4). Ending iteration...                                                                
                                                                                                      
INFO     ℹ️:polymap.bends.main:remove_all_bends_from_domain:61 | {} | Starting to clean (5064,         
         balcony_5)                                                                                   
INFO     ℹ️:polymap.bends.main:remove_all_bends_from_domain:77 | {} | No small surfaces for (5064,     
         balcony_5). Ending iteration...                                                              
                                                                                                      
INFO     ℹ️:polymap.bends.main:remove_all_bends_from_domain:61 | {} | Starting to clean (5064, room_6) 
INFO     ℹ️:polymap.bends.main:remove_all_bends_from_domain:80 | {} | Starting iteration for (5064,    
         room_6)                                                                                      
TRACE    ✏️:polymap.bends.bends:assign_bends:73 | {} | components = [{'room_6-east_0',                 
         'room_6-south_1'}]                                                                           
TRACE    ✏️:polymap.bends.graph:order_nodes_based_on_graph:142 | {} | ['room_6-south_1',               
         'room_6-east_0']                                                                             
TRACE    ✏️:polymap.bends.graph:order_nodes_based_on_graph:150 | {} | [('room_6-south_1',              
         'room_6-east_0')]                                                                            
TRACE    ✏️:polymap.bends.graph:handle_components:174 | {} | {                                         
             'orig_nodes': ['room_6-east_0', 'room_6-south_1'],                                       
             'ordered': ['room_6-south_1', 'room_6-east_0']                                           
         }                                                                                            
DEBUG    🐞:polymap.bends.interfaces:get_next_bend:358 | {} | BendHolder: {                           
             'pi2s': {'size': 0, 'pass': 0},                                                          
             'pi3s': {'size': 0, 'pass': 0},                                                          
             'kappa2s': {'size': 1, 'pass': 1},                                                       
             'pis': {'size': 0, 'pass': 0},                                                           
             'kappas': {'size': 0, 'pass': 0},                                                        
             'large': 0,                                                                              
             'not_found': 0                                                                           
         }                                                                                            
DEBUG    🐞:polymap.bends.interfaces:get_next_bend:359 | {} | Next bend is <class                     
         'polymap.bends.interfaces.KappaTwo'>(['room_6-east_1', 'room_6-south_1', 'room_6-east_0',    
         'room_6-south_0'])                                                                           
DEBUG    🐞:polymap.bends.points:fix_vector_group_on_domain:57 | {} | surf group to heal:             
         ['room_6-south_1', 'room_6-south_0']                                                         
INFO     ℹ️:polymap.bends.main:remove_all_bends_from_domain:123 | {} | Successfully completed iteration
         for (5064, room_6)                                                                           
                                                                                                      
INFO     ℹ️:polymap.bends.main:remove_all_bends_from_domain:61 | {} | Starting to clean (5064, shaft_7)
INFO     ℹ️:polymap.bends.main:remove_all_bends_from_domain:77 | {} | No small surfaces for (5064,     
         shaft_7). Ending iteration...                                                                
                                                                                                      
INFO     ℹ️:polymap.geometry.modify.precision:decrease_layout_precision:75 | {} | New precision is 3   
