INFO     ℹ️:polymap.layout.main.plan:summarize_graph_list:89 | {} | [                                  
             {('bathroom_11-east_0', 'storeroom_21-west_0'): 0.17499999999999982},                    
             {('storeroom_14-east_0', 'corridor_8-west_0'): 0.12600000000000033},                     
             {('bathroom_11-east_1', 'corridor_15-west_0'): 0.12300000000000022},                     
             {('storeroom_21-east_0', 'corridor_15-west_0'): 0.12300000000000022},                    
             {('kitchen_12-east_1', 'shaft_4-west_0'): 0.18999999999999995},                          
             {('shaft_4-east_0', 'room_1-west_0'): 0.31400000000000006},                              
             {('kitchen_12-east_2', 'room_1-west_0'): 0.18999999999999995},                           
             {('kitchen_12-east_0', 'room_1-west_0'): 0.18999999999999995},                           
             {('room_20-east_0', 'room_9-west_0'): 0.17700000000000005},                              
             {('room_20-east_0', 'shaft_13-west_0'): 0.17700000000000005},                            
             {('room_20-east_0', 'shaft_6-west_0'): 0.17700000000000005},                             
             {('shaft_6-east_0', 'room_9-west_1'): 0.2540000000000002},                               
             {('shaft_13-east_0', 'room_9-west_1'): 0.2540000000000002},                              
             {('corridor_8-east_0', 'corridor_25-west_0'): 0.17700000000000005},                      
             {('corridor_15-east_0', 'corridor_25-west_0'): 0.17700000000000005},                     
             {('room_1-east_1', 'shaft_3-west_0'): 0.235},                                            
             {('corridor_25-east_3', 'shaft_22-west_0'): 0.06000000000000005},                        
             {('corridor_25-east_1', 'room_2-west_0'): 0.529},                                        
             {('corridor_25-east_1', 'shaft_16-west_0'): 0.247},                                      
             {('room_9-east_1', 'shaft_19-west_0'): 0.136},                                           
             {('room_1-east_2', 'bathroom_10-west_0'): 0.21099999999999985},                          
             {('room_1-east_2', 'storeroom_7-west_0'): 0.21099999999999985},                          
             {('room_1-east_0', 'bathroom_10-west_0'): 0.21099999999999985},                          
             {('shaft_3-east_0', 'bathroom_10-west_0'): 0.21099999999999985},                         
             {('shaft_22-east_0', 'room_2-west_1'): 0.22199999999999998},                             
             {('corridor_25-east_2', 'room_2-west_1'): 0.22199999999999998},                          
             {('corridor_25-east_0', 'room_17-west_0'): 0.18700000000000006},                         
             {('room_9-east_0', 'room_17-west_0'): 0.17600000000000005},                              
             {('shaft_16-east_0', 'room_2-west_1'): 0.137},                                           
             {('shaft_19-east_0', 'room_17-west_0'): 0.129},                                          
             {('storeroom_7-east_0', 'bathroom_10-west_1'): 0.06999999999999984},                     
             {('bathroom_10-east_1', 'storeroom_23-west_1'): 0.07000000000000028},                    
             {('bathroom_10-east_0', 'storeroom_23-west_0'): 0.07800000000000029},                    
             {('room_17-east_0', 'storeroom_0-west_0'): 0.0730000000000004},                          
             {('room_2-east_2', 'storeroom_5-west_0'): 0.08499999999999996},                          
             {('room_2-east_0', 'storeroom_24-west_0'): 0.08499999999999996},                         
             {('room_17-east_1', 'storeroom_0-west_2'): 0.07800000000000029},                         
             {('storeroom_24-east_0', 'balcony_18-west_0'): 0.3850000000000007},                      
             {('room_2-east_1', 'balcony_18-west_0'): 0.38200000000000056},                           
             {('storeroom_5-east_0', 'balcony_18-west_0'): 0.3810000000000002}                        
         ]                                                                                            
INFO     ℹ️:polymap.layout.viz:collect_node_edges:37 | {} | {                                          
             ('bathroom_11-east_0', 'storeroom_21-west_0'): 0,                                        
             ('storeroom_14-east_0', 'corridor_8-west_0'): 1,                                         
             ('storeroom_21-east_0', 'corridor_15-west_0'): 2,                                        
             ('bathroom_11-east_1', 'corridor_15-west_0'): 3,                                         
             ('kitchen_12-east_1', 'shaft_4-west_0'): 4,                                              
             ('shaft_4-east_0', 'room_1-west_0'): 5,                                                  
             ('kitchen_12-east_0', 'room_1-west_0'): 6,                                               
             ('kitchen_12-east_2', 'room_1-west_0'): 7,                                               
             ('room_20-east_0', 'room_9-west_0'): 8,                                                  
             ('room_20-east_0', 'shaft_13-west_0'): 9,                                                
             ('room_20-east_0', 'shaft_6-west_0'): 10,                                                
             ('shaft_13-east_0', 'room_9-west_1'): 11,                                                
             ('shaft_6-east_0', 'room_9-west_1'): 12,                                                 
             ('corridor_15-east_0', 'corridor_25-west_0'): 13,                                        
             ('corridor_8-east_0', 'corridor_25-west_0'): 14,                                         
             ('room_1-east_1', 'shaft_3-west_0'): 15,                                                 
             ('corridor_25-east_3', 'shaft_22-west_0'): 16,                                           
             ('corridor_25-east_1', 'room_2-west_0'): 17,                                             
             ('corridor_25-east_1', 'shaft_16-west_0'): 18,                                           
             ('room_9-east_1', 'shaft_19-west_0'): 19,                                                
             ('corridor_25-east_2', 'room_2-west_1'): 20,                                             
             ('shaft_22-east_0', 'room_2-west_1'): 21,                                                
             ('room_1-east_0', 'bathroom_10-west_0'): 22,                                             
             ('shaft_3-east_0', 'bathroom_10-west_0'): 23,                                            
             ('room_1-east_2', 'bathroom_10-west_0'): 24,                                             
             ('room_1-east_2', 'storeroom_7-west_0'): 25,                                             
             ('corridor_25-east_0', 'room_17-west_0'): 26,                                            
             ('room_9-east_0', 'room_17-west_0'): 27,                                                 
             ('shaft_16-east_0', 'room_2-west_1'): 28,                                                
             ('shaft_19-east_0', 'room_17-west_0'): 29,                                               
             ('storeroom_7-east_0', 'bathroom_10-west_1'): 30,                                        
             ('bathroom_10-east_1', 'storeroom_23-west_1'): 31,                                       
             ('room_17-east_0', 'storeroom_0-west_0'): 32,                                            
             ('bathroom_10-east_0', 'storeroom_23-west_0'): 33,                                       
             ('room_2-east_2', 'storeroom_5-west_0'): 34,                                             
             ('room_2-east_0', 'storeroom_24-west_0'): 35,                                            
             ('room_17-east_1', 'storeroom_0-west_2'): 36,                                            
             ('storeroom_24-east_0', 'balcony_18-west_0'): 37,                                        
             ('room_2-east_1', 'balcony_18-west_0'): 38,                                              
             ('storeroom_5-east_0', 'balcony_18-west_0'): 39                                          
         }                                                                                            
