INFO     ℹ️:polymap.bends.main:remove_all_bends_from_domain:61 | {} | Starting to clean (6303,         
         living_dining_0)                                                                             
INFO     ℹ️:polymap.bends.main:remove_all_bends_from_domain:80 | {} | Starting iteration for (6303,    
         living_dining_0)                                                                             
TRACE    ✏️:polymap.bends.bends:assign_bends:73 | {} | components = [{'living_dining_0-east_2',        
         'living_dining_0-north_1'}]                                                                  
TRACE    ✏️:polymap.bends.graph:order_nodes_based_on_graph:142 | {} | ['living_dining_0-east_2',       
         'living_dining_0-north_1']                                                                   
TRACE    ✏️:polymap.bends.graph:order_nodes_based_on_graph:150 | {} | [('living_dining_0-east_2',      
         'living_dining_0-north_1')]                                                                  
TRACE    ✏️:polymap.bends.graph:handle_components:174 | {} | {                                         
             'orig_nodes': ['living_dining_0-east_2', 'living_dining_0-north_1'],                     
             'ordered': ['living_dining_0-east_2', 'living_dining_0-north_1']                         
         }                                                                                            
DEBUG    🐞:polymap.bends.interfaces:get_next_bend:358 | {} | BendHolder: {                           
             'pi2s': {'size': 0, 'pass': 0},                                                          
             'pi3s': {'size': 0, 'pass': 0},                                                          
             'kappa2s': {'size': 1, 'pass': 1},                                                       
             'pis': {'size': 0, 'pass': 0},                                                           
             'kappas': {'size': 0, 'pass': 0},                                                        
             'large': 0,                                                                              
             'not_found': 0                                                                           
         }                                                                                            
DEBUG    🐞:polymap.bends.interfaces:get_next_bend:359 | {} | Next bend is <class                     
         'polymap.bends.interfaces.KappaTwo'>(['living_dining_0-north_0', 'living_dining_0-east_2',   
         'living_dining_0-north_1', 'living_dining_0-west_1'])                                        
DEBUG    🐞:polymap.bends.points:fix_vector_group_on_domain:57 | {} | surf group to heal:             
         ['living_dining_0-north_0', 'living_dining_0-north_1']                                       
INFO     ℹ️:polymap.bends.main:remove_all_bends_from_domain:123 | {} | Successfully completed iteration
         for (6303, living_dining_0)                                                                  
                                                                                                      
INFO     ℹ️:polymap.bends.main:remove_all_bends_from_domain:61 | {} | Starting to clean (6303,         
         kitchen_1)                                                                                   
INFO     ℹ️:polymap.bends.main:remove_all_bends_from_domain:80 | {} | Starting iteration for (6303,    
         kitchen_1)                                                                                   
TRACE    ✏️:polymap.bends.bends:assign_bends:73 | {} | components = [{'kitchen_1-west_1'}]             
DEBUG    🐞:polymap.bends.interfaces:get_next_bend:358 | {} | BendHolder: {                           
             'pi2s': {'size': 0, 'pass': 0},                                                          
             'pi3s': {'size': 0, 'pass': 0},                                                          
             'kappa2s': {'size': 0, 'pass': 0},                                                       
             'pis': {'size': 0, 'pass': 0},                                                           
             'kappas': {'size': 1, 'pass': 1},                                                        
             'large': 0,                                                                              
             'not_found': 0                                                                           
         }                                                                                            
DEBUG    🐞:polymap.bends.interfaces:get_next_bend:359 | {} | Next bend is <class                     
         'polymap.bends.interfaces.KappaOne'>(['kitchen_1-north_0', 'kitchen_1-west_1',               
         'kitchen_1-north_1'])                                                                        
DEBUG    🐞:polymap.bends.points:fix_vector_group_on_domain:57 | {} | surf group to heal:             
         ['kitchen_1-north_0', 'kitchen_1-north_1']                                                   
INFO     ℹ️:polymap.bends.main:remove_all_bends_from_domain:123 | {} | Successfully completed iteration
         for (6303, kitchen_1)                                                                        
                                                                                                      
INFO     ℹ️:polymap.bends.main:remove_all_bends_from_domain:61 | {} | Starting to clean (6303, room_2) 
INFO     ℹ️:polymap.bends.main:remove_all_bends_from_domain:80 | {} | Starting iteration for (6303,    
         room_2)                                                                                      
TRACE    ✏️:polymap.bends.bends:assign_bends:73 | {} | components = [{'room_2-east_0'}]                
DEBUG    🐞:polymap.bends.interfaces:get_next_bend:358 | {} | BendHolder: {                           
             'pi2s': {'size': 0, 'pass': 0},                                                          
             'pi3s': {'size': 0, 'pass': 0},                                                          
             'kappa2s': {'size': 0, 'pass': 0},                                                       
             'pis': {'size': 0, 'pass': 0},                                                           
             'kappas': {'size': 1, 'pass': 1},                                                        
             'large': 0,                                                                              
             'not_found': 0                                                                           
         }                                                                                            
DEBUG    🐞:polymap.bends.interfaces:get_next_bend:359 | {} | Next bend is <class                     
         'polymap.bends.interfaces.KappaOne'>(['room_2-south_1', 'room_2-east_0', 'room_2-south_0'])  
DEBUG    🐞:polymap.bends.points:fix_vector_group_on_domain:57 | {} | surf group to heal:             
         ['room_2-south_1', 'room_2-south_0']                                                         
INFO     ℹ️:polymap.bends.main:remove_all_bends_from_domain:123 | {} | Successfully completed iteration
         for (6303, room_2)                                                                           
                                                                                                      
INFO     ℹ️:polymap.bends.main:remove_all_bends_from_domain:61 | {} | Starting to clean (6303,         
         bathroom_3)                                                                                  
INFO     ℹ️:polymap.bends.main:remove_all_bends_from_domain:77 | {} | No small surfaces for (6303,     
         bathroom_3). Ending iteration...                                                             
                                                                                                      
INFO     ℹ️:polymap.bends.main:remove_all_bends_from_domain:61 | {} | Starting to clean (6303,         
         corridor_4)                                                                                  
INFO     ℹ️:polymap.bends.main:remove_all_bends_from_domain:80 | {} | Starting iteration for (6303,    
         corridor_4)                                                                                  
TRACE    ✏️:polymap.bends.bends:assign_bends:73 | {} | components = [{'corridor_4-south_0',            
         'corridor_4-west_1'}]                                                                        
TRACE    ✏️:polymap.bends.graph:order_nodes_based_on_graph:142 | {} | ['corridor_4-south_0',           
         'corridor_4-west_1']                                                                         
TRACE    ✏️:polymap.bends.graph:order_nodes_based_on_graph:150 | {} | [('corridor_4-south_0',          
         'corridor_4-west_1')]                                                                        
TRACE    ✏️:polymap.bends.graph:handle_components:174 | {} | {                                         
             'orig_nodes': ['corridor_4-south_0', 'corridor_4-west_1'],                               
             'ordered': ['corridor_4-south_0', 'corridor_4-west_1']                                   
         }                                                                                            
DEBUG    🐞:polymap.bends.interfaces:get_next_bend:358 | {} | BendHolder: {                           
             'pi2s': {'size': 0, 'pass': 0},                                                          
             'pi3s': {'size': 0, 'pass': 0},                                                          
             'kappa2s': {'size': 1, 'pass': 1},                                                       
             'pis': {'size': 0, 'pass': 0},                                                           
             'kappas': {'size': 0, 'pass': 0},                                                        
             'large': 0,                                                                              
             'not_found': 0                                                                           
         }                                                                                            
DEBUG    🐞:polymap.bends.interfaces:get_next_bend:359 | {} | Next bend is <class                     
         'polymap.bends.interfaces.KappaTwo'>(['corridor_4-west_0', 'corridor_4-south_0',             
         'corridor_4-west_1', 'corridor_4-north_0'])                                                  
DEBUG    🐞:polymap.bends.points:fix_vector_group_on_domain:57 | {} | surf group to heal:             
         ['corridor_4-west_0', 'corridor_4-west_1']                                                   
INFO     ℹ️:polymap.bends.main:remove_all_bends_from_domain:123 | {} | Successfully completed iteration
         for (6303, corridor_4)                                                                       
                                                                                                      
INFO     ℹ️:polymap.geometry.modify.precision:decrease_layout_precision:75 | {} | New precision is 3   
