INFO     ℹ️:polymap.bends.main:remove_all_bends_from_domain:61 | {} | Starting to clean (5058, room_0) 
INFO     ℹ️:polymap.bends.main:remove_all_bends_from_domain:77 | {} | No small surfaces for (5058,     
         room_0). Ending iteration...                                                                 
                                                                                                      
INFO     ℹ️:polymap.bends.main:remove_all_bends_from_domain:61 | {} | Starting to clean (5058,         
         bathroom_1)                                                                                  
INFO     ℹ️:polymap.bends.main:remove_all_bends_from_domain:80 | {} | Starting iteration for (5058,    
         bathroom_1)                                                                                  
TRACE    ✏️:polymap.bends.bends:assign_bends:73 | {} | components = [{'bathroom_1-east_5',             
         'bathroom_1-south_6', 'bathroom_1-east_4', 'bathroom_1-north_2', 'bathroom_1-east_3',        
         'bathroom_1-south_5'}, {'bathroom_1-south_3', 'bathroom_1-west_1', 'bathroom_1-west_2'},     
         {'bathroom_1-east_1', 'bathroom_1-south_1'}]                                                 
TRACE    ✏️:polymap.bends.graph:order_nodes_based_on_graph:142 | {} | ['bathroom_1-east_5',            
         'bathroom_1-south_6', 'bathroom_1-east_4', 'bathroom_1-south_5', 'bathroom_1-east_3',        
         'bathroom_1-north_2']                                                                        
TRACE    ✏️:polymap.bends.graph:order_nodes_based_on_graph:146 | {} | [['bathroom_1-east_5',           
         'bathroom_1-south_6', 'bathroom_1-east_4', 'bathroom_1-south_5', 'bathroom_1-east_3',        
         'bathroom_1-north_2']]                                                                       
TRACE    ✏️:polymap.bends.graph:handle_components:174 | {} | {                                         
             'orig_nodes': [                                                                          
                 'bathroom_1-east_5',                                                                 
                 'bathroom_1-south_6',                                                                
                 'bathroom_1-east_4',                                                                 
                 'bathroom_1-north_2',                                                                
                 'bathroom_1-east_3',                                                                 
                 'bathroom_1-south_5'                                                                 
             ],                                                                                       
             'ordered': [                                                                             
                 'bathroom_1-east_5',                                                                 
                 'bathroom_1-south_6',                                                                
                 'bathroom_1-east_4',                                                                 
                 'bathroom_1-south_5',                                                                
                 'bathroom_1-east_3',                                                                 
                 'bathroom_1-north_2'                                                                 
             ]                                                                                        
         }                                                                                            
TRACE    ✏️:polymap.bends.graph:order_nodes_based_on_graph:142 | {} | ['bathroom_1-west_1',            
         'bathroom_1-south_3', 'bathroom_1-west_2']                                                   
TRACE    ✏️:polymap.bends.graph:order_nodes_based_on_graph:146 | {} | [['bathroom_1-west_1',           
         'bathroom_1-south_3', 'bathroom_1-west_2']]                                                  
TRACE    ✏️:polymap.bends.graph:handle_components:174 | {} | {                                         
             'orig_nodes': [                                                                          
                 'bathroom_1-south_3',                                                                
                 'bathroom_1-west_1',                                                                 
                 'bathroom_1-west_2'                                                                  
             ],                                                                                       
             'ordered': [                                                                             
                 'bathroom_1-west_1',                                                                 
                 'bathroom_1-south_3',                                                                
                 'bathroom_1-west_2'                                                                  
             ]                                                                                        
         }                                                                                            
TRACE    ✏️:polymap.bends.graph:order_nodes_based_on_graph:142 | {} | ['bathroom_1-east_5',            
         'bathroom_1-south_6', 'bathroom_1-east_4', 'bathroom_1-south_5', 'bathroom_1-east_3',        
         'bathroom_1-north_2']                                                                        
TRACE    ✏️:polymap.bends.graph:order_nodes_based_on_graph:146 | {} | [['bathroom_1-east_5',           
         'bathroom_1-south_6', 'bathroom_1-east_4', 'bathroom_1-south_5', 'bathroom_1-east_3',        
         'bathroom_1-north_2']]                                                                       
TRACE    ✏️:polymap.bends.graph:handle_components:174 | {} | {                                         
             'orig_nodes': [                                                                          
                 'bathroom_1-east_5',                                                                 
                 'bathroom_1-south_6',                                                                
                 'bathroom_1-east_4',                                                                 
                 'bathroom_1-north_2',                                                                
                 'bathroom_1-east_3',                                                                 
                 'bathroom_1-south_5'                                                                 
             ],                                                                                       
             'ordered': [                                                                             
                 'bathroom_1-east_5',                                                                 
                 'bathroom_1-south_6',                                                                
                 'bathroom_1-east_4',                                                                 
                 'bathroom_1-south_5',                                                                
                 'bathroom_1-east_3',                                                                 
                 'bathroom_1-north_2'                                                                 
             ]                                                                                        
         }                                                                                            
TRACE    ✏️:polymap.bends.graph:order_nodes_based_on_graph:142 | {} | ['bathroom_1-west_1',            
         'bathroom_1-south_3', 'bathroom_1-west_2']                                                   
TRACE    ✏️:polymap.bends.graph:order_nodes_based_on_graph:146 | {} | [['bathroom_1-west_1',           
         'bathroom_1-south_3', 'bathroom_1-west_2']]                                                  
TRACE    ✏️:polymap.bends.graph:handle_components:174 | {} | {                                         
             'orig_nodes': [                                                                          
                 'bathroom_1-south_3',                                                                
                 'bathroom_1-west_1',                                                                 
                 'bathroom_1-west_2'                                                                  
             ],                                                                                       
             'ordered': [                                                                             
                 'bathroom_1-west_1',                                                                 
                 'bathroom_1-south_3',                                                                
                 'bathroom_1-west_2'                                                                  
             ]                                                                                        
         }                                                                                            
TRACE    ✏️:polymap.bends.graph:order_nodes_based_on_graph:142 | {} | ['bathroom_1-east_1',            
         'bathroom_1-south_1']                                                                        
TRACE    ✏️:polymap.bends.graph:order_nodes_based_on_graph:150 | {} | [('bathroom_1-east_1',           
         'bathroom_1-south_1')]                                                                       
TRACE    ✏️:polymap.bends.graph:handle_components:174 | {} | {                                         
             'orig_nodes': ['bathroom_1-east_1', 'bathroom_1-south_1'],                               
             'ordered': ['bathroom_1-east_1', 'bathroom_1-south_1']                                   
         }                                                                                            
TRACE    ✏️:polymap.bends.graph:order_nodes_based_on_graph:142 | {} | ['bathroom_1-east_5',            
         'bathroom_1-south_6', 'bathroom_1-east_4', 'bathroom_1-south_5', 'bathroom_1-east_3',        
         'bathroom_1-north_2']                                                                        
TRACE    ✏️:polymap.bends.graph:order_nodes_based_on_graph:146 | {} | [['bathroom_1-east_5',           
         'bathroom_1-south_6', 'bathroom_1-east_4', 'bathroom_1-south_5', 'bathroom_1-east_3',        
         'bathroom_1-north_2']]                                                                       
TRACE    ✏️:polymap.bends.graph:handle_components:174 | {} | {                                         
             'orig_nodes': [                                                                          
                 'bathroom_1-east_5',                                                                 
                 'bathroom_1-south_6',                                                                
                 'bathroom_1-east_4',                                                                 
                 'bathroom_1-north_2',                                                                
                 'bathroom_1-east_3',                                                                 
                 'bathroom_1-south_5'                                                                 
             ],                                                                                       
             'ordered': [                                                                             
                 'bathroom_1-east_5',                                                                 
                 'bathroom_1-south_6',                                                                
                 'bathroom_1-east_4',                                                                 
                 'bathroom_1-south_5',                                                                
                 'bathroom_1-east_3',                                                                 
                 'bathroom_1-north_2'                                                                 
             ]                                                                                        
         }                                                                                            
TRACE    ✏️:polymap.bends.graph:order_nodes_based_on_graph:142 | {} | ['bathroom_1-west_1',            
         'bathroom_1-south_3', 'bathroom_1-west_2']                                                   
TRACE    ✏️:polymap.bends.graph:order_nodes_based_on_graph:146 | {} | [['bathroom_1-west_1',           
         'bathroom_1-south_3', 'bathroom_1-west_2']]                                                  
TRACE    ✏️:polymap.bends.graph:handle_components:174 | {} | {                                         
             'orig_nodes': [                                                                          
                 'bathroom_1-south_3',                                                                
                 'bathroom_1-west_1',                                                                 
                 'bathroom_1-west_2'                                                                  
             ],                                                                                       
             'ordered': [                                                                             
                 'bathroom_1-west_1',                                                                 
                 'bathroom_1-south_3',                                                                
                 'bathroom_1-west_2'                                                                  
             ]                                                                                        
         }                                                                                            
DEBUG    🐞:polymap.bends.interfaces:get_next_bend:358 | {} | BendHolder: {                           
             'pi2s': {'size': 1, 'pass': 1},                                                          
             'pi3s': {'size': 0, 'pass': 0},                                                          
             'kappa2s': {'size': 6, 'pass': 6},                                                       
             'pis': {'size': 0, 'pass': 0},                                                           
             'kappas': {'size': 0, 'pass': 0},                                                        
             'large': 2,                                                                              
             'not_found': 0                                                                           
         }                                                                                            
DEBUG    🐞:polymap.bends.interfaces:get_next_bend:359 | {} | Next bend is <class                     
         'polymap.bends.interfaces.PiTwo'>(['bathroom_1-south_3', 'bathroom_1-west_2',                
         'bathroom_1-south_2', 'bathroom_1-east_1', 'bathroom_1-south_1'])                            
DEBUG    🐞:polymap.bends.points:fix_vector_group_on_domain:57 | {} | surf group to heal:             
         ['bathroom_1-south_2', 'bathroom_1-south_1']                                                 
TRACE    ✏️:polymap.bends.bends:assign_bends:73 | {} | components = [{'bathroom_1-east_5',             
         'bathroom_1-east_4', 'bathroom_1-north_2', 'bathroom_1-south_4', 'bathroom_1-east_3',        
         'bathroom_1-south_5'}, {'bathroom_1-east_1', 'bathroom_1-west_1', 'bathroom_1-south_2'}]     
TRACE    ✏️:polymap.bends.graph:order_nodes_based_on_graph:142 | {} | ['bathroom_1-east_5',            
         'bathroom_1-south_5', 'bathroom_1-east_4', 'bathroom_1-south_4', 'bathroom_1-east_3',        
         'bathroom_1-north_2']                                                                        
TRACE    ✏️:polymap.bends.graph:order_nodes_based_on_graph:146 | {} | [['bathroom_1-east_5',           
         'bathroom_1-south_5', 'bathroom_1-east_4', 'bathroom_1-south_4', 'bathroom_1-east_3',        
         'bathroom_1-north_2']]                                                                       
TRACE    ✏️:polymap.bends.graph:handle_components:174 | {} | {                                         
             'orig_nodes': [                                                                          
                 'bathroom_1-east_5',                                                                 
                 'bathroom_1-east_4',                                                                 
                 'bathroom_1-north_2',                                                                
                 'bathroom_1-south_4',                                                                
                 'bathroom_1-east_3',                                                                 
                 'bathroom_1-south_5'                                                                 
             ],                                                                                       
             'ordered': [                                                                             
                 'bathroom_1-east_5',                                                                 
                 'bathroom_1-south_5',                                                                
                 'bathroom_1-east_4',                                                                 
                 'bathroom_1-south_4',                                                                
                 'bathroom_1-east_3',                                                                 
                 'bathroom_1-north_2'                                                                 
             ]                                                                                        
         }                                                                                            
TRACE    ✏️:polymap.bends.graph:order_nodes_based_on_graph:142 | {} | ['bathroom_1-west_1',            
         'bathroom_1-south_2', 'bathroom_1-east_1']                                                   
TRACE    ✏️:polymap.bends.graph:order_nodes_based_on_graph:146 | {} | [['bathroom_1-west_1',           
         'bathroom_1-south_2', 'bathroom_1-east_1']]                                                  
TRACE    ✏️:polymap.bends.graph:handle_components:174 | {} | {                                         
             'orig_nodes': [                                                                          
                 'bathroom_1-east_1',                                                                 
                 'bathroom_1-west_1',                                                                 
                 'bathroom_1-south_2'                                                                 
             ],                                                                                       
             'ordered': [                                                                             
                 'bathroom_1-west_1',                                                                 
                 'bathroom_1-south_2',                                                                
                 'bathroom_1-east_1'                                                                  
             ]                                                                                        
         }                                                                                            
TRACE    ✏️:polymap.bends.graph:order_nodes_based_on_graph:142 | {} | ['bathroom_1-east_5',            
         'bathroom_1-south_5', 'bathroom_1-east_4', 'bathroom_1-south_4', 'bathroom_1-east_3',        
         'bathroom_1-north_2']                                                                        
TRACE    ✏️:polymap.bends.graph:order_nodes_based_on_graph:146 | {} | [['bathroom_1-east_5',           
         'bathroom_1-south_5', 'bathroom_1-east_4', 'bathroom_1-south_4', 'bathroom_1-east_3',        
         'bathroom_1-north_2']]                                                                       
TRACE    ✏️:polymap.bends.graph:handle_components:174 | {} | {                                         
             'orig_nodes': [                                                                          
                 'bathroom_1-east_5',                                                                 
                 'bathroom_1-east_4',                                                                 
                 'bathroom_1-north_2',                                                                
                 'bathroom_1-south_4',                                                                
                 'bathroom_1-east_3',                                                                 
                 'bathroom_1-south_5'                                                                 
             ],                                                                                       
             'ordered': [                                                                             
                 'bathroom_1-east_5',                                                                 
                 'bathroom_1-south_5',                                                                
                 'bathroom_1-east_4',                                                                 
                 'bathroom_1-south_4',                                                                
                 'bathroom_1-east_3',                                                                 
                 'bathroom_1-north_2'                                                                 
             ]                                                                                        
         }                                                                                            
DEBUG    🐞:polymap.bends.interfaces:get_next_bend:358 | {} | BendHolder: {                           
             'pi2s': {'size': 0, 'pass': 0},                                                          
             'pi3s': {'size': 1, 'pass': 1},                                                          
             'kappa2s': {'size': 2, 'pass': 2},                                                       
             'pis': {'size': 0, 'pass': 0},                                                           
             'kappas': {'size': 0, 'pass': 0},                                                        
             'large': 1,                                                                              
             'not_found': 0                                                                           
         }                                                                                            
DEBUG    🐞:polymap.bends.interfaces:get_next_bend:359 | {} | Next bend is <class                     
         'polymap.bends.interfaces.PiThree'>(['bathroom_1-south_3', 'bathroom_1-west_1',              
         'bathroom_1-south_2', 'bathroom_1-east_1', 'bathroom_1-south_1'])                            
DEBUG    🐞:polymap.bends.points:fix_vector_group_on_domain:57 | {} | surf group to heal:             
         ['bathroom_1-south_2', 'bathroom_1-south_1']                                                 
TRACE    ✏️:polymap.bends.bends:assign_bends:73 | {} | components = [{'bathroom_1-east_5',             
         'bathroom_1-east_4', 'bathroom_1-south_3', 'bathroom_1-north_2', 'bathroom_1-south_4',       
         'bathroom_1-east_3'}, {'bathroom_1-east_1'}]                                                 
TRACE    ✏️:polymap.bends.graph:order_nodes_based_on_graph:142 | {} | ['bathroom_1-east_5',            
         'bathroom_1-south_4', 'bathroom_1-east_4', 'bathroom_1-south_3', 'bathroom_1-east_3',        
         'bathroom_1-north_2']                                                                        
TRACE    ✏️:polymap.bends.graph:order_nodes_based_on_graph:146 | {} | [['bathroom_1-east_5',           
         'bathroom_1-south_4', 'bathroom_1-east_4', 'bathroom_1-south_3', 'bathroom_1-east_3',        
         'bathroom_1-north_2']]                                                                       
TRACE    ✏️:polymap.bends.graph:handle_components:174 | {} | {                                         
             'orig_nodes': [                                                                          
                 'bathroom_1-east_5',                                                                 
                 'bathroom_1-east_4',                                                                 
                 'bathroom_1-south_3',                                                                
                 'bathroom_1-north_2',                                                                
                 'bathroom_1-south_4',                                                                
                 'bathroom_1-east_3'                                                                  
             ],                                                                                       
             'ordered': [                                                                             
                 'bathroom_1-east_5',                                                                 
                 'bathroom_1-south_4',                                                                
                 'bathroom_1-east_4',                                                                 
                 'bathroom_1-south_3',                                                                
                 'bathroom_1-east_3',                                                                 
                 'bathroom_1-north_2'                                                                 
             ]                                                                                        
         }                                                                                            
DEBUG    🐞:polymap.bends.interfaces:get_next_bend:358 | {} | BendHolder: {                           
             'pi2s': {'size': 0, 'pass': 0},                                                          
             'pi3s': {'size': 0, 'pass': 0},                                                          
             'kappa2s': {'size': 1, 'pass': 1},                                                       
             'pis': {'size': 0, 'pass': 0},                                                           
             'kappas': {'size': 1, 'pass': 1},                                                        
             'large': 1,                                                                              
             'not_found': 0                                                                           
         }                                                                                            
DEBUG    🐞:polymap.bends.interfaces:get_next_bend:359 | {} | Next bend is <class                     
         'polymap.bends.interfaces.KappaTwo'>(['bathroom_1-north_1', 'bathroom_1-east_5',             
         'bathroom_1-south_4', 'bathroom_1-east_4'])                                                  
DEBUG    🐞:polymap.bends.points:fix_vector_group_on_domain:57 | {} | surf group to heal:             
         ['bathroom_1-east_5', 'bathroom_1-east_4']                                                   
TRACE    ✏️:polymap.bends.bends:assign_bends:73 | {} | components = [{'bathroom_1-north_1',            
         'bathroom_1-east_4', 'bathroom_1-south_3', 'bathroom_1-north_2', 'bathroom_1-east_3'},       
         {'bathroom_1-east_1'}]                                                                       
TRACE    ✏️:polymap.bends.graph:order_nodes_based_on_graph:142 | {} | ['bathroom_1-north_1',           
         'bathroom_1-east_4', 'bathroom_1-south_3', 'bathroom_1-east_3', 'bathroom_1-north_2']        
TRACE    ✏️:polymap.bends.graph:order_nodes_based_on_graph:146 | {} | [['bathroom_1-north_1',          
         'bathroom_1-east_4', 'bathroom_1-south_3', 'bathroom_1-east_3', 'bathroom_1-north_2']]       
TRACE    ✏️:polymap.bends.graph:handle_components:174 | {} | {                                         
             'orig_nodes': [                                                                          
                 'bathroom_1-north_1',                                                                
                 'bathroom_1-east_4',                                                                 
                 'bathroom_1-south_3',                                                                
                 'bathroom_1-north_2',                                                                
                 'bathroom_1-east_3'                                                                  
             ],                                                                                       
             'ordered': [                                                                             
                 'bathroom_1-north_1',                                                                
                 'bathroom_1-east_4',                                                                 
                 'bathroom_1-south_3',                                                                
                 'bathroom_1-east_3',                                                                 
                 'bathroom_1-north_2'                                                                 
             ]                                                                                        
         }                                                                                            
DEBUG    🐞:polymap.bends.interfaces:get_next_bend:358 | {} | BendHolder: {                           
             'pi2s': {'size': 0, 'pass': 0},                                                          
             'pi3s': {'size': 0, 'pass': 0},                                                          
             'kappa2s': {'size': 1, 'pass': 1},                                                       
             'pis': {'size': 0, 'pass': 0},                                                           
             'kappas': {'size': 1, 'pass': 1},                                                        
             'large': 1,                                                                              
             'not_found': 0                                                                           
         }                                                                                            
DEBUG    🐞:polymap.bends.interfaces:get_next_bend:359 | {} | Next bend is <class                     
         'polymap.bends.interfaces.KappaTwo'>(['bathroom_1-east_5', 'bathroom_1-north_1',             
         'bathroom_1-east_4', 'bathroom_1-south_3'])                                                  
DEBUG    🐞:polymap.bends.points:fix_vector_group_on_domain:57 | {} | surf group to heal:             
         ['bathroom_1-east_5', 'bathroom_1-east_4']                                                   
TRACE    ✏️:polymap.bends.bends:assign_bends:73 | {} | components = [{'bathroom_1-north_1',            
         'bathroom_1-east_3', 'bathroom_1-north_2'}, {'bathroom_1-east_1'}]                           
TRACE    ✏️:polymap.bends.graph:order_nodes_based_on_graph:142 | {} | ['bathroom_1-north_1',           
         'bathroom_1-east_3', 'bathroom_1-north_2']                                                   
TRACE    ✏️:polymap.bends.graph:order_nodes_based_on_graph:146 | {} | [['bathroom_1-north_1',          
         'bathroom_1-east_3', 'bathroom_1-north_2']]                                                  
TRACE    ✏️:polymap.bends.graph:handle_components:174 | {} | {                                         
             'orig_nodes': [                                                                          
                 'bathroom_1-north_1',                                                                
                 'bathroom_1-east_3',                                                                 
                 'bathroom_1-north_2'                                                                 
             ],                                                                                       
             'ordered': [                                                                             
                 'bathroom_1-north_1',                                                                
                 'bathroom_1-east_3',                                                                 
                 'bathroom_1-north_2'                                                                 
             ]                                                                                        
         }                                                                                            
TRACE    ✏️:polymap.bends.graph:order_nodes_based_on_graph:142 | {} | ['bathroom_1-north_1',           
         'bathroom_1-east_3', 'bathroom_1-north_2']                                                   
TRACE    ✏️:polymap.bends.graph:order_nodes_based_on_graph:146 | {} | [['bathroom_1-north_1',          
         'bathroom_1-east_3', 'bathroom_1-north_2']]                                                  
TRACE    ✏️:polymap.bends.graph:handle_components:174 | {} | {                                         
             'orig_nodes': [                                                                          
                 'bathroom_1-north_1',                                                                
                 'bathroom_1-east_3',                                                                 
                 'bathroom_1-north_2'                                                                 
             ],                                                                                       
             'ordered': [                                                                             
                 'bathroom_1-north_1',                                                                
                 'bathroom_1-east_3',                                                                 
                 'bathroom_1-north_2'                                                                 
             ]                                                                                        
         }                                                                                            
DEBUG    🐞:polymap.bends.interfaces:get_next_bend:358 | {} | BendHolder: {                           
             'pi2s': {'size': 0, 'pass': 0},                                                          
             'pi3s': {'size': 0, 'pass': 0},                                                          
             'kappa2s': {'size': 1, 'pass': 1},                                                       
             'pis': {'size': 0, 'pass': 0},                                                           
             'kappas': {'size': 1, 'pass': 1},                                                        
             'large': 1,                                                                              
             'not_found': 0                                                                           
         }                                                                                            
DEBUG    🐞:polymap.bends.interfaces:get_next_bend:359 | {} | Next bend is <class                     
         'polymap.bends.interfaces.KappaTwo'>(['bathroom_1-east_4', 'bathroom_1-north_1',             
         'bathroom_1-east_3', 'bathroom_1-north_2'])                                                  
DEBUG    🐞:polymap.bends.points:fix_vector_group_on_domain:57 | {} | surf group to heal:             
         ['bathroom_1-north_1', 'bathroom_1-north_2']                                                 
TRACE    ✏️:polymap.bends.bends:assign_bends:73 | {} | components = [{'bathroom_1-north_1'},           
         {'bathroom_1-east_1'}]                                                                       
DEBUG    🐞:polymap.bends.interfaces:get_next_bend:358 | {} | BendHolder: {                           
             'pi2s': {'size': 0, 'pass': 0},                                                          
             'pi3s': {'size': 0, 'pass': 0},                                                          
             'kappa2s': {'size': 0, 'pass': 0},                                                       
             'pis': {'size': 0, 'pass': 0},                                                           
             'kappas': {'size': 2, 'pass': 2},                                                        
             'large': 0,                                                                              
             'not_found': 0                                                                           
         }                                                                                            
DEBUG    🐞:polymap.bends.interfaces:get_next_bend:359 | {} | Next bend is <class                     
         'polymap.bends.interfaces.KappaOne'>(['bathroom_1-east_3', 'bathroom_1-north_1',             
         'bathroom_1-east_2'])                                                                        
DEBUG    🐞:polymap.bends.points:fix_vector_group_on_domain:57 | {} | surf group to heal:             
         ['bathroom_1-east_3', 'bathroom_1-east_2']                                                   
TRACE    ✏️:polymap.bends.bends:assign_bends:73 | {} | components = [{'bathroom_1-east_1'}]            
DEBUG    🐞:polymap.bends.interfaces:get_next_bend:358 | {} | BendHolder: {                           
             'pi2s': {'size': 0, 'pass': 0},                                                          
             'pi3s': {'size': 0, 'pass': 0},                                                          
             'kappa2s': {'size': 0, 'pass': 0},                                                       
             'pis': {'size': 0, 'pass': 0},                                                           
             'kappas': {'size': 1, 'pass': 1},                                                        
             'large': 0,                                                                              
             'not_found': 0                                                                           
         }                                                                                            
DEBUG    🐞:polymap.bends.interfaces:get_next_bend:359 | {} | Next bend is <class                     
         'polymap.bends.interfaces.KappaOne'>(['bathroom_1-south_2', 'bathroom_1-east_1',             
         'bathroom_1-south_1'])                                                                       
DEBUG    🐞:polymap.bends.points:fix_vector_group_on_domain:57 | {} | surf group to heal:             
         ['bathroom_1-south_2', 'bathroom_1-south_1']                                                 
INFO     ℹ️:polymap.bends.main:remove_all_bends_from_domain:123 | {} | Successfully completed iteration
         for (5058, bathroom_1)                                                                       
                                                                                                      
INFO     ℹ️:polymap.bends.main:remove_all_bends_from_domain:61 | {} | Starting to clean (5058,         
         balcony_2)                                                                                   
INFO     ℹ️:polymap.bends.main:remove_all_bends_from_domain:77 | {} | No small surfaces for (5058,     
         balcony_2). Ending iteration...                                                              
                                                                                                      
INFO     ℹ️:polymap.bends.main:remove_all_bends_from_domain:61 | {} | Starting to clean (5058, room_3) 
INFO     ℹ️:polymap.bends.main:remove_all_bends_from_domain:80 | {} | Starting iteration for (5058,    
         room_3)                                                                                      
TRACE    ✏️:polymap.bends.bends:assign_bends:73 | {} | components = [{'room_3-south_3',                
         'room_3-west_2', 'room_3-west_0', 'room_3-south_2', 'room_3-east_0'}, {'room_3-east_2'},     
         {'room_3-east_3'}]                                                                           
TRACE    ✏️:polymap.bends.graph:order_nodes_based_on_graph:142 | {} | ['room_3-east_0',                
         'room_3-south_3', 'room_3-west_0', 'room_3-south_2', 'room_3-west_2']                        
TRACE    ✏️:polymap.bends.graph:order_nodes_based_on_graph:146 | {} | [['room_3-east_0',               
         'room_3-south_3', 'room_3-west_0', 'room_3-south_2', 'room_3-west_2']]                       
TRACE    ✏️:polymap.bends.graph:handle_components:174 | {} | {                                         
             'orig_nodes': [                                                                          
                 'room_3-south_3',                                                                    
                 'room_3-west_2',                                                                     
                 'room_3-west_0',                                                                     
                 'room_3-south_2',                                                                    
                 'room_3-east_0'                                                                      
             ],                                                                                       
             'ordered': [                                                                             
                 'room_3-east_0',                                                                     
                 'room_3-south_3',                                                                    
                 'room_3-west_0',                                                                     
                 'room_3-south_2',                                                                    
                 'room_3-west_2'                                                                      
             ]                                                                                        
         }                                                                                            
DEBUG    🐞:polymap.bends.interfaces:get_next_bend:358 | {} | BendHolder: {                           
             'pi2s': {'size': 1, 'pass': 1},                                                          
             'pi3s': {'size': 0, 'pass': 0},                                                          
             'kappa2s': {'size': 1, 'pass': 1},                                                       
             'pis': {'size': 0, 'pass': 0},                                                           
             'kappas': {'size': 1, 'pass': 1},                                                        
             'large': 1,                                                                              
             'not_found': 0                                                                           
         }                                                                                            
DEBUG    🐞:polymap.bends.interfaces:get_next_bend:359 | {} | Next bend is <class                     
         'polymap.bends.interfaces.PiTwo'>(['room_3-south_2', 'room_3-west_2', 'room_3-south_1',      
         'room_3-east_2', 'room_3-south_0'])                                                          
DEBUG    🐞:polymap.bends.points:fix_vector_group_on_domain:57 | {} | surf group to heal:             
         ['room_3-south_1', 'room_3-south_0']                                                         
TRACE    ✏️:polymap.bends.bends:assign_bends:73 | {} | components = [{'room_3-east_2',                 
         'room_3-south_1', 'room_3-west_0', 'room_3-south_2', 'room_3-east_0'}, {'room_3-east_3'}]    
TRACE    ✏️:polymap.bends.graph:order_nodes_based_on_graph:142 | {} | ['room_3-east_0',                
         'room_3-south_2', 'room_3-west_0', 'room_3-south_1', 'room_3-east_2']                        
TRACE    ✏️:polymap.bends.graph:order_nodes_based_on_graph:146 | {} | [['room_3-east_0',               
         'room_3-south_2', 'room_3-west_0', 'room_3-south_1', 'room_3-east_2']]                       
TRACE    ✏️:polymap.bends.graph:handle_components:174 | {} | {                                         
             'orig_nodes': [                                                                          
                 'room_3-east_2',                                                                     
                 'room_3-south_1',                                                                    
                 'room_3-west_0',                                                                     
                 'room_3-south_2',                                                                    
                 'room_3-east_0'                                                                      
             ],                                                                                       
             'ordered': [                                                                             
                 'room_3-east_0',                                                                     
                 'room_3-south_2',                                                                    
                 'room_3-west_0',                                                                     
                 'room_3-south_1',                                                                    
                 'room_3-east_2'                                                                      
             ]                                                                                        
         }                                                                                            
DEBUG    🐞:polymap.bends.interfaces:get_next_bend:358 | {} | BendHolder: {                           
             'pi2s': {'size': 0, 'pass': 0},                                                          
             'pi3s': {'size': 0, 'pass': 0},                                                          
             'kappa2s': {'size': 1, 'pass': 1},                                                       
             'pis': {'size': 0, 'pass': 0},                                                           
             'kappas': {'size': 1, 'pass': 1},                                                        
             'large': 1,                                                                              
             'not_found': 0                                                                           
         }                                                                                            
DEBUG    🐞:polymap.bends.interfaces:get_next_bend:359 | {} | Next bend is <class                     
         'polymap.bends.interfaces.KappaTwo'>(['room_3-south_3', 'room_3-east_0', 'room_3-south_2',   
         'room_3-west_0'])                                                                            
DEBUG    🐞:polymap.bends.points:fix_vector_group_on_domain:57 | {} | surf group to heal:             
         ['room_3-south_3', 'room_3-south_2']                                                         
TRACE    ✏️:polymap.bends.bends:assign_bends:73 | {} | components = [{'room_3-south_1',                
         'room_3-east_1', 'room_3-west_0'}, {'room_3-east_2'}]                                        
TRACE    ✏️:polymap.bends.graph:order_nodes_based_on_graph:142 | {} | ['room_3-west_0',                
         'room_3-south_1', 'room_3-east_1']                                                           
TRACE    ✏️:polymap.bends.graph:order_nodes_based_on_graph:146 | {} | [['room_3-west_0',               
         'room_3-south_1', 'room_3-east_1']]                                                          
TRACE    ✏️:polymap.bends.graph:handle_components:174 | {} | {                                         
             'orig_nodes': ['room_3-south_1', 'room_3-east_1', 'room_3-west_0'],                      
             'ordered': ['room_3-west_0', 'room_3-south_1', 'room_3-east_1']                          
         }                                                                                            
DEBUG    🐞:polymap.bends.interfaces:get_next_bend:358 | {} | BendHolder: {                           
             'pi2s': {'size': 0, 'pass': 0},                                                          
             'pi3s': {'size': 1, 'pass': 1},                                                          
             'kappa2s': {'size': 0, 'pass': 0},                                                       
             'pis': {'size': 0, 'pass': 0},                                                           
             'kappas': {'size': 1, 'pass': 1},                                                        
             'large': 0,                                                                              
             'not_found': 0                                                                           
         }                                                                                            
DEBUG    🐞:polymap.bends.interfaces:get_next_bend:359 | {} | Next bend is <class                     
         'polymap.bends.interfaces.PiThree'>(['room_3-south_2', 'room_3-west_0', 'room_3-south_1',    
         'room_3-east_1', 'room_3-south_0'])                                                          
DEBUG    🐞:polymap.bends.points:fix_vector_group_on_domain:57 | {} | surf group to heal:             
         ['room_3-south_1', 'room_3-south_0']                                                         
TRACE    ✏️:polymap.bends.bends:assign_bends:73 | {} | components = [{'room_3-east_1'},                
         {'room_3-west_0'}]                                                                           
DEBUG    🐞:polymap.bends.interfaces:get_next_bend:358 | {} | BendHolder: {                           
             'pi2s': {'size': 0, 'pass': 0},                                                          
             'pi3s': {'size': 0, 'pass': 0},                                                          
             'kappa2s': {'size': 0, 'pass': 0},                                                       
             'pis': {'size': 0, 'pass': 0},                                                           
             'kappas': {'size': 2, 'pass': 2},                                                        
             'large': 0,                                                                              
             'not_found': 0                                                                           
         }                                                                                            
DEBUG    🐞:polymap.bends.interfaces:get_next_bend:359 | {} | Next bend is <class                     
         'polymap.bends.interfaces.KappaOne'>(['room_3-north_1', 'room_3-east_1', 'room_3-north_2'])  
DEBUG    🐞:polymap.bends.points:fix_vector_group_on_domain:57 | {} | surf group to heal:             
         ['room_3-north_1', 'room_3-north_2']                                                         
TRACE    ✏️:polymap.bends.bends:assign_bends:73 | {} | components = [{'room_3-west_0'}]                
DEBUG    🐞:polymap.bends.interfaces:get_next_bend:358 | {} | BendHolder: {                           
             'pi2s': {'size': 0, 'pass': 0},                                                          
             'pi3s': {'size': 0, 'pass': 0},                                                          
             'kappa2s': {'size': 0, 'pass': 0},                                                       
             'pis': {'size': 0, 'pass': 0},                                                           
             'kappas': {'size': 1, 'pass': 1},                                                        
             'large': 0,                                                                              
             'not_found': 0                                                                           
         }                                                                                            
DEBUG    🐞:polymap.bends.interfaces:get_next_bend:359 | {} | Next bend is <class                     
         'polymap.bends.interfaces.KappaOne'>(['room_3-south_1', 'room_3-west_0', 'room_3-south_0'])  
DEBUG    🐞:polymap.bends.points:fix_vector_group_on_domain:57 | {} | surf group to heal:             
         ['room_3-south_1', 'room_3-south_0']                                                         
INFO     ℹ️:polymap.bends.main:remove_all_bends_from_domain:123 | {} | Successfully completed iteration
         for (5058, room_3)                                                                           
                                                                                                      
INFO     ℹ️:polymap.bends.main:remove_all_bends_from_domain:61 | {} | Starting to clean (5058,         
         corridor_4)                                                                                  
INFO     ℹ️:polymap.bends.main:remove_all_bends_from_domain:80 | {} | Starting iteration for (5058,    
         corridor_4)                                                                                  
TRACE    ✏️:polymap.bends.bends:assign_bends:73 | {} | components = [{'corridor_4-east_6'},            
         {'corridor_4-north_6', 'corridor_4-east_5'}, {'corridor_4-east_4'}, {'corridor_4-west_3'}]   
TRACE    ✏️:polymap.bends.graph:order_nodes_based_on_graph:142 | {} | ['corridor_4-east_5',            
         'corridor_4-north_6']                                                                        
TRACE    ✏️:polymap.bends.graph:order_nodes_based_on_graph:150 | {} | [('corridor_4-east_5',           
         'corridor_4-north_6')]                                                                       
TRACE    ✏️:polymap.bends.graph:handle_components:174 | {} | {                                         
             'orig_nodes': ['corridor_4-north_6', 'corridor_4-east_5'],                               
             'ordered': ['corridor_4-east_5', 'corridor_4-north_6']                                   
         }                                                                                            
DEBUG    🐞:polymap.bends.interfaces:get_next_bend:358 | {} | BendHolder: {                           
             'pi2s': {'size': 1, 'pass': 1},                                                          
             'pi3s': {'size': 0, 'pass': 0},                                                          
             'kappa2s': {'size': 1, 'pass': 1},                                                       
             'pis': {'size': 0, 'pass': 0},                                                           
             'kappas': {'size': 1, 'pass': 1},                                                        
             'large': 0,                                                                              
             'not_found': 0                                                                           
         }                                                                                            
DEBUG    🐞:polymap.bends.interfaces:get_next_bend:359 | {} | Next bend is <class                     
         'polymap.bends.interfaces.PiTwo'>(['corridor_4-north_3', 'corridor_4-west_3',                
         'corridor_4-north_4', 'corridor_4-east_6', 'corridor_4-north_5'])                            
DEBUG    🐞:polymap.bends.points:fix_vector_group_on_domain:57 | {} | surf group to heal:             
         ['corridor_4-north_4', 'corridor_4-north_5']                                                 
TRACE    ✏️:polymap.bends.bends:assign_bends:73 | {} | components = [{'corridor_4-east_5',             
         'corridor_4-north_5'}, {'corridor_4-east_4'}, {'corridor_4-east_6'}]                         
TRACE    ✏️:polymap.bends.graph:order_nodes_based_on_graph:142 | {} | ['corridor_4-east_5',            
         'corridor_4-north_5']                                                                        
TRACE    ✏️:polymap.bends.graph:order_nodes_based_on_graph:150 | {} | [('corridor_4-east_5',           
         'corridor_4-north_5')]                                                                       
TRACE    ✏️:polymap.bends.graph:handle_components:174 | {} | {                                         
             'orig_nodes': ['corridor_4-east_5', 'corridor_4-north_5'],                               
             'ordered': ['corridor_4-east_5', 'corridor_4-north_5']                                   
         }                                                                                            
DEBUG    🐞:polymap.bends.interfaces:get_next_bend:358 | {} | BendHolder: {                           
             'pi2s': {'size': 0, 'pass': 0},                                                          
             'pi3s': {'size': 0, 'pass': 0},                                                          
             'kappa2s': {'size': 1, 'pass': 1},                                                       
             'pis': {'size': 0, 'pass': 0},                                                           
             'kappas': {'size': 2, 'pass': 2},                                                        
             'large': 0,                                                                              
             'not_found': 0                                                                           
         }                                                                                            
DEBUG    🐞:polymap.bends.interfaces:get_next_bend:359 | {} | Next bend is <class                     
         'polymap.bends.interfaces.KappaTwo'>(['corridor_4-north_4', 'corridor_4-east_5',             
         'corridor_4-north_5', 'corridor_4-east_3'])                                                  
DEBUG    🐞:polymap.bends.points:fix_vector_group_on_domain:57 | {} | surf group to heal:             
         ['corridor_4-east_5', 'corridor_4-east_3']                                                   
TRACE    ✏️:polymap.bends.bends:assign_bends:73 | {} | components = [{'corridor_4-east_5'},            
         {'corridor_4-east_4'}]                                                                       
DEBUG    🐞:polymap.bends.interfaces:get_next_bend:358 | {} | BendHolder: {                           
             'pi2s': {'size': 0, 'pass': 0},                                                          
             'pi3s': {'size': 0, 'pass': 0},                                                          
             'kappa2s': {'size': 0, 'pass': 0},                                                       
             'pis': {'size': 0, 'pass': 0},                                                           
             'kappas': {'size': 2, 'pass': 2},                                                        
             'large': 0,                                                                              
             'not_found': 0                                                                           
         }                                                                                            
DEBUG    🐞:polymap.bends.interfaces:get_next_bend:359 | {} | Next bend is <class                     
         'polymap.bends.interfaces.KappaOne'>(['corridor_4-north_3', 'corridor_4-east_5',             
         'corridor_4-north_4'])                                                                       
DEBUG    🐞:polymap.bends.points:fix_vector_group_on_domain:57 | {} | surf group to heal:             
         ['corridor_4-north_3', 'corridor_4-north_4']                                                 
TRACE    ✏️:polymap.bends.bends:assign_bends:73 | {} | components = [{'corridor_4-east_4'}]            
DEBUG    🐞:polymap.bends.interfaces:get_next_bend:358 | {} | BendHolder: {                           
             'pi2s': {'size': 0, 'pass': 0},                                                          
             'pi3s': {'size': 0, 'pass': 0},                                                          
             'kappa2s': {'size': 0, 'pass': 0},                                                       
             'pis': {'size': 0, 'pass': 0},                                                           
             'kappas': {'size': 1, 'pass': 1},                                                        
             'large': 0,                                                                              
             'not_found': 0                                                                           
         }                                                                                            
DEBUG    🐞:polymap.bends.interfaces:get_next_bend:359 | {} | Next bend is <class                     
         'polymap.bends.interfaces.KappaOne'>(['corridor_4-north_0', 'corridor_4-east_4',             
         'corridor_4-north_1'])                                                                       
DEBUG    🐞:polymap.bends.points:fix_vector_group_on_domain:57 | {} | surf group to heal:             
         ['corridor_4-north_0', 'corridor_4-north_1']                                                 
INFO     ℹ️:polymap.bends.main:remove_all_bends_from_domain:123 | {} | Successfully completed iteration
         for (5058, corridor_4)                                                                       
                                                                                                      
INFO     ℹ️:polymap.bends.main:remove_all_bends_from_domain:61 | {} | Starting to clean (5058,         
         kitchen_5)                                                                                   
INFO     ℹ️:polymap.bends.main:remove_all_bends_from_domain:80 | {} | Starting iteration for (5058,    
         kitchen_5)                                                                                   
TRACE    ✏️:polymap.bends.bends:assign_bends:73 | {} | components = [{'kitchen_5-north_1'},            
         {'kitchen_5-north_4', 'kitchen_5-north_3', 'kitchen_5-east_2', 'kitchen_5-north_2',          
         'kitchen_5-west_1'}, {'kitchen_5-south_3'}]                                                  
TRACE    ✏️:polymap.bends.graph:order_nodes_based_on_graph:142 | {} | ['kitchen_5-north_2',            
         'kitchen_5-west_1', 'kitchen_5-north_3', 'kitchen_5-east_2', 'kitchen_5-north_4']            
TRACE    ✏️:polymap.bends.graph:order_nodes_based_on_graph:146 | {} | [['kitchen_5-north_2',           
         'kitchen_5-west_1', 'kitchen_5-north_3', 'kitchen_5-east_2', 'kitchen_5-north_4']]           
TRACE    ✏️:polymap.bends.graph:handle_components:174 | {} | {                                         
             'orig_nodes': [                                                                          
                 'kitchen_5-north_4',                                                                 
                 'kitchen_5-north_3',                                                                 
                 'kitchen_5-east_2',                                                                  
                 'kitchen_5-north_2',                                                                 
                 'kitchen_5-west_1'                                                                   
             ],                                                                                       
             'ordered': [                                                                             
                 'kitchen_5-north_2',                                                                 
                 'kitchen_5-west_1',                                                                  
                 'kitchen_5-north_3',                                                                 
                 'kitchen_5-east_2',                                                                  
                 'kitchen_5-north_4'                                                                  
             ]                                                                                        
         }                                                                                            
DEBUG    🐞:polymap.bends.interfaces:get_next_bend:358 | {} | BendHolder: {                           
             'pi2s': {'size': 1, 'pass': 1},                                                          
             'pi3s': {'size': 0, 'pass': 0},                                                          
             'kappa2s': {'size': 1, 'pass': 1},                                                       
             'pis': {'size': 0, 'pass': 0},                                                           
             'kappas': {'size': 0, 'pass': 0},                                                        
             'large': 1,                                                                              
             'not_found': 0                                                                           
         }                                                                                            
DEBUG    🐞:polymap.bends.interfaces:get_next_bend:359 | {} | Next bend is <class                     
         'polymap.bends.interfaces.PiTwo'>(['kitchen_5-east_5', 'kitchen_5-south_3',                  
         'kitchen_5-east_4', 'kitchen_5-north_1', 'kitchen_5-east_3'])                                
DEBUG    🐞:polymap.bends.points:fix_vector_group_on_domain:57 | {} | surf group to heal:             
         ['kitchen_5-east_4', 'kitchen_5-east_3']                                                     
TRACE    ✏️:polymap.bends.bends:assign_bends:73 | {} | components = [{'kitchen_5-north_1',             
         'kitchen_5-north_3', 'kitchen_5-west_1', 'kitchen_5-north_2', 'kitchen_5-east_2'},           
         {'kitchen_5-south_3'}]                                                                       
TRACE    ✏️:polymap.bends.graph:order_nodes_based_on_graph:142 | {} | ['kitchen_5-north_1',            
         'kitchen_5-west_1', 'kitchen_5-north_2', 'kitchen_5-east_2', 'kitchen_5-north_3']            
TRACE    ✏️:polymap.bends.graph:order_nodes_based_on_graph:146 | {} | [['kitchen_5-north_1',           
         'kitchen_5-west_1', 'kitchen_5-north_2', 'kitchen_5-east_2', 'kitchen_5-north_3']]           
TRACE    ✏️:polymap.bends.graph:handle_components:174 | {} | {                                         
             'orig_nodes': [                                                                          
                 'kitchen_5-north_1',                                                                 
                 'kitchen_5-north_3',                                                                 
                 'kitchen_5-west_1',                                                                  
                 'kitchen_5-north_2',                                                                 
                 'kitchen_5-east_2'                                                                   
             ],                                                                                       
             'ordered': [                                                                             
                 'kitchen_5-north_1',                                                                 
                 'kitchen_5-west_1',                                                                  
                 'kitchen_5-north_2',                                                                 
                 'kitchen_5-east_2',                                                                  
                 'kitchen_5-north_3'                                                                  
             ]                                                                                        
         }                                                                                            
DEBUG    🐞:polymap.bends.interfaces:get_next_bend:358 | {} | BendHolder: {                           
             'pi2s': {'size': 0, 'pass': 0},                                                          
             'pi3s': {'size': 0, 'pass': 0},                                                          
             'kappa2s': {'size': 1, 'pass': 1},                                                       
             'pis': {'size': 0, 'pass': 0},                                                           
             'kappas': {'size': 1, 'pass': 1},                                                        
             'large': 1,                                                                              
             'not_found': 0                                                                           
         }                                                                                            
DEBUG    🐞:polymap.bends.interfaces:get_next_bend:359 | {} | Next bend is <class                     
         'polymap.bends.interfaces.KappaTwo'>(['kitchen_5-east_3', 'kitchen_5-north_1',               
         'kitchen_5-west_1', 'kitchen_5-north_2'])                                                    
DEBUG    🐞:polymap.bends.points:fix_vector_group_on_domain:57 | {} | surf group to heal:             
         ['kitchen_5-north_1', 'kitchen_5-north_2']                                                   
TRACE    ✏️:polymap.bends.bends:assign_bends:73 | {} | components = [{'kitchen_5-north_1',             
         'kitchen_5-north_2', 'kitchen_5-east_2'}, {'kitchen_5-south_3'}]                             
TRACE    ✏️:polymap.bends.graph:order_nodes_based_on_graph:142 | {} | ['kitchen_5-north_1',            
         'kitchen_5-east_2', 'kitchen_5-north_2']                                                     
TRACE    ✏️:polymap.bends.graph:order_nodes_based_on_graph:146 | {} | [['kitchen_5-north_1',           
         'kitchen_5-east_2', 'kitchen_5-north_2']]                                                    
TRACE    ✏️:polymap.bends.graph:handle_components:174 | {} | {                                         
             'orig_nodes': [                                                                          
                 'kitchen_5-north_1',                                                                 
                 'kitchen_5-north_2',                                                                 
                 'kitchen_5-east_2'                                                                   
             ],                                                                                       
             'ordered': ['kitchen_5-north_1', 'kitchen_5-east_2', 'kitchen_5-north_2']                
         }                                                                                            
TRACE    ✏️:polymap.bends.graph:order_nodes_based_on_graph:142 | {} | ['kitchen_5-north_1',            
         'kitchen_5-east_2', 'kitchen_5-north_2']                                                     
TRACE    ✏️:polymap.bends.graph:order_nodes_based_on_graph:146 | {} | [['kitchen_5-north_1',           
         'kitchen_5-east_2', 'kitchen_5-north_2']]                                                    
TRACE    ✏️:polymap.bends.graph:handle_components:174 | {} | {                                         
             'orig_nodes': [                                                                          
                 'kitchen_5-north_1',                                                                 
                 'kitchen_5-north_2',                                                                 
                 'kitchen_5-east_2'                                                                   
             ],                                                                                       
             'ordered': ['kitchen_5-north_1', 'kitchen_5-east_2', 'kitchen_5-north_2']                
         }                                                                                            
DEBUG    🐞:polymap.bends.interfaces:get_next_bend:358 | {} | BendHolder: {                           
             'pi2s': {'size': 1, 'pass': 1},                                                          
             'pi3s': {'size': 0, 'pass': 0},                                                          
             'kappa2s': {'size': 1, 'pass': 1},                                                       
             'pis': {'size': 0, 'pass': 0},                                                           
             'kappas': {'size': 0, 'pass': 0},                                                        
             'large': 1,                                                                              
             'not_found': 0                                                                           
         }                                                                                            
DEBUG    🐞:polymap.bends.interfaces:get_next_bend:359 | {} | Next bend is <class                     
         'polymap.bends.interfaces.PiTwo'>(['kitchen_5-east_4', 'kitchen_5-south_3',                  
         'kitchen_5-east_3', 'kitchen_5-north_1', 'kitchen_5-east_2'])                                
DEBUG    🐞:polymap.bends.points:fix_vector_group_on_domain:57 | {} | surf group to heal:             
         ['kitchen_5-east_3', 'kitchen_5-east_2']                                                     
TRACE    ✏️:polymap.bends.bends:assign_bends:73 | {} | components = [{'kitchen_5-north_2'},            
         {'kitchen_5-north_1'}]                                                                       
DEBUG    🐞:polymap.bends.interfaces:get_next_bend:358 | {} | BendHolder: {                           
             'pi2s': {'size': 0, 'pass': 0},                                                          
             'pi3s': {'size': 0, 'pass': 0},                                                          
             'kappa2s': {'size': 0, 'pass': 0},                                                       
             'pis': {'size': 0, 'pass': 0},                                                           
             'kappas': {'size': 2, 'pass': 2},                                                        
             'large': 0,                                                                              
             'not_found': 0                                                                           
         }                                                                                            
DEBUG    🐞:polymap.bends.interfaces:get_next_bend:359 | {} | Next bend is <class                     
         'polymap.bends.interfaces.KappaOne'>(['kitchen_5-east_2', 'kitchen_5-north_2',               
         'kitchen_5-east_1'])                                                                         
DEBUG    🐞:polymap.bends.points:fix_vector_group_on_domain:57 | {} | surf group to heal:             
         ['kitchen_5-east_2', 'kitchen_5-east_1']                                                     
TRACE    ✏️:polymap.bends.bends:assign_bends:73 | {} | components = [{'kitchen_5-north_1'}]            
DEBUG    🐞:polymap.bends.interfaces:get_next_bend:358 | {} | BendHolder: {                           
             'pi2s': {'size': 0, 'pass': 0},                                                          
             'pi3s': {'size': 0, 'pass': 0},                                                          
             'kappa2s': {'size': 0, 'pass': 0},                                                       
             'pis': {'size': 0, 'pass': 0},                                                           
             'kappas': {'size': 1, 'pass': 1},                                                        
             'large': 0,                                                                              
             'not_found': 0                                                                           
         }                                                                                            
DEBUG    🐞:polymap.bends.interfaces:get_next_bend:359 | {} | Next bend is <class                     
         'polymap.bends.interfaces.KappaOne'>(['kitchen_5-east_2', 'kitchen_5-north_1',               
         'kitchen_5-east_1'])                                                                         
DEBUG    🐞:polymap.bends.points:fix_vector_group_on_domain:57 | {} | surf group to heal:             
         ['kitchen_5-east_2', 'kitchen_5-east_1']                                                     
INFO     ℹ️:polymap.bends.main:remove_all_bends_from_domain:123 | {} | Successfully completed iteration
         for (5058, kitchen_5)                                                                        
                                                                                                      
INFO     ℹ️:polymap.bends.main:remove_all_bends_from_domain:61 | {} | Starting to clean (5058,         
         balcony_6)                                                                                   
INFO     ℹ️:polymap.bends.main:remove_all_bends_from_domain:77 | {} | No small surfaces for (5058,     
         balcony_6). Ending iteration...                                                              
                                                                                                      
INFO     ℹ️:polymap.bends.main:remove_all_bends_from_domain:61 | {} | Starting to clean (5058, room_7) 
INFO     ℹ️:polymap.bends.main:remove_all_bends_from_domain:77 | {} | No small surfaces for (5058,     
         room_7). Ending iteration...                                                                 
                                                                                                      
INFO     ℹ️:polymap.bends.main:remove_all_bends_from_domain:61 | {} | Starting to clean (5058, room_8) 
INFO     ℹ️:polymap.bends.main:remove_all_bends_from_domain:77 | {} | No small surfaces for (5058,     
         room_8). Ending iteration...                                                                 
                                                                                                      
INFO     ℹ️:polymap.geometry.modify.precision:decrease_layout_precision:75 | {} | New precision is 3   
