INFO     ℹ️:polymap.layout.main.move:try_moves:122 | {} | roots=['room_2-east_0', 'bathroom_3-east_0', 
         'corridor_1-east_0', 'kitchen_0-east_0']                                                     
DEBUG    🐞:polymap.layout.main.move:try_moves:127 | {} |                                             
         root:ROOM_2-EAST_0.                                                                          
         [                                                                                            
             {('bathroom_3-west_0', 'room_2-east_0'): -0.009999999999999787},                         
             {('room_2-east_0', 'corridor_1-west_0'): 0.13200000000000012}                            
         ]                                                                                            
                                                                                                      
DEBUG    🐞:polymap.layout.main.move:try_moves:134 | {} | Moving bathroom_3-west_0 by                 
         -0.009999999999999787 to room_2-east_0                                                       
TRACE    ✏️:polymap.layout.main.move:study_polygon_changes:44 | {} | bathroom_3 has changed!           
SUCCESS  ✅:polymap.geometry.modify.validate:validate_layout_overlaps:173 | {} | No overlaps in the   
         layout                                                                                       
DEBUG    🐞:polymap.layout.main.move:try_moves:134 | {} | Moving room_2-east_0 by 0.13200000000000012 
         to corridor_1-west_0                                                                         
TRACE    ✏️:polymap.layout.main.move:study_polygon_changes:44 | {} | room_2 has changed!               
SUCCESS  ✅:polymap.geometry.modify.validate:validate_layout_overlaps:173 | {} | No overlaps in the   
         layout                                                                                       
DEBUG    🐞:polymap.layout.main.move:try_moves:127 | {} |                                             
         root:BATHROOM_3-EAST_0.                                                                      
         [{('bathroom_3-east_0', 'kitchen_0-west_0'): 0.137}]                                         
                                                                                                      
DEBUG    🐞:polymap.layout.main.move:try_moves:134 | {} | Moving bathroom_3-east_0 by 0.137 to        
         kitchen_0-west_0                                                                             
TRACE    ✏️:polymap.layout.main.move:study_polygon_changes:44 | {} | bathroom_3 has changed!           
SUCCESS  ✅:polymap.geometry.modify.validate:validate_layout_overlaps:173 | {} | No overlaps in the   
         layout                                                                                       
DEBUG    🐞:polymap.layout.main.move:try_moves:127 | {} |                                             
         root:CORRIDOR_1-EAST_0.                                                                      
         [{('corridor_1-east_0', 'room_4-west_0'): 0.1429999999999998}]                               
                                                                                                      
DEBUG    🐞:polymap.layout.main.move:try_moves:134 | {} | Moving corridor_1-east_0 by                 
         0.1429999999999998 to room_4-west_0                                                          
TRACE    ✏️:polymap.layout.main.move:study_polygon_changes:44 | {} | corridor_1 has changed!           
SUCCESS  ✅:polymap.geometry.modify.validate:validate_layout_overlaps:173 | {} | No overlaps in the   
         layout                                                                                       
DEBUG    🐞:polymap.layout.main.move:try_moves:127 | {} |                                             
         root:KITCHEN_0-EAST_0.                                                                       
         [{('kitchen_0-east_0', 'room_4-west_0'): 0.137}]                                             
                                                                                                      
DEBUG    🐞:polymap.layout.main.move:try_moves:134 | {} | Moving kitchen_0-east_0 by 0.137 to         
         room_4-west_0                                                                                
TRACE    ✏️:polymap.layout.main.move:study_polygon_changes:44 | {} | kitchen_0 has changed!            
SUCCESS  ✅:polymap.geometry.modify.validate:validate_layout_overlaps:173 | {} | No overlaps in the   
         layout                                                                                       
SUCCESS  ✅:polymap.geometry.modify.validate:validate_layout_overlaps:173 | {} | No overlaps in the   
         layout                                                                                       
