INFO     ℹ️:polymap.layout.main.move:try_moves:122 | {} | roots=['balcony_5-north_0',                  
         'bathroom_0-north_0', 'shaft_7-north_0', 'bathroom_0-north_1', 'kitchen_1-north_0',          
         'bathroom_0-north_2', 'shaft_4-north_0']                                                     
DEBUG    🐞:polymap.layout.main.move:try_moves:127 | {} |                                             
         root:BALCONY_5-NORTH_0.                                                                      
         [{('balcony_5-north_0', 'room_3-south_0'): 0.3860000000000001}]                              
                                                                                                      
DEBUG    🐞:polymap.layout.main.move:try_moves:134 | {} | Moving balcony_5-north_0 by                 
         0.3860000000000001 to room_3-south_0                                                         
TRACE    ✏️:polymap.layout.main.move:study_polygon_changes:44 | {} | balcony_5 has changed!            
SUCCESS  ✅:polymap.geometry.modify.validate:validate_layout_overlaps:173 | {} | No overlaps in the   
         layout                                                                                       
DEBUG    🐞:polymap.layout.main.move:try_moves:127 | {} |                                             
         root:BATHROOM_0-NORTH_0.                                                                     
         [{('bathroom_0-north_0', 'shaft_7-south_0'): 0.03200000000000003}]                           
                                                                                                      
DEBUG    🐞:polymap.layout.main.move:try_moves:134 | {} | Moving bathroom_0-north_0 by                
         0.03200000000000003 to shaft_7-south_0                                                       
TRACE    ✏️:polymap.layout.main.move:study_polygon_changes:44 | {} | bathroom_0 has changed!           
SUCCESS  ✅:polymap.geometry.modify.validate:validate_layout_overlaps:173 | {} | No overlaps in the   
         layout                                                                                       
DEBUG    🐞:polymap.layout.main.move:try_moves:127 | {} |                                             
         root:SHAFT_7-NORTH_0.                                                                        
         [{('shaft_7-north_0', 'bathroom_0-south_0'): 0.032999999999999474}]                          
                                                                                                      
DEBUG    🐞:polymap.layout.main.move:try_moves:134 | {} | Moving shaft_7-north_0 by                   
         0.032999999999999474 to bathroom_0-south_0                                                   
TRACE    ✏️:polymap.layout.main.move:study_polygon_changes:44 | {} | shaft_7 has changed!              
SUCCESS  ✅:polymap.geometry.modify.validate:validate_layout_overlaps:173 | {} | No overlaps in the   
         layout                                                                                       
DEBUG    🐞:polymap.layout.main.move:try_moves:127 | {} |                                             
         root:BATHROOM_0-NORTH_1.                                                                     
         [{('bathroom_0-north_1', 'shaft_4-south_0'): 0.03500000000000014}]                           
                                                                                                      
DEBUG    🐞:polymap.layout.main.move:try_moves:134 | {} | Moving bathroom_0-north_1 by                
         0.03500000000000014 to shaft_4-south_0                                                       
TRACE    ✏️:polymap.layout.main.move:study_polygon_changes:44 | {} | bathroom_0 has changed!           
SUCCESS  ✅:polymap.geometry.modify.validate:validate_layout_overlaps:173 | {} | No overlaps in the   
         layout                                                                                       
DEBUG    🐞:polymap.layout.main.move:try_moves:127 | {} |                                             
         root:KITCHEN_1-NORTH_0.                                                                      
         [{('kitchen_1-north_0', 'corridor_2-south_0'): 0.10699999999999976}]                         
                                                                                                      
DEBUG    🐞:polymap.layout.main.move:try_moves:134 | {} | Moving kitchen_1-north_0 by                 
         0.10699999999999976 to corridor_2-south_0                                                    
TRACE    ✏️:polymap.layout.main.move:study_polygon_changes:44 | {} | kitchen_1 has changed!            
SUCCESS  ✅:polymap.geometry.modify.validate:validate_layout_overlaps:173 | {} | No overlaps in the   
         layout                                                                                       
DEBUG    🐞:polymap.layout.main.move:try_moves:127 | {} |                                             
         root:BATHROOM_0-NORTH_2.                                                                     
         [{('bathroom_0-north_2', 'corridor_2-south_0'): 0.10699999999999976}]                        
                                                                                                      
DEBUG    🐞:polymap.layout.main.move:try_moves:134 | {} | Moving bathroom_0-north_2 by                
         0.10699999999999976 to corridor_2-south_0                                                    
TRACE    ✏️:polymap.layout.main.move:study_polygon_changes:44 | {} | bathroom_0 has changed!           
SUCCESS  ✅:polymap.geometry.modify.validate:validate_layout_overlaps:173 | {} | No overlaps in the   
         layout                                                                                       
DEBUG    🐞:polymap.layout.main.move:try_moves:127 | {} |                                             
         root:SHAFT_4-NORTH_0.                                                                        
         [{('shaft_4-north_0', 'corridor_2-south_0'): 0.10699999999999976}]                           
                                                                                                      
DEBUG    🐞:polymap.layout.main.move:try_moves:134 | {} | Moving shaft_4-north_0 by                   
         0.10699999999999976 to corridor_2-south_0                                                    
TRACE    ✏️:polymap.layout.main.move:study_polygon_changes:44 | {} | shaft_4 has changed!              
SUCCESS  ✅:polymap.geometry.modify.validate:validate_layout_overlaps:173 | {} | No overlaps in the   
         layout                                                                                       
SUCCESS  ✅:polymap.geometry.modify.validate:validate_layout_overlaps:173 | {} | No overlaps in the   
         layout                                                                                       
