INFO     ℹ️:polymap.layout.main.move:try_moves:122 | {} | roots=['kitchen_2-east_0', 'room_0-east_0',  
         'room_9-east_0', 'corridor_7-east_1', 'bathroom_4-east_0', 'corridor_7-east_2',              
         'shaft_8-east_0', 'bathroom_4-east_1', 'bathroom_3-east_0', 'corridor_7-east_0',             
         'room_6-east_1', 'living_dining_1-east_0']                                                   
DEBUG    🐞:polymap.layout.main.move:try_moves:127 | {} |                                             
         root:KITCHEN_2-EAST_0.                                                                       
         [{('kitchen_2-east_0', 'corridor_7-west_0'): 0.14299999999999713}]                           
                                                                                                      
DEBUG    🐞:polymap.layout.main.move:try_moves:134 | {} | Moving kitchen_2-east_0 by                  
         0.14299999999999713 to corridor_7-west_0                                                     
TRACE    ✏️:polymap.layout.main.move:study_polygon_changes:44 | {} | kitchen_2 has changed!            
DEBUG    🐞:polymap.geometry.modify.validate:overlap_near_zero:122 | {} | overlap area between        
         living_dining_1, corridor_7: 0.005421000000006625                                            
ERROR    ❌:polymap.geometry.modify.validate:message:99 | {} | Invalid layout due to INTERSECTION     
         involving ['living_dining_1', 'corridor_7']                                                  
DEBUG    🐞:polymap.layout.main.move:try_moves:127 | {} |                                             
         root:ROOM_0-EAST_0.                                                                          
         [{('room_0-east_0', 'corridor_7-west_0'): 0.13999999999999702}]                              
                                                                                                      
DEBUG    🐞:polymap.layout.main.move:try_moves:134 | {} | Moving room_0-east_0 by 0.13999999999999702 
         to corridor_7-west_0                                                                         
TRACE    ✏️:polymap.layout.main.move:study_polygon_changes:44 | {} | room_0 has changed!               
DEBUG    🐞:polymap.geometry.modify.validate:overlap_near_zero:122 | {} | overlap area between        
         living_dining_1, corridor_7: 0.005421000000006625                                            
ERROR    ❌:polymap.geometry.modify.validate:message:99 | {} | Invalid layout due to INTERSECTION     
         involving ['living_dining_1', 'corridor_7']                                                  
DEBUG    🐞:polymap.layout.main.move:try_moves:127 | {} |                                             
         root:ROOM_9-EAST_0.                                                                          
         [                                                                                            
             {('corridor_7-west_0', 'room_9-east_0'): -0.00999999999999801},                          
             {('room_9-east_0', 'bathroom_4-west_0'): 0.12600000000000122}                            
         ]                                                                                            
                                                                                                      
DEBUG    🐞:polymap.layout.main.move:try_moves:134 | {} | Moving corridor_7-west_0 by                 
         -0.00999999999999801 to room_9-east_0                                                        
TRACE    ✏️:polymap.layout.main.move:study_polygon_changes:44 | {} | corridor_7 has changed!           
DEBUG    🐞:polymap.geometry.modify.validate:overlap_near_zero:122 | {} | overlap area between        
         living_dining_1, corridor_7: 0.005421000000006625                                            
ERROR    ❌:polymap.geometry.modify.validate:message:99 | {} | Invalid layout due to INTERSECTION     
         involving ['living_dining_1', 'corridor_7']                                                  
DEBUG    🐞:polymap.layout.main.move:try_moves:134 | {} | Moving room_9-east_0 by 0.12600000000000122 
         to bathroom_4-west_0                                                                         
TRACE    ✏️:polymap.layout.main.move:study_polygon_changes:44 | {} | room_9 has changed!               
DEBUG    🐞:polymap.geometry.modify.validate:overlap_near_zero:122 | {} | overlap area between        
         living_dining_1, corridor_7: 0.005421000000006625                                            
ERROR    ❌:polymap.geometry.modify.validate:message:99 | {} | Invalid layout due to INTERSECTION     
         involving ['living_dining_1', 'corridor_7']                                                  
DEBUG    🐞:polymap.layout.main.move:try_moves:127 | {} |                                             
         root:CORRIDOR_7-EAST_1.                                                                      
         [{('corridor_7-east_1', 'living_dining_1-west_0'): 0.34299999999999997}]                     
                                                                                                      
DEBUG    🐞:polymap.layout.main.move:try_moves:134 | {} | Moving corridor_7-east_1 by                 
         0.34299999999999997 to living_dining_1-west_0                                                
TRACE    ✏️:polymap.layout.main.move:study_polygon_changes:44 | {} | corridor_7 has changed!           
DEBUG    🐞:polymap.geometry.modify.validate:overlap_near_zero:122 | {} | overlap area between        
         living_dining_1, corridor_7: 0.005421000000006625                                            
ERROR    ❌:polymap.geometry.modify.validate:message:99 | {} | Invalid layout due to INTERSECTION     
         involving ['living_dining_1', 'corridor_7']                                                  
DEBUG    🐞:polymap.layout.main.move:try_moves:127 | {} |                                             
         root:BATHROOM_4-EAST_0.                                                                      
         [{('bathroom_4-east_0', 'shaft_8-west_0'): 0.134999999999998}]                               
                                                                                                      
DEBUG    🐞:polymap.layout.main.move:try_moves:134 | {} | Moving bathroom_4-east_0 by                 
         0.134999999999998 to shaft_8-west_0                                                          
TRACE    ✏️:polymap.layout.main.move:study_polygon_changes:44 | {} | bathroom_4 has changed!           
DEBUG    🐞:polymap.geometry.modify.validate:overlap_near_zero:122 | {} | overlap area between        
         living_dining_1, corridor_7: 0.005421000000006625                                            
ERROR    ❌:polymap.geometry.modify.validate:message:99 | {} | Invalid layout due to INTERSECTION     
         involving ['living_dining_1', 'corridor_7']                                                  
DEBUG    🐞:polymap.layout.main.move:try_moves:127 | {} |                                             
         root:CORRIDOR_7-EAST_2.                                                                      
         [{('corridor_7-east_2', 'living_dining_1-east_0'): 5.084}]                                   
                                                                                                      
DEBUG    🐞:polymap.layout.main.move:try_moves:134 | {} | Moving corridor_7-east_2 by 5.084 to        
         living_dining_1-east_0                                                                       
TRACE    ✏️:polymap.layout.main.move:study_polygon_changes:44 | {} | corridor_7 has changed!           
DEBUG    🐞:polymap.geometry.modify.validate:overlap_near_zero:122 | {} | overlap area between        
         living_dining_1, corridor_7: 0.005421000000006625                                            
ERROR    ❌:polymap.geometry.modify.validate:message:99 | {} | Invalid layout due to INTERSECTION     
         involving ['living_dining_1', 'corridor_7']                                                  
DEBUG    🐞:polymap.layout.main.move:try_moves:127 | {} |                                             
         root:SHAFT_8-EAST_0.                                                                         
         [{('shaft_8-east_0', 'bathroom_3-west_0'): 0.11299999999999955}]                             
                                                                                                      
DEBUG    🐞:polymap.layout.main.move:try_moves:134 | {} | Moving shaft_8-east_0 by 0.11299999999999955
         to bathroom_3-west_0                                                                         
TRACE    ✏️:polymap.layout.main.move:study_polygon_changes:44 | {} | shaft_8 has changed!              
DEBUG    🐞:polymap.geometry.modify.validate:overlap_near_zero:122 | {} | overlap area between        
         living_dining_1, corridor_7: 0.005421000000006625                                            
ERROR    ❌:polymap.geometry.modify.validate:message:99 | {} | Invalid layout due to INTERSECTION     
         involving ['living_dining_1', 'corridor_7']                                                  
DEBUG    🐞:polymap.layout.main.move:try_moves:127 | {} |                                             
         root:BATHROOM_4-EAST_1.                                                                      
         [{('bathroom_4-east_1', 'bathroom_3-west_0'): 0.10500000000000043}]                          
                                                                                                      
DEBUG    🐞:polymap.layout.main.move:try_moves:134 | {} | Moving bathroom_4-east_1 by                 
         0.10500000000000043 to bathroom_3-west_0                                                     
TRACE    ✏️:polymap.layout.main.move:study_polygon_changes:44 | {} | bathroom_4 has changed!           
DEBUG    🐞:polymap.geometry.modify.validate:overlap_near_zero:122 | {} | overlap area between        
         living_dining_1, corridor_7: 0.005421000000006625                                            
ERROR    ❌:polymap.geometry.modify.validate:message:99 | {} | Invalid layout due to INTERSECTION     
         involving ['living_dining_1', 'corridor_7']                                                  
DEBUG    🐞:polymap.layout.main.move:try_moves:127 | {} |                                             
         root:BATHROOM_3-EAST_0.                                                                      
         [{('bathroom_3-east_0', 'room_6-west_0'): 0.15200000000000102}]                              
                                                                                                      
DEBUG    🐞:polymap.layout.main.move:try_moves:134 | {} | Moving bathroom_3-east_0 by                 
         0.15200000000000102 to room_6-west_0                                                         
TRACE    ✏️:polymap.layout.main.move:study_polygon_changes:44 | {} | bathroom_3 has changed!           
DEBUG    🐞:polymap.geometry.modify.validate:overlap_near_zero:122 | {} | overlap area between        
         living_dining_1, corridor_7: 0.005421000000006625                                            
ERROR    ❌:polymap.geometry.modify.validate:message:99 | {} | Invalid layout due to INTERSECTION     
         involving ['living_dining_1', 'corridor_7']                                                  
DEBUG    🐞:polymap.layout.main.move:try_moves:127 | {} |                                             
         root:CORRIDOR_7-EAST_0.                                                                      
         [{('corridor_7-east_0', 'room_6-west_0'): 0.14700000000000202}]                              
                                                                                                      
DEBUG    🐞:polymap.layout.main.move:try_moves:134 | {} | Moving corridor_7-east_0 by                 
         0.14700000000000202 to room_6-west_0                                                         
TRACE    ✏️:polymap.layout.main.move:study_polygon_changes:44 | {} | corridor_7 has changed!           
DEBUG    🐞:polymap.geometry.modify.validate:overlap_near_zero:122 | {} | overlap area between        
         living_dining_1, corridor_7: 0.005421000000006625                                            
ERROR    ❌:polymap.geometry.modify.validate:message:99 | {} | Invalid layout due to INTERSECTION     
         involving ['living_dining_1', 'corridor_7']                                                  
DEBUG    🐞:polymap.layout.main.move:try_moves:127 | {} |                                             
         root:ROOM_6-EAST_1.                                                                          
         [{('room_6-east_1', 'balcony_5-west_0'): 0.2599999999999998}]                                
                                                                                                      
DEBUG    🐞:polymap.layout.main.move:try_moves:134 | {} | Moving room_6-east_1 by 0.2599999999999998  
         to balcony_5-west_0                                                                          
TRACE    ✏️:polymap.layout.main.move:study_polygon_changes:44 | {} | room_6 has changed!               
DEBUG    🐞:polymap.geometry.modify.validate:overlap_near_zero:122 | {} | overlap area between        
         living_dining_1, corridor_7: 0.005421000000006625                                            
ERROR    ❌:polymap.geometry.modify.validate:message:99 | {} | Invalid layout due to INTERSECTION     
         involving ['living_dining_1', 'corridor_7']                                                  
DEBUG    🐞:polymap.layout.main.move:try_moves:127 | {} |                                             
         root:LIVING_DINING_1-EAST_0.                                                                 
         [{('living_dining_1-east_0', 'balcony_5-west_0'): 0.238999999999999}]                        
                                                                                                      
DEBUG    🐞:polymap.layout.main.move:try_moves:134 | {} | Moving living_dining_1-east_0 by            
         0.238999999999999 to balcony_5-west_0                                                        
TRACE    ✏️:polymap.layout.main.move:study_polygon_changes:44 | {} | living_dining_1 has changed!      
DEBUG    🐞:polymap.geometry.modify.validate:overlap_near_zero:122 | {} | overlap area between        
         living_dining_1, corridor_7: 0.005421000000006625                                            
ERROR    ❌:polymap.geometry.modify.validate:message:99 | {} | Invalid layout due to INTERSECTION     
         involving ['living_dining_1', 'corridor_7']                                                  
DEBUG    🐞:polymap.geometry.modify.validate:overlap_near_zero:122 | {} | overlap area between        
         living_dining_1, corridor_7: 0.005421000000006625                                            
Traceback (most recent call last):
  File "/Users/julietnwagwuume-ezeoke/_UILCode/gqe-phd/fpopt/studies2/msd2/.venv/bin/polymap", line 10, in <module>
    sys.exit(main())
             ~~~~^^
  File "/Users/julietnwagwuume-ezeoke/_UILCode/gqe-phd/fpopt/studies2/msd2/.venv/lib/python3.13/site-packages/polymap/cli/main.py", line 22, in main
    app()
    ~~~^^
  File "/Users/julietnwagwuume-ezeoke/_UILCode/gqe-phd/fpopt/studies2/msd2/.venv/lib/python3.13/site-packages/cyclopts/core.py", line 1869, in __call__
    result = _run_maybe_async_command(command, bound, resolved_backend)
  File "/Users/julietnwagwuume-ezeoke/_UILCode/gqe-phd/fpopt/studies2/msd2/.venv/lib/python3.13/site-packages/cyclopts/_run.py", line 50, in _run_maybe_async_command
    return command(*bound.args, **bound.kwargs)
  File "/Users/julietnwagwuume-ezeoke/_UILCode/gqe-phd/fpopt/studies2/msd2/.venv/lib/python3.13/site-packages/polymap/cli/make/main.py", line 94, in move
    layout = try_moves(Gax)
  File "/Users/julietnwagwuume-ezeoke/_UILCode/gqe-phd/fpopt/studies2/msd2/.venv/lib/python3.13/site-packages/polymap/layout/main/move.py", line 141, in try_moves
    validate_layout_overlaps(layout)
    ~~~~~~~~~~~~~~~~~~~~~~~~^^^^^^^^
  File "/Users/julietnwagwuume-ezeoke/_UILCode/gqe-phd/fpopt/studies2/msd2/.venv/lib/python3.13/site-packages/polymap/geometry/modify/validate.py", line 161, in validate_layout_overlaps
    raise InvalidLayoutError([a, b], "INTERSECTION", layout)
polymap.geometry.modify.validate.InvalidLayoutError: ([FancyOrthoDomain(coords=[Coord(x=-20.093, y=-2.426), Coord(x=-20.093, y=3.019), Coord(x=-13.773, y=3.019), Coord(x=-13.773, y=-0.044), Coord(x=-15.008, y=-0.044), Coord(x=-15.008, y=-2.426), Coord(x=-20.093, y=-2.426)], name='living_dining_1'), FancyOrthoDomain(coords=[Coord(x=-21.696, y=-4.141), Coord(x=-21.696, y=4.64), Coord(x=-20.252, y=4.64), Coord(x=-20.252, y=3.039), Coord(x=-20.092, y=3.039), Coord(x=-20.092, y=-2.402), Coord(x=-20.436, y=-2.402), Coord(x=-20.436, y=-2.62), Coord(x=-18.146, y=-2.62), Coord(x=-18.146, y=-4.141), Coord(x=-21.696, y=-4.141)], name='corridor_7')], 'INTERSECTION', Layout(domains=[FancyOrthoDomain(coords=[Coord(x=-25.901, y=-2.423), Coord(x=-25.901, y=0.361), Coord(x=-21.836, y=0.361), Coord(x=-21.836, y=-2.423), Coord(x=-25.901, y=-2.423)], name='room_0'), FancyOrthoDomain(coords=[Coord(x=-20.093, y=-2.426), Coord(x=-20.093, y=3.019), Coord(x=-13.773, y=3.019), Coord(x=-13.773, y=-0.044), Coord(x=-15.008, y=-0.044), Coord(x=-15.008, y=-2.426), Coord(x=-20.093, y=-2.426)], name='living_dining_1'), FancyOrthoDomain(coords=[Coord(x=-25.901, y=0.495), Coord(x=-25.901, y=3.268), Coord(x=-21.839, y=3.268), Coord(x=-21.839, y=0.495), Coord(x=-25.901, y=0.495)], name='kitchen_2'), FancyOrthoDomain(coords=[Coord(x=-19.849, y=-6.464), Coord(x=-19.849, y=-4.281), Coord(x=-18.151, y=-4.281), Coord(x=-18.151, y=-6.464), Coord(x=-19.849, y=-6.464)], name='bathroom_3'), FancyOrthoDomain(coords=[Coord(x=-21.706, y=-6.467), Coord(x=-21.706, y=-4.266), Coord(x=-19.954, y=-4.266), Coord(x=-19.954, y=-5.051), Coord(x=-20.24, y=-5.051), Coord(x=-20.24, y=-6.467), Coord(x=-21.706, y=-6.467)], name='bathroom_4'), FancyOrthoDomain(coords=[Coord(x=-14.769, y=-3.077), Coord(x=-14.769, y=-0.294), Coord(x=-12.219, y=-0.294), Coord(x=-12.219, y=-3.077), Coord(x=-14.769, y=-3.077)], name='balcony_5'), FancyOrthoDomain(coords=[Coord(x=-17.999, y=-6.46), Coord(x=-17.999, y=-2.632), Coord(x=-15.029, y=-2.632), Coord(x=-15.029, y=-3.338), Coord(x=-13.778, y=-3.338), Coord(x=-13.778, y=-6.46), Coord(x=-17.999, y=-6.46)], name='room_6'), FancyOrthoDomain(coords=[Coord(x=-21.696, y=-4.141), Coord(x=-21.696, y=4.64), Coord(x=-20.252, y=4.64), Coord(x=-20.252, y=3.039), Coord(x=-20.092, y=3.039), Coord(x=-20.092, y=-2.402), Coord(x=-20.436, y=-2.402), Coord(x=-20.436, y=-2.62), Coord(x=-18.146, y=-2.62), Coord(x=-18.146, y=-4.141), Coord(x=-21.696, y=-4.141)], name='corridor_7'), FancyOrthoDomain(coords=[Coord(x=-20.105, y=-6.466), Coord(x=-20.105, y=-5.208), Coord(x=-19.962, y=-5.208), Coord(x=-19.962, y=-6.466), Coord(x=-20.105, y=-6.466)], name='shaft_8'), FancyOrthoDomain(coords=[Coord(x=-25.901, y=-6.468), Coord(x=-25.901, y=-2.633), Coord(x=-21.832, y=-2.633), Coord(x=-21.832, y=-6.468), Coord(x=-25.901, y=-6.468)], name='room_9')]))
