INFO     ℹ️:polymap.layout.main.move:try_moves:122 | {} | roots=['room_1-east_0', 'kitchen_2-east_0',  
         'shaft_4-east_0', 'shaft_5-east_0', 'corridor_3-east_0', 'bathroom_6-east_0']                
DEBUG    🐞:polymap.layout.main.move:try_moves:127 | {} |                                             
         root:ROOM_1-EAST_0.                                                                          
         [                                                                                            
             {('corridor_3-west_0', 'room_1-east_0'): -0.0050000000000000044},                        
             {('room_1-east_0', 'kitchen_2-west_0'): 0.11199999999999999}                             
         ]                                                                                            
                                                                                                      
DEBUG    🐞:polymap.layout.main.move:try_moves:134 | {} | Moving corridor_3-west_0 by                 
         -0.0050000000000000044 to room_1-east_0                                                      
TRACE    ✏️:polymap.layout.main.move:study_polygon_changes:44 | {} | corridor_3 has changed!           
SUCCESS  ✅:polymap.geometry.modify.validate:validate_layout_overlaps:173 | {} | No overlaps in the   
         layout                                                                                       
DEBUG    🐞:polymap.layout.main.move:try_moves:134 | {} | Moving room_1-east_0 by 0.11199999999999999 
         to kitchen_2-west_0                                                                          
TRACE    ✏️:polymap.layout.main.move:study_polygon_changes:44 | {} | room_1 has changed!               
SUCCESS  ✅:polymap.geometry.modify.validate:validate_layout_overlaps:173 | {} | No overlaps in the   
         layout                                                                                       
DEBUG    🐞:polymap.layout.main.move:try_moves:127 | {} |                                             
         root:KITCHEN_2-EAST_0.                                                                       
         [                                                                                            
             {('shaft_5-west_0', 'kitchen_2-east_0'): -0.0040000000000000036},                        
             {('kitchen_2-east_0', 'bathroom_6-west_0'): 0.11599999999999988},                        
             {('shaft_4-west_0', 'kitchen_2-east_0'): -0.001000000000000112}                          
         ]                                                                                            
                                                                                                      
DEBUG    🐞:polymap.layout.main.move:try_moves:134 | {} | Moving shaft_5-west_0 by                    
         -0.0040000000000000036 to kitchen_2-east_0                                                   
TRACE    ✏️:polymap.layout.main.move:study_polygon_changes:44 | {} | shaft_5 has changed!              
SUCCESS  ✅:polymap.geometry.modify.validate:validate_layout_overlaps:173 | {} | No overlaps in the   
         layout                                                                                       
DEBUG    🐞:polymap.layout.main.move:try_moves:134 | {} | Moving kitchen_2-east_0 by                  
         0.11599999999999988 to bathroom_6-west_0                                                     
TRACE    ✏️:polymap.layout.main.move:study_polygon_changes:44 | {} | kitchen_2 has changed!            
SUCCESS  ✅:polymap.geometry.modify.validate:validate_layout_overlaps:173 | {} | No overlaps in the   
         layout                                                                                       
DEBUG    🐞:polymap.layout.main.move:try_moves:134 | {} | Moving shaft_4-west_0 by                    
         -0.001000000000000112 to kitchen_2-east_0                                                    
TRACE    ✏️:polymap.layout.main.move:study_polygon_changes:44 | {} | shaft_4 has changed!              
SUCCESS  ✅:polymap.geometry.modify.validate:validate_layout_overlaps:173 | {} | No overlaps in the   
         layout                                                                                       
DEBUG    🐞:polymap.layout.main.move:try_moves:127 | {} |                                             
         root:SHAFT_4-EAST_0.                                                                         
         [{('shaft_4-east_0', 'bathroom_6-west_1'): 0.04400000000000004}]                             
                                                                                                      
DEBUG    🐞:polymap.layout.main.move:try_moves:134 | {} | Moving shaft_4-east_0 by 0.04400000000000004
         to bathroom_6-west_1                                                                         
TRACE    ✏️:polymap.layout.main.move:study_polygon_changes:44 | {} | shaft_4 has changed!              
SUCCESS  ✅:polymap.geometry.modify.validate:validate_layout_overlaps:173 | {} | No overlaps in the   
         layout                                                                                       
DEBUG    🐞:polymap.layout.main.move:try_moves:127 | {} |                                             
         root:SHAFT_5-EAST_0.                                                                         
         [{('shaft_5-east_0', 'bathroom_6-west_3'): 0.028000000000000025}]                            
                                                                                                      
DEBUG    🐞:polymap.layout.main.move:try_moves:134 | {} | Moving shaft_5-east_0 by                    
         0.028000000000000025 to bathroom_6-west_3                                                    
TRACE    ✏️:polymap.layout.main.move:study_polygon_changes:44 | {} | shaft_5 has changed!              
SUCCESS  ✅:polymap.geometry.modify.validate:validate_layout_overlaps:173 | {} | No overlaps in the   
         layout                                                                                       
DEBUG    🐞:polymap.layout.main.move:try_moves:127 | {} |                                             
         root:CORRIDOR_3-EAST_0.                                                                      
         [{('corridor_3-east_0', 'room_7-west_0'): 0.125}]                                            
                                                                                                      
DEBUG    🐞:polymap.layout.main.move:try_moves:134 | {} | Moving corridor_3-east_0 by 0.125 to        
         room_7-west_0                                                                                
TRACE    ✏️:polymap.layout.main.move:study_polygon_changes:44 | {} | corridor_3 has changed!           
SUCCESS  ✅:polymap.geometry.modify.validate:validate_layout_overlaps:173 | {} | No overlaps in the   
         layout                                                                                       
DEBUG    🐞:polymap.layout.main.move:try_moves:127 | {} |                                             
         root:BATHROOM_6-EAST_0.                                                                      
         [{('bathroom_6-east_0', 'room_7-west_0'): 0.12300000000000022}]                              
                                                                                                      
DEBUG    🐞:polymap.layout.main.move:try_moves:134 | {} | Moving bathroom_6-east_0 by                 
         0.12300000000000022 to room_7-west_0                                                         
TRACE    ✏️:polymap.layout.main.move:study_polygon_changes:44 | {} | bathroom_6 has changed!           
SUCCESS  ✅:polymap.geometry.modify.validate:validate_layout_overlaps:173 | {} | No overlaps in the   
         layout                                                                                       
SUCCESS  ✅:polymap.geometry.modify.validate:validate_layout_overlaps:173 | {} | No overlaps in the   
         layout                                                                                       
