INFO     ℹ️:polymap.bends.main:remove_all_bends_from_domain:61 | {} | Starting to clean (5013,         
         corridor_0)                                                                                  
INFO     ℹ️:polymap.bends.main:remove_all_bends_from_domain:80 | {} | Starting iteration for (5013,    
         corridor_0)                                                                                  
TRACE    ✏️:polymap.bends.bends:assign_bends:73 | {} | components = [{'corridor_0-east_1'},            
         {'corridor_0-east_2', 'corridor_0-south_5'}, {'corridor_0-south_0'}, {'corridor_0-west_1',   
         'corridor_0-north_1'}, {'corridor_0-south_1'}]                                               
TRACE    ✏️:polymap.bends.graph:order_nodes_based_on_graph:142 | {} | ['corridor_0-south_5',           
         'corridor_0-east_2']                                                                         
TRACE    ✏️:polymap.bends.graph:order_nodes_based_on_graph:150 | {} | [('corridor_0-south_5',          
         'corridor_0-east_2')]                                                                        
TRACE    ✏️:polymap.bends.graph:handle_components:174 | {} | {                                         
             'orig_nodes': ['corridor_0-east_2', 'corridor_0-south_5'],                               
             'ordered': ['corridor_0-south_5', 'corridor_0-east_2']                                   
         }                                                                                            
TRACE    ✏️:polymap.bends.graph:order_nodes_based_on_graph:142 | {} | ['corridor_0-north_1',           
         'corridor_0-west_1']                                                                         
TRACE    ✏️:polymap.bends.graph:order_nodes_based_on_graph:150 | {} | [('corridor_0-north_1',          
         'corridor_0-west_1')]                                                                        
TRACE    ✏️:polymap.bends.graph:handle_components:174 | {} | {                                         
             'orig_nodes': ['corridor_0-west_1', 'corridor_0-north_1'],                               
             'ordered': ['corridor_0-north_1', 'corridor_0-west_1']                                   
         }                                                                                            
DEBUG    🐞:polymap.bends.interfaces:get_next_bend:358 | {} | BendHolder: {                           
             'pi2s': {'size': 0, 'pass': 0},                                                          
             'pi3s': {'size': 0, 'pass': 0},                                                          
             'kappa2s': {'size': 2, 'pass': 2},                                                       
             'pis': {'size': 1, 'pass': 1},                                                           
             'kappas': {'size': 2, 'pass': 2},                                                        
             'large': 0,                                                                              
             'not_found': 0                                                                           
         }                                                                                            
DEBUG    🐞:polymap.bends.interfaces:get_next_bend:359 | {} | Next bend is <class                     
         'polymap.bends.interfaces.KappaTwo'>(['corridor_0-east_3', 'corridor_0-south_5',             
         'corridor_0-east_2', 'corridor_0-south_4'])                                                  
DEBUG    🐞:polymap.bends.points:fix_vector_group_on_domain:57 | {} | surf group to heal:             
         ['corridor_0-south_5', 'corridor_0-south_4']                                                 
TRACE    ✏️:polymap.bends.bends:assign_bends:73 | {} | components = [{'corridor_0-east_1'},            
         {'corridor_0-south_0'}, {'corridor_0-west_1', 'corridor_0-north_1'}, {'corridor_0-south_1'}] 
TRACE    ✏️:polymap.bends.graph:order_nodes_based_on_graph:142 | {} | ['corridor_0-north_1',           
         'corridor_0-west_1']                                                                         
TRACE    ✏️:polymap.bends.graph:order_nodes_based_on_graph:150 | {} | [('corridor_0-north_1',          
         'corridor_0-west_1')]                                                                        
TRACE    ✏️:polymap.bends.graph:handle_components:174 | {} | {                                         
             'orig_nodes': ['corridor_0-west_1', 'corridor_0-north_1'],                               
             'ordered': ['corridor_0-north_1', 'corridor_0-west_1']                                   
         }                                                                                            
DEBUG    🐞:polymap.bends.interfaces:get_next_bend:358 | {} | BendHolder: {                           
             'pi2s': {'size': 0, 'pass': 0},                                                          
             'pi3s': {'size': 0, 'pass': 0},                                                          
             'kappa2s': {'size': 1, 'pass': 1},                                                       
             'pis': {'size': 1, 'pass': 1},                                                           
             'kappas': {'size': 2, 'pass': 2},                                                        
             'large': 0,                                                                              
             'not_found': 0                                                                           
         }                                                                                            
DEBUG    🐞:polymap.bends.interfaces:get_next_bend:359 | {} | Next bend is <class                     
         'polymap.bends.interfaces.KappaTwo'>(['corridor_0-west_0', 'corridor_0-north_1',             
         'corridor_0-west_1', 'corridor_0-south_2'])                                                  
DEBUG    🐞:polymap.bends.points:fix_vector_group_on_domain:57 | {} | surf group to heal:             
         ['corridor_0-west_0', 'corridor_0-west_1']                                                   
TRACE    ✏️:polymap.bends.bends:assign_bends:73 | {} | components = [{'corridor_0-east_1'},            
         {'corridor_0-south_0'}, {'corridor_0-south_1'}]                                              
DEBUG    🐞:polymap.bends.interfaces:get_next_bend:358 | {} | BendHolder: {                           
             'pi2s': {'size': 0, 'pass': 0},                                                          
             'pi3s': {'size': 0, 'pass': 0},                                                          
             'kappa2s': {'size': 0, 'pass': 0},                                                       
             'pis': {'size': 1, 'pass': 1},                                                           
             'kappas': {'size': 2, 'pass': 2},                                                        
             'large': 0,                                                                              
             'not_found': 0                                                                           
         }                                                                                            
DEBUG    🐞:polymap.bends.interfaces:get_next_bend:359 | {} | Next bend is <class                     
         'polymap.bends.interfaces.PiOne'>(['corridor_0-south_4', 'corridor_0-east_1',                
         'corridor_0-north_1'])                                                                       
DEBUG    🐞:polymap.bends.points:fix_vector_group_on_domain:57 | {} | surf group to heal:             
         ['corridor_0-east_1', 'corridor_0-east_0']                                                   
TRACE    ✏️:polymap.bends.bends:assign_bends:73 | {} | components = [{'corridor_0-south_0'},           
         {'corridor_0-south_1'}]                                                                      
DEBUG    🐞:polymap.bends.interfaces:get_next_bend:358 | {} | BendHolder: {                           
             'pi2s': {'size': 0, 'pass': 0},                                                          
             'pi3s': {'size': 0, 'pass': 0},                                                          
             'kappa2s': {'size': 0, 'pass': 0},                                                       
             'pis': {'size': 0, 'pass': 0},                                                           
             'kappas': {'size': 2, 'pass': 2},                                                        
             'large': 0,                                                                              
             'not_found': 0                                                                           
         }                                                                                            
DEBUG    🐞:polymap.bends.interfaces:get_next_bend:359 | {} | Next bend is <class                     
         'polymap.bends.interfaces.KappaOne'>(['corridor_0-west_2', 'corridor_0-south_0',             
         'corridor_0-west_3'])                                                                        
DEBUG    🐞:polymap.bends.points:fix_vector_group_on_domain:57 | {} | surf group to heal:             
         ['corridor_0-west_2', 'corridor_0-west_3']                                                   
TRACE    ✏️:polymap.bends.bends:assign_bends:73 | {} | components = [{'corridor_0-south_0'}]           
DEBUG    🐞:polymap.bends.interfaces:get_next_bend:358 | {} | BendHolder: {                           
             'pi2s': {'size': 0, 'pass': 0},                                                          
             'pi3s': {'size': 0, 'pass': 0},                                                          
             'kappa2s': {'size': 0, 'pass': 0},                                                       
             'pis': {'size': 0, 'pass': 0},                                                           
             'kappas': {'size': 1, 'pass': 1},                                                        
             'large': 0,                                                                              
             'not_found': 0                                                                           
         }                                                                                            
DEBUG    🐞:polymap.bends.interfaces:get_next_bend:359 | {} | Next bend is <class                     
         'polymap.bends.interfaces.KappaOne'>(['corridor_0-west_1', 'corridor_0-south_0',             
         'corridor_0-west_2'])                                                                        
DEBUG    🐞:polymap.bends.points:fix_vector_group_on_domain:57 | {} | surf group to heal:             
         ['corridor_0-west_1', 'corridor_0-west_2']                                                   
INFO     ℹ️:polymap.bends.main:remove_all_bends_from_domain:123 | {} | Successfully completed iteration
         for (5013, corridor_0)                                                                       
                                                                                                      
INFO     ℹ️:polymap.bends.main:remove_all_bends_from_domain:61 | {} | Starting to clean (5013,         
         storeroom_1)                                                                                 
INFO     ℹ️:polymap.bends.main:remove_all_bends_from_domain:77 | {} | No small surfaces for (5013,     
         storeroom_1). Ending iteration...                                                            
                                                                                                      
INFO     ℹ️:polymap.bends.main:remove_all_bends_from_domain:61 | {} | Starting to clean (5013,         
         balcony_2)                                                                                   
INFO     ℹ️:polymap.bends.main:remove_all_bends_from_domain:77 | {} | No small surfaces for (5013,     
         balcony_2). Ending iteration...                                                              
                                                                                                      
INFO     ℹ️:polymap.bends.main:remove_all_bends_from_domain:61 | {} | Starting to clean (5013, room_3) 
INFO     ℹ️:polymap.bends.main:remove_all_bends_from_domain:77 | {} | No small surfaces for (5013,     
         room_3). Ending iteration...                                                                 
                                                                                                      
INFO     ℹ️:polymap.bends.main:remove_all_bends_from_domain:61 | {} | Starting to clean (5013,         
         kitchen_4)                                                                                   
INFO     ℹ️:polymap.bends.main:remove_all_bends_from_domain:80 | {} | Starting iteration for (5013,    
         kitchen_4)                                                                                   
TRACE    ✏️:polymap.bends.bends:assign_bends:73 | {} | components = [{'kitchen_4-east_2'},             
         {'kitchen_4-east_1', 'kitchen_4-north_3'}, {'kitchen_4-west_1'}]                             
TRACE    ✏️:polymap.bends.graph:order_nodes_based_on_graph:142 | {} | ['kitchen_4-east_1',             
         'kitchen_4-north_3']                                                                         
TRACE    ✏️:polymap.bends.graph:order_nodes_based_on_graph:150 | {} | [('kitchen_4-east_1',            
         'kitchen_4-north_3')]                                                                        
TRACE    ✏️:polymap.bends.graph:handle_components:174 | {} | {                                         
             'orig_nodes': ['kitchen_4-east_1', 'kitchen_4-north_3'],                                 
             'ordered': ['kitchen_4-east_1', 'kitchen_4-north_3']                                     
         }                                                                                            
DEBUG    🐞:polymap.bends.interfaces:get_next_bend:358 | {} | BendHolder: {                           
             'pi2s': {'size': 1, 'pass': 1},                                                          
             'pi3s': {'size': 0, 'pass': 0},                                                          
             'kappa2s': {'size': 1, 'pass': 1},                                                       
             'pis': {'size': 0, 'pass': 0},                                                           
             'kappas': {'size': 0, 'pass': 0},                                                        
             'large': 0,                                                                              
             'not_found': 0                                                                           
         }                                                                                            
DEBUG    🐞:polymap.bends.interfaces:get_next_bend:359 | {} | Next bend is <class                     
         'polymap.bends.interfaces.PiTwo'>(['kitchen_4-north_0', 'kitchen_4-west_1',                  
         'kitchen_4-north_1', 'kitchen_4-east_2', 'kitchen_4-north_2'])                               
DEBUG    🐞:polymap.bends.points:fix_vector_group_on_domain:57 | {} | surf group to heal:             
         ['kitchen_4-north_1', 'kitchen_4-north_2']                                                   
TRACE    ✏️:polymap.bends.bends:assign_bends:73 | {} | components = [{'kitchen_4-east_2'},             
         {'kitchen_4-east_1', 'kitchen_4-north_2'}]                                                   
TRACE    ✏️:polymap.bends.graph:order_nodes_based_on_graph:142 | {} | ['kitchen_4-east_1',             
         'kitchen_4-north_2']                                                                         
TRACE    ✏️:polymap.bends.graph:order_nodes_based_on_graph:150 | {} | [('kitchen_4-east_1',            
         'kitchen_4-north_2')]                                                                        
TRACE    ✏️:polymap.bends.graph:handle_components:174 | {} | {                                         
             'orig_nodes': ['kitchen_4-east_1', 'kitchen_4-north_2'],                                 
             'ordered': ['kitchen_4-east_1', 'kitchen_4-north_2']                                     
         }                                                                                            
DEBUG    🐞:polymap.bends.interfaces:get_next_bend:358 | {} | BendHolder: {                           
             'pi2s': {'size': 0, 'pass': 0},                                                          
             'pi3s': {'size': 0, 'pass': 0},                                                          
             'kappa2s': {'size': 1, 'pass': 1},                                                       
             'pis': {'size': 0, 'pass': 0},                                                           
             'kappas': {'size': 1, 'pass': 1},                                                        
             'large': 0,                                                                              
             'not_found': 0                                                                           
         }                                                                                            
DEBUG    🐞:polymap.bends.interfaces:get_next_bend:359 | {} | Next bend is <class                     
         'polymap.bends.interfaces.KappaTwo'>(['kitchen_4-north_1', 'kitchen_4-east_1',               
         'kitchen_4-north_2', 'kitchen_4-east_0'])                                                    
DEBUG    🐞:polymap.bends.points:fix_vector_group_on_domain:57 | {} | surf group to heal:             
         ['kitchen_4-east_1', 'kitchen_4-east_0']                                                     
TRACE    ✏️:polymap.bends.bends:assign_bends:73 | {} | components = [{'kitchen_4-east_1'}]             
DEBUG    🐞:polymap.bends.interfaces:get_next_bend:358 | {} | BendHolder: {                           
             'pi2s': {'size': 0, 'pass': 0},                                                          
             'pi3s': {'size': 0, 'pass': 0},                                                          
             'kappa2s': {'size': 0, 'pass': 0},                                                       
             'pis': {'size': 0, 'pass': 0},                                                           
             'kappas': {'size': 1, 'pass': 1},                                                        
             'large': 0,                                                                              
             'not_found': 0                                                                           
         }                                                                                            
DEBUG    🐞:polymap.bends.interfaces:get_next_bend:359 | {} | Next bend is <class                     
         'polymap.bends.interfaces.KappaOne'>(['kitchen_4-north_0', 'kitchen_4-east_1',               
         'kitchen_4-north_1'])                                                                        
DEBUG    🐞:polymap.bends.points:fix_vector_group_on_domain:57 | {} | surf group to heal:             
         ['kitchen_4-north_0', 'kitchen_4-north_1']                                                   
INFO     ℹ️:polymap.bends.main:remove_all_bends_from_domain:123 | {} | Successfully completed iteration
         for (5013, kitchen_4)                                                                        
                                                                                                      
INFO     ℹ️:polymap.bends.main:remove_all_bends_from_domain:61 | {} | Starting to clean (5013,         
         living_room_5)                                                                               
INFO     ℹ️:polymap.bends.main:remove_all_bends_from_domain:80 | {} | Starting iteration for (5013,    
         living_room_5)                                                                               
TRACE    ✏️:polymap.bends.bends:assign_bends:73 | {} | components = [{'living_room_5-east_2',          
         'living_room_5-north_0'}, {'living_room_5-east_1'}, {'living_room_5-west_0'}]                
TRACE    ✏️:polymap.bends.graph:order_nodes_based_on_graph:142 | {} | ['living_room_5-north_0',        
         'living_room_5-east_2']                                                                      
TRACE    ✏️:polymap.bends.graph:order_nodes_based_on_graph:150 | {} | [('living_room_5-north_0',       
         'living_room_5-east_2')]                                                                     
TRACE    ✏️:polymap.bends.graph:handle_components:174 | {} | {                                         
             'orig_nodes': ['living_room_5-east_2', 'living_room_5-north_0'],                         
             'ordered': ['living_room_5-north_0', 'living_room_5-east_2']                             
         }                                                                                            
DEBUG    🐞:polymap.bends.interfaces:get_next_bend:358 | {} | BendHolder: {                           
             'pi2s': {'size': 1, 'pass': 1},                                                          
             'pi3s': {'size': 0, 'pass': 0},                                                          
             'kappa2s': {'size': 1, 'pass': 1},                                                       
             'pis': {'size': 0, 'pass': 0},                                                           
             'kappas': {'size': 0, 'pass': 0},                                                        
             'large': 0,                                                                              
             'not_found': 0                                                                           
         }                                                                                            
DEBUG    🐞:polymap.bends.interfaces:get_next_bend:359 | {} | Next bend is <class                     
         'polymap.bends.interfaces.PiTwo'>(['living_room_5-south_2', 'living_room_5-west_0',          
         'living_room_5-south_1', 'living_room_5-east_1', 'living_room_5-south_0'])                   
DEBUG    🐞:polymap.bends.points:fix_vector_group_on_domain:57 | {} | surf group to heal:             
         ['living_room_5-south_1', 'living_room_5-south_0']                                           
TRACE    ✏️:polymap.bends.bends:assign_bends:73 | {} | components = [{'living_room_5-east_1',          
         'living_room_5-north_0'}, {'living_room_5-west_0'}]                                          
TRACE    ✏️:polymap.bends.graph:order_nodes_based_on_graph:142 | {} | ['living_room_5-north_0',        
         'living_room_5-east_1']                                                                      
TRACE    ✏️:polymap.bends.graph:order_nodes_based_on_graph:150 | {} | [('living_room_5-north_0',       
         'living_room_5-east_1')]                                                                     
TRACE    ✏️:polymap.bends.graph:handle_components:174 | {} | {                                         
             'orig_nodes': ['living_room_5-east_1', 'living_room_5-north_0'],                         
             'ordered': ['living_room_5-north_0', 'living_room_5-east_1']                             
         }                                                                                            
DEBUG    🐞:polymap.bends.interfaces:get_next_bend:358 | {} | BendHolder: {                           
             'pi2s': {'size': 0, 'pass': 0},                                                          
             'pi3s': {'size': 0, 'pass': 0},                                                          
             'kappa2s': {'size': 1, 'pass': 1},                                                       
             'pis': {'size': 0, 'pass': 0},                                                           
             'kappas': {'size': 1, 'pass': 1},                                                        
             'large': 0,                                                                              
             'not_found': 0                                                                           
         }                                                                                            
DEBUG    🐞:polymap.bends.interfaces:get_next_bend:359 | {} | Next bend is <class                     
         'polymap.bends.interfaces.KappaTwo'>(['living_room_5-west_1', 'living_room_5-north_0',       
         'living_room_5-east_1', 'living_room_5-north_1'])                                            
DEBUG    🐞:polymap.bends.points:fix_vector_group_on_domain:57 | {} | surf group to heal:             
         ['living_room_5-north_0', 'living_room_5-north_1']                                           
TRACE    ✏️:polymap.bends.bends:assign_bends:73 | {} | components = [{'living_room_5-west_0'}]         
DEBUG    🐞:polymap.bends.interfaces:get_next_bend:358 | {} | BendHolder: {                           
             'pi2s': {'size': 0, 'pass': 0},                                                          
             'pi3s': {'size': 0, 'pass': 0},                                                          
             'kappa2s': {'size': 0, 'pass': 0},                                                       
             'pis': {'size': 0, 'pass': 0},                                                           
             'kappas': {'size': 1, 'pass': 1},                                                        
             'large': 0,                                                                              
             'not_found': 0                                                                           
         }                                                                                            
DEBUG    🐞:polymap.bends.interfaces:get_next_bend:359 | {} | Next bend is <class                     
         'polymap.bends.interfaces.KappaOne'>(['living_room_5-south_1', 'living_room_5-west_0',       
         'living_room_5-south_0'])                                                                    
DEBUG    🐞:polymap.bends.points:fix_vector_group_on_domain:57 | {} | surf group to heal:             
         ['living_room_5-south_1', 'living_room_5-south_0']                                           
INFO     ℹ️:polymap.bends.main:remove_all_bends_from_domain:123 | {} | Successfully completed iteration
         for (5013, living_room_5)                                                                    
                                                                                                      
INFO     ℹ️:polymap.bends.main:remove_all_bends_from_domain:61 | {} | Starting to clean (5013,         
         dining_6)                                                                                    
INFO     ℹ️:polymap.bends.main:remove_all_bends_from_domain:80 | {} | Starting iteration for (5013,    
         dining_6)                                                                                    
TRACE    ✏️:polymap.bends.bends:assign_bends:73 | {} | components = [{'dining_6-east_0'},              
         {'dining_6-west_0'}]                                                                         
DEBUG    🐞:polymap.bends.interfaces:get_next_bend:358 | {} | BendHolder: {                           
             'pi2s': {'size': 0, 'pass': 0},                                                          
             'pi3s': {'size': 0, 'pass': 0},                                                          
             'kappa2s': {'size': 0, 'pass': 0},                                                       
             'pis': {'size': 0, 'pass': 0},                                                           
             'kappas': {'size': 2, 'pass': 2},                                                        
             'large': 0,                                                                              
             'not_found': 0                                                                           
         }                                                                                            
DEBUG    🐞:polymap.bends.interfaces:get_next_bend:359 | {} | Next bend is <class                     
         'polymap.bends.interfaces.KappaOne'>(['dining_6-south_3', 'dining_6-east_0',                 
         'dining_6-south_2'])                                                                         
ERROR    ❌:polymap.geometry.modify.validate:message:37 | {} | dining_6 is invalid! Reason: Non-ortho 
         vector near PairedCoord[(0.52, 0.50), (-0.51, 0.50)]: v=<-1.0288736007482848,                
         -0.004334178030842573, 0>                                                                    
WARNING  ⚠️:polymap.bends.errors:show_message:41 | {} | Invalid Move for 5013-dining_6                 
WARNING  ⚠️:polymap.bends.errors:show_message:42 | {} | Non-ortho vector near PairedCoord[(0.52, 0.50),
         (-0.51, 0.50)]: v=<-1.0288736007482848, -0.004334178030842573, 0>                            
WARNING  ⚠️:polymap.bends.errors:show_message:45 | {} | BendHolder: {                                  
             'pi2s': {'size': 0, 'pass': 0},                                                          
             'pi3s': {'size': 0, 'pass': 0},                                                          
             'kappa2s': {'size': 0, 'pass': 0},                                                       
             'pis': {'size': 0, 'pass': 0},                                                           
             'kappas': {'size': 2, 'pass': 2},                                                        
             'large': 0,                                                                              
             'not_found': 0                                                                           
         }                                                                                            
WARNING  ⚠️:polymap.bends.errors:show_message:48 | {} | Current bend is <class                         
         'polymap.bends.interfaces.KappaOne'>(['dining_6-south_3', 'dining_6-east_0',                 
         'dining_6-south_2'])                                                                         
WARNING  ⚠️:polymap.bends.errors:show_message:49 | {} | {                                              
             'a': 'dining_6-south_3 | <-1, 0, 0> | False |  PairedCoord[(3.16, 0.50), (1.14, 0.50)] ',
             's1': 'dining_6-east_0 | <0, -1, 0> | True |  PairedCoord[(1.14, 0.50), (1.14, 0.50)] ', 
             'b': 'dining_6-south_2 | <-1, 0, 0> | False |  PairedCoord[(1.14, 0.50), (0.52, 0.50)] ' 
         }                                                                                            
INFO     ℹ️:polymap.bends.main:remove_all_bends_from_domain:61 | {} | Starting to clean (5013,         
         corridor_7)                                                                                  
INFO     ℹ️:polymap.bends.main:remove_all_bends_from_domain:77 | {} | No small surfaces for (5013,     
         corridor_7). Ending iteration...                                                             
                                                                                                      
INFO     ℹ️:polymap.bends.main:remove_all_bends_from_domain:61 | {} | Starting to clean (5013, shaft_8)
INFO     ℹ️:polymap.bends.main:remove_all_bends_from_domain:77 | {} | No small surfaces for (5013,     
         shaft_8). Ending iteration...                                                                
                                                                                                      
INFO     ℹ️:polymap.bends.main:remove_all_bends_from_domain:61 | {} | Starting to clean (5013, room_9) 
INFO     ℹ️:polymap.bends.main:remove_all_bends_from_domain:77 | {} | No small surfaces for (5013,     
         room_9). Ending iteration...                                                                 
                                                                                                      
INFO     ℹ️:polymap.bends.main:remove_all_bends_from_domain:61 | {} | Starting to clean (5013,         
         bathroom_10)                                                                                 
INFO     ℹ️:polymap.bends.main:remove_all_bends_from_domain:80 | {} | Starting iteration for (5013,    
         bathroom_10)                                                                                 
TRACE    ✏️:polymap.bends.bends:assign_bends:73 | {} | components = [{'bathroom_10-north_1',           
         'bathroom_10-east_1'}]                                                                       
TRACE    ✏️:polymap.bends.graph:order_nodes_based_on_graph:142 | {} | ['bathroom_10-north_1',          
         'bathroom_10-east_1']                                                                        
TRACE    ✏️:polymap.bends.graph:order_nodes_based_on_graph:150 | {} | [('bathroom_10-north_1',         
         'bathroom_10-east_1')]                                                                       
TRACE    ✏️:polymap.bends.graph:handle_components:174 | {} | {                                         
             'orig_nodes': ['bathroom_10-north_1', 'bathroom_10-east_1'],                             
             'ordered': ['bathroom_10-north_1', 'bathroom_10-east_1']                                 
         }                                                                                            
DEBUG    🐞:polymap.bends.interfaces:get_next_bend:358 | {} | BendHolder: {                           
             'pi2s': {'size': 0, 'pass': 0},                                                          
             'pi3s': {'size': 0, 'pass': 0},                                                          
             'kappa2s': {'size': 1, 'pass': 1},                                                       
             'pis': {'size': 0, 'pass': 0},                                                           
             'kappas': {'size': 0, 'pass': 0},                                                        
             'large': 0,                                                                              
             'not_found': 0                                                                           
         }                                                                                            
DEBUG    🐞:polymap.bends.interfaces:get_next_bend:359 | {} | Next bend is <class                     
         'polymap.bends.interfaces.KappaTwo'>(['bathroom_10-east_2', 'bathroom_10-north_1',           
         'bathroom_10-east_1', 'bathroom_10-north_2'])                                                
DEBUG    🐞:polymap.bends.points:fix_vector_group_on_domain:57 | {} | surf group to heal:             
         ['bathroom_10-north_1', 'bathroom_10-north_2']                                               
INFO     ℹ️:polymap.bends.main:remove_all_bends_from_domain:123 | {} | Successfully completed iteration
         for (5013, bathroom_10)                                                                      
                                                                                                      
WARNING  ⚠️:polymap.cli.make.main:simplify:69 | {} | Bad domains exist which may cause problems:       
         ['(5013, dining_6)']                                                                         
INFO     ℹ️:polymap.geometry.modify.precision:decrease_layout_precision:75 | {} | New precision is 3   
