INFO     ℹ️:polymap.layout.main.move:try_moves:122 | {} | roots=['kitchen_0-east_0',                   
         'living_room_2-east_0', 'corridor_1-east_1']                                                 
DEBUG    🐞:polymap.layout.main.move:try_moves:127 | {} |                                             
         root:KITCHEN_0-EAST_0.                                                                       
         [{('kitchen_0-east_0', 'corridor_1-west_0'): 0.2610000000000001}]                            
                                                                                                      
DEBUG    🐞:polymap.layout.main.move:try_moves:134 | {} | Moving kitchen_0-east_0 by                  
         0.2610000000000001 to corridor_1-west_0                                                      
TRACE    ✏️:polymap.layout.main.move:study_polygon_changes:44 | {} | kitchen_0 has changed!            
SUCCESS  ✅:polymap.geometry.modify.validate:validate_layout_overlaps:173 | {} | No overlaps in the   
         layout                                                                                       
DEBUG    🐞:polymap.layout.main.move:try_moves:127 | {} |                                             
         root:LIVING_ROOM_2-EAST_0.                                                                   
         [{('living_room_2-east_0', 'room_5-west_0'): 0.12699999999999978}]                           
                                                                                                      
DEBUG    🐞:polymap.layout.main.move:try_moves:134 | {} | Moving living_room_2-east_0 by              
         0.12699999999999978 to room_5-west_0                                                         
TRACE    ✏️:polymap.layout.main.move:study_polygon_changes:44 | {} | living_room_2 has changed!        
SUCCESS  ✅:polymap.geometry.modify.validate:validate_layout_overlaps:173 | {} | No overlaps in the   
         layout                                                                                       
DEBUG    🐞:polymap.layout.main.move:try_moves:127 | {} |                                             
         root:CORRIDOR_1-EAST_1.                                                                      
         [{('corridor_1-east_1', 'bathroom_4-west_0'): 0.258}]                                        
                                                                                                      
DEBUG    🐞:polymap.layout.main.move:try_moves:134 | {} | Moving corridor_1-east_1 by 0.258 to        
         bathroom_4-west_0                                                                            
TRACE    ✏️:polymap.layout.main.move:study_polygon_changes:44 | {} | corridor_1 has changed!           
SUCCESS  ✅:polymap.geometry.modify.validate:validate_layout_overlaps:173 | {} | No overlaps in the   
         layout                                                                                       
SUCCESS  ✅:polymap.geometry.modify.validate:validate_layout_overlaps:173 | {} | No overlaps in the   
         layout                                                                                       
