INFO     ℹ️:polymap.layout.main.move:try_moves:122 | {} | roots=['balcony_4-north_0', 'room_1-north_0',
         'room_1-north_1', 'room_2-north_0', 'corridor_6-north_0']                                    
DEBUG    🐞:polymap.layout.main.move:try_moves:127 | {} |                                             
         root:BALCONY_4-NORTH_0.                                                                      
         [{('balcony_4-north_0', 'room_1-south_0'): 0.41799999999999926}]                             
                                                                                                      
DEBUG    🐞:polymap.layout.main.move:try_moves:134 | {} | Moving balcony_4-north_0 by                 
         0.41799999999999926 to room_1-south_0                                                        
TRACE    ✏️:polymap.layout.main.move:study_polygon_changes:44 | {} | balcony_4 has changed!            
SUCCESS  ✅:polymap.geometry.modify.validate:validate_layout_overlaps:173 | {} | No overlaps in the   
         layout                                                                                       
DEBUG    🐞:polymap.layout.main.move:try_moves:127 | {} |                                             
         root:ROOM_1-NORTH_0.                                                                         
         [{('room_1-north_0', 'corridor_6-south_0'): 0.4759999999999991}]                             
                                                                                                      
DEBUG    🐞:polymap.layout.main.move:try_moves:134 | {} | Moving room_1-north_0 by 0.4759999999999991 
         to corridor_6-south_0                                                                        
TRACE    ✏️:polymap.layout.main.move:study_polygon_changes:44 | {} | room_1 has changed!               
SUCCESS  ✅:polymap.geometry.modify.validate:validate_layout_overlaps:173 | {} | No overlaps in the   
         layout                                                                                       
DEBUG    🐞:polymap.layout.main.move:try_moves:127 | {} |                                             
         root:ROOM_1-NORTH_1.                                                                         
         [{('room_1-north_1', 'corridor_6-south_0'): 0.19699999999999918}]                            
                                                                                                      
DEBUG    🐞:polymap.layout.main.move:try_moves:134 | {} | Moving room_1-north_1 by 0.19699999999999918
         to corridor_6-south_0                                                                        
TRACE    ✏️:polymap.layout.main.move:study_polygon_changes:44 | {} | room_1 has changed!               
SUCCESS  ✅:polymap.geometry.modify.validate:validate_layout_overlaps:173 | {} | No overlaps in the   
         layout                                                                                       
DEBUG    🐞:polymap.layout.main.move:try_moves:127 | {} |                                             
         root:ROOM_2-NORTH_0.                                                                         
         [{('room_2-north_0', 'room_0-south_0'): 0.16300000000000026}]                                
                                                                                                      
DEBUG    🐞:polymap.layout.main.move:try_moves:134 | {} | Moving room_2-north_0 by 0.16300000000000026
         to room_0-south_0                                                                            
TRACE    ✏️:polymap.layout.main.move:study_polygon_changes:44 | {} | room_2 has changed!               
SUCCESS  ✅:polymap.geometry.modify.validate:validate_layout_overlaps:173 | {} | No overlaps in the   
         layout                                                                                       
DEBUG    🐞:polymap.layout.main.move:try_moves:127 | {} |                                             
         root:CORRIDOR_6-NORTH_0.                                                                     
         [{('corridor_6-north_0', 'kitchen_3-south_0'): 0.18799999999999883}]                         
                                                                                                      
DEBUG    🐞:polymap.layout.main.move:try_moves:134 | {} | Moving corridor_6-north_0 by                
         0.18799999999999883 to kitchen_3-south_0                                                     
TRACE    ✏️:polymap.layout.main.move:study_polygon_changes:44 | {} | corridor_6 has changed!           
SUCCESS  ✅:polymap.geometry.modify.validate:validate_layout_overlaps:173 | {} | No overlaps in the   
         layout                                                                                       
SUCCESS  ✅:polymap.geometry.modify.validate:validate_layout_overlaps:173 | {} | No overlaps in the   
         layout                                                                                       
