INFO     ℹ️:polymap.nonortho.main:orthogonalize_dom:11 | {'name': 'room_0'} | Resolving non-ortho on   
         room_0                                                                                       
DEBUG    🐞:polymap.nonortho.dot:get_aligned_vector:27 | {'name': 'room_0'} | vector to align:        
         <3.3771852236340036, 0, 0> | result: <3.3771852236340036, 0.0, 0.0>                          
DEBUG    🐞:polymap.nonortho.dot:get_aligned_vector:27 | {'name': 'room_0'} | vector to align:        
         <-0.019280419020073936, -4.675627022591029, 0> | result: <0.0, -4.675627022591029, 0.0>      
DEBUG    🐞:polymap.nonortho.dot:get_aligned_vector:27 | {'name': 'room_0'} | vector to align:        
         <-2.714932840460974, 0.001398113291099623, 0> | result: <-2.714932840460974, 0.0, 0.0>       
DEBUG    🐞:polymap.nonortho.dot:get_aligned_vector:27 | {'name': 'room_0'} | vector to align:        
         <-0.0013102099773716347, 0.3477982892660587, 0> | result: <0.0, 0.3477982892660587, 0.0>     
DEBUG    🐞:polymap.nonortho.dot:get_aligned_vector:27 | {'name': 'room_0'} | vector to align:        
         <-0.6253545458249166, -0.0023558073475973274, 0> | result: <-0.6253545458249166, 0.0, 0.0>   
DEBUG    🐞:polymap.nonortho.dot:get_aligned_vector:27 | {'name': 'room_0'} | vector to align:        
         <-0.01630720835066768, 4.3287864273814725, 0> | result: <0.0, 4.3287864273814725, 0.0>       
INFO     ℹ️:polymap.nonortho.main:orthogonalize_dom:19 | {'name': 'room_0'} | Finished resolving       
         non-ortho on room_0                                                                          
                                                                                                      
INFO     ℹ️:polymap.nonortho.main:orthogonalize_dom:11 | {'name': 'balcony_1'} | Resolving non-ortho on
         balcony_1                                                                                    
DEBUG    🐞:polymap.nonortho.dot:get_aligned_vector:27 | {'name': 'balcony_1'} | vector to align:     
         <0.165393205319055, 0.000623061798997071, 0> | result: <0.165393205319055, 0.0, 0.0>         
DEBUG    🐞:polymap.nonortho.dot:get_aligned_vector:27 | {'name': 'balcony_1'} | vector to align:     
         <0.5365614454762095, 0.6016344720441626, 0> | result: <0.0, 0.6016344720441626, 0.0>         
DEBUG    🐞:polymap.nonortho.dot:get_aligned_vector:27 | {'name': 'balcony_1'} | vector to align:     
         <0.00023004876764209925, 8.666293087600252e-07, 0> | result: <0.00023004876764209925, 0.0,   
         0.0>                                                                                         
DEBUG    🐞:polymap.nonortho.dot:get_aligned_vector:27 | {'name': 'balcony_1'} | vector to align:     
         <-9.643938128078844e-07, 0.0002560005834952861, 0> | result: <0.0, 0.0002560005834952861,    
         0.0>                                                                                         
DEBUG    🐞:polymap.nonortho.dot:get_aligned_vector:27 | {'name': 'balcony_1'} | vector to align:     
         <0.05902309979521547, 0.06618129537246631, 0> | result: <0.0, 0.06618129537246631, 0.0>      
DEBUG    🐞:polymap.nonortho.dot:get_aligned_vector:27 | {'name': 'balcony_1'} | vector to align:     
         <1.5039540829895846, 0.005665627767173831, 0> | result: <1.5039540829895846, 0.0, 0.0>       
DEBUG    🐞:polymap.nonortho.dot:get_aligned_vector:27 | {'name': 'balcony_1'} | vector to align:     
         <0.00035337110224098467, -0.09380318190054915, 0> | result: <0.0, -0.09380318190054915, 0.0> 
DEBUG    🐞:polymap.nonortho.dot:get_aligned_vector:27 | {'name': 'balcony_1'} | vector to align:     
         <0.03580398664557105, 0.0001348791583533071, 0> | result: <0.03580398664557105, 0.0, 0.0>    
DEBUG    🐞:polymap.nonortho.dot:get_aligned_vector:27 | {'name': 'balcony_1'} | vector to align:     
         <0.4590908115678891, -0.5598824909715914, 0> | result: <0.0, -0.5598824909715914, 0.0>       
DEBUG    🐞:polymap.nonortho.dot:get_aligned_vector:27 | {'name': 'balcony_1'} | vector to align:     
         <0.17304465826321191, -0.0007135670824798268, 0> | result: <0.17304465826321191, 0.0, 0.0>   
DEBUG    🐞:polymap.nonortho.dot:get_aligned_vector:27 | {'name': 'balcony_1'} | vector to align:     
         <0.0030542067386898353, -0.8107462903856995, 0> | result: <0.0, -0.8107462903856995, 0.0>    
DEBUG    🐞:polymap.nonortho.dot:get_aligned_vector:27 | {'name': 'balcony_1'} | vector to align:     
         <-2.9335567165058096, 0.007236921147558029, 0> | result: <-2.9335567165058096, 0.0, 0.0>     
DEBUG    🐞:polymap.nonortho.dot:get_aligned_vector:27 | {'name': 'balcony_1'} | vector to align:     
         <-0.0029512357656873434, 0.7834124058388046, 0> | result: <0.0, 0.7834124058388046, 0.0>     
ERROR    ❌:polymap.geometry.modify.validate:message:37 | {'name': 'balcony_1'} | balcony_1 is        
         invalid! Reason: NOT ORTHOGONAL                                                              
ERROR    ❌:polymap.geometry.modify.validate:message:37 | {} | balcony_1 is invalid! Reason: NOT      
         ORTHOGONAL                                                                                   
Traceback (most recent call last):
  File "/Users/julietnwagwuume-ezeoke/_UILCode/gqe-phd/fpopt/studies2/msd2/.venv/lib/python3.13/site-packages/polymap/nonortho/main.py", line 16, in orthogonalize_dom
    assert new_dom.is_orthogonal
           ^^^^^^^^^^^^^^^^^^^^^
AssertionError

During handling of the above exception, another exception occurred:

Traceback (most recent call last):
  File "/Users/julietnwagwuume-ezeoke/_UILCode/gqe-phd/fpopt/studies2/msd2/.venv/lib/python3.13/site-packages/polymap/cli/make/main.py", line 52, in ortho
    layout = orthogonalize_layout(in_layout)
  File "/Users/julietnwagwuume-ezeoke/_UILCode/gqe-phd/fpopt/studies2/msd2/.venv/lib/python3.13/site-packages/polymap/nonortho/main.py", line 28, in orthogonalize_layout
    return Layout(list(new_doms))
                  ~~~~^^^^^^^^^^
  File "/Users/julietnwagwuume-ezeoke/_UILCode/gqe-phd/fpopt/studies2/msd2/.venv/lib/python3.13/site-packages/polymap/nonortho/main.py", line 27, in <lambda>
    new_doms = map(lambda x: orthogonalize_dom(x), layout.domains)
                             ~~~~~~~~~~~~~~~~~^^^
  File "/Users/julietnwagwuume-ezeoke/_UILCode/gqe-phd/fpopt/studies2/msd2/.venv/lib/python3.13/site-packages/polymap/nonortho/main.py", line 18, in orthogonalize_dom
    raise InvalidPolygonError(new_dom.polygon, dom.name, "NOT ORTHOGONAL")
polymap.geometry.modify.validate.InvalidPolygonError: (<POLYGON ((1.131 -7.05, 1.131 -6.448, 1.667 -6.448, 1.667 -6.448, 1.667 -6.3...>, 'balcony_1', 'NOT ORTHOGONAL')

During handling of the above exception, another exception occurred:

Traceback (most recent call last):
  File "/Users/julietnwagwuume-ezeoke/_UILCode/gqe-phd/fpopt/studies2/msd2/.venv/bin/polymap", line 10, in <module>
    sys.exit(main())
             ~~~~^^
  File "/Users/julietnwagwuume-ezeoke/_UILCode/gqe-phd/fpopt/studies2/msd2/.venv/lib/python3.13/site-packages/polymap/cli/main.py", line 22, in main
    app()
    ~~~^^
  File "/Users/julietnwagwuume-ezeoke/_UILCode/gqe-phd/fpopt/studies2/msd2/.venv/lib/python3.13/site-packages/cyclopts/core.py", line 1869, in __call__
    result = _run_maybe_async_command(command, bound, resolved_backend)
  File "/Users/julietnwagwuume-ezeoke/_UILCode/gqe-phd/fpopt/studies2/msd2/.venv/lib/python3.13/site-packages/cyclopts/_run.py", line 50, in _run_maybe_async_command
    return command(*bound.args, **bound.kwargs)
  File "/Users/julietnwagwuume-ezeoke/_UILCode/gqe-phd/fpopt/studies2/msd2/.venv/lib/python3.13/site-packages/polymap/cli/make/main.py", line 57, in ortho
    raise RuntimeError(
        "Could not orthogonalize the layout due to at least one polygon being non-orthogonalizable"
    )
RuntimeError: Could not orthogonalize the layout due to at least one polygon being non-orthogonalizable
