INFO     ℹ️:polymap.layout.main.move:try_moves:122 | {} | roots=['balcony_0-north_0',                  
         'bathroom_6-north_0', 'shaft_4-north_0', 'bathroom_6-north_1', 'kitchen_2-north_0',          
         'shaft_5-north_0', 'bathroom_6-north_2']                                                     
DEBUG    🐞:polymap.layout.main.move:try_moves:127 | {} |                                             
         root:BALCONY_0-NORTH_0.                                                                      
         [{('balcony_0-north_0', 'room_1-south_0'): 0.41500000000000004}]                             
                                                                                                      
DEBUG    🐞:polymap.layout.main.move:try_moves:134 | {} | Moving balcony_0-north_0 by                 
         0.41500000000000004 to room_1-south_0                                                        
TRACE    ✏️:polymap.layout.main.move:study_polygon_changes:44 | {} | balcony_0 has changed!            
SUCCESS  ✅:polymap.geometry.modify.validate:validate_layout_overlaps:173 | {} | No overlaps in the   
         layout                                                                                       
DEBUG    🐞:polymap.layout.main.move:try_moves:127 | {} |                                             
         root:BATHROOM_6-NORTH_0.                                                                     
         [{('bathroom_6-north_0', 'shaft_4-south_0'): 0.027000000000000135}]                          
                                                                                                      
DEBUG    🐞:polymap.layout.main.move:try_moves:134 | {} | Moving bathroom_6-north_0 by                
         0.027000000000000135 to shaft_4-south_0                                                      
TRACE    ✏️:polymap.layout.main.move:study_polygon_changes:44 | {} | bathroom_6 has changed!           
SUCCESS  ✅:polymap.geometry.modify.validate:validate_layout_overlaps:173 | {} | No overlaps in the   
         layout                                                                                       
DEBUG    🐞:polymap.layout.main.move:try_moves:127 | {} |                                             
         root:SHAFT_4-NORTH_0.                                                                        
         [{('shaft_4-north_0', 'bathroom_6-south_1'): 0.02799999999999958}]                           
                                                                                                      
DEBUG    🐞:polymap.layout.main.move:try_moves:134 | {} | Moving shaft_4-north_0 by                   
         0.02799999999999958 to bathroom_6-south_1                                                    
TRACE    ✏️:polymap.layout.main.move:study_polygon_changes:44 | {} | shaft_4 has changed!              
SUCCESS  ✅:polymap.geometry.modify.validate:validate_layout_overlaps:173 | {} | No overlaps in the   
         layout                                                                                       
DEBUG    🐞:polymap.layout.main.move:try_moves:127 | {} |                                             
         root:BATHROOM_6-NORTH_1.                                                                     
         [{('bathroom_6-north_1', 'shaft_5-south_0'): 0.03799999999999981}]                           
                                                                                                      
DEBUG    🐞:polymap.layout.main.move:try_moves:134 | {} | Moving bathroom_6-north_1 by                
         0.03799999999999981 to shaft_5-south_0                                                       
TRACE    ✏️:polymap.layout.main.move:study_polygon_changes:44 | {} | bathroom_6 has changed!           
SUCCESS  ✅:polymap.geometry.modify.validate:validate_layout_overlaps:173 | {} | No overlaps in the   
         layout                                                                                       
DEBUG    🐞:polymap.layout.main.move:try_moves:127 | {} |                                             
         root:KITCHEN_2-NORTH_0.                                                                      
         [{('kitchen_2-north_0', 'corridor_3-south_0'): 0.121}]                                       
                                                                                                      
DEBUG    🐞:polymap.layout.main.move:try_moves:134 | {} | Moving kitchen_2-north_0 by 0.121 to        
         corridor_3-south_0                                                                           
TRACE    ✏️:polymap.layout.main.move:study_polygon_changes:44 | {} | kitchen_2 has changed!            
SUCCESS  ✅:polymap.geometry.modify.validate:validate_layout_overlaps:173 | {} | No overlaps in the   
         layout                                                                                       
DEBUG    🐞:polymap.layout.main.move:try_moves:127 | {} |                                             
         root:SHAFT_5-NORTH_0.                                                                        
         [{('shaft_5-north_0', 'corridor_3-south_0'): 0.11899999999999977}]                           
                                                                                                      
DEBUG    🐞:polymap.layout.main.move:try_moves:134 | {} | Moving shaft_5-north_0 by                   
         0.11899999999999977 to corridor_3-south_0                                                    
TRACE    ✏️:polymap.layout.main.move:study_polygon_changes:44 | {} | shaft_5 has changed!              
SUCCESS  ✅:polymap.geometry.modify.validate:validate_layout_overlaps:173 | {} | No overlaps in the   
         layout                                                                                       
DEBUG    🐞:polymap.layout.main.move:try_moves:127 | {} |                                             
         root:BATHROOM_6-NORTH_2.                                                                     
         [{('bathroom_6-north_2', 'corridor_3-south_0'): 0.11799999999999988}]                        
                                                                                                      
DEBUG    🐞:polymap.layout.main.move:try_moves:134 | {} | Moving bathroom_6-north_2 by                
         0.11799999999999988 to corridor_3-south_0                                                    
TRACE    ✏️:polymap.layout.main.move:study_polygon_changes:44 | {} | bathroom_6 has changed!           
SUCCESS  ✅:polymap.geometry.modify.validate:validate_layout_overlaps:173 | {} | No overlaps in the   
         layout                                                                                       
SUCCESS  ✅:polymap.geometry.modify.validate:validate_layout_overlaps:173 | {} | No overlaps in the   
         layout                                                                                       
