INFO     ℹ️:polymap.layout.main.move:try_moves:122 | {} | roots=['bathroom_2-east_0',                  
         'corridor_0-east_0', 'kitchen_4-east_0']                                                     
DEBUG    🐞:polymap.layout.main.move:try_moves:127 | {} |                                             
         root:BATHROOM_2-EAST_0.                                                                      
         [{('bathroom_2-east_0', 'kitchen_4-west_0'): 0.1200000000000001}]                            
                                                                                                      
DEBUG    🐞:polymap.layout.main.move:try_moves:134 | {} | Moving bathroom_2-east_0 by                 
         0.1200000000000001 to kitchen_4-west_0                                                       
TRACE    ✏️:polymap.layout.main.move:study_polygon_changes:44 | {} | bathroom_2 has changed!           
SUCCESS  ✅:polymap.geometry.modify.validate:validate_layout_overlaps:173 | {} | No overlaps in the   
         layout                                                                                       
DEBUG    🐞:polymap.layout.main.move:try_moves:127 | {} |                                             
         root:CORRIDOR_0-EAST_0.                                                                      
         [{('corridor_0-east_0', 'living_room_3-west_0'): 0.129}]                                     
                                                                                                      
DEBUG    🐞:polymap.layout.main.move:try_moves:134 | {} | Moving corridor_0-east_0 by 0.129 to        
         living_room_3-west_0                                                                         
TRACE    ✏️:polymap.layout.main.move:study_polygon_changes:44 | {} | corridor_0 has changed!           
SUCCESS  ✅:polymap.geometry.modify.validate:validate_layout_overlaps:173 | {} | No overlaps in the   
         layout                                                                                       
DEBUG    🐞:polymap.layout.main.move:try_moves:127 | {} |                                             
         root:KITCHEN_4-EAST_0.                                                                       
         [{('kitchen_4-east_0', 'living_room_3-west_0'): 0.129}]                                      
                                                                                                      
DEBUG    🐞:polymap.layout.main.move:try_moves:134 | {} | Moving kitchen_4-east_0 by 0.129 to         
         living_room_3-west_0                                                                         
TRACE    ✏️:polymap.layout.main.move:study_polygon_changes:44 | {} | kitchen_4 has changed!            
SUCCESS  ✅:polymap.geometry.modify.validate:validate_layout_overlaps:173 | {} | No overlaps in the   
         layout                                                                                       
SUCCESS  ✅:polymap.geometry.modify.validate:validate_layout_overlaps:173 | {} | No overlaps in the   
         layout                                                                                       
