INFO     ℹ️:polymap.layout.main.move:try_moves:122 | {} | roots=['balcony_5-north_0',                  
         'kitchen_0-north_0', 'bathroom_3-north_0']                                                   
DEBUG    🐞:polymap.layout.main.move:try_moves:127 | {} |                                             
         root:BALCONY_5-NORTH_0.                                                                      
         [{('balcony_5-north_0', 'room_2-south_0'): 0.3390000000000004}]                              
                                                                                                      
DEBUG    🐞:polymap.layout.main.move:try_moves:134 | {} | Moving balcony_5-north_0 by                 
         0.3390000000000004 to room_2-south_0                                                         
TRACE    ✏️:polymap.layout.main.move:study_polygon_changes:44 | {} | balcony_5 has changed!            
SUCCESS  ✅:polymap.geometry.modify.validate:validate_layout_overlaps:173 | {} | No overlaps in the   
         layout                                                                                       
DEBUG    🐞:polymap.layout.main.move:try_moves:127 | {} |                                             
         root:KITCHEN_0-NORTH_0.                                                                      
         [{('kitchen_0-north_0', 'corridor_1-south_0'): 0.14500000000000002}]                         
                                                                                                      
DEBUG    🐞:polymap.layout.main.move:try_moves:134 | {} | Moving kitchen_0-north_0 by                 
         0.14500000000000002 to corridor_1-south_0                                                    
TRACE    ✏️:polymap.layout.main.move:study_polygon_changes:44 | {} | kitchen_0 has changed!            
SUCCESS  ✅:polymap.geometry.modify.validate:validate_layout_overlaps:173 | {} | No overlaps in the   
         layout                                                                                       
DEBUG    🐞:polymap.layout.main.move:try_moves:127 | {} |                                             
         root:BATHROOM_3-NORTH_0.                                                                     
         [{('bathroom_3-north_0', 'corridor_1-south_0'): 0.14200000000000013}]                        
                                                                                                      
DEBUG    🐞:polymap.layout.main.move:try_moves:134 | {} | Moving bathroom_3-north_0 by                
         0.14200000000000013 to corridor_1-south_0                                                    
TRACE    ✏️:polymap.layout.main.move:study_polygon_changes:44 | {} | bathroom_3 has changed!           
SUCCESS  ✅:polymap.geometry.modify.validate:validate_layout_overlaps:173 | {} | No overlaps in the   
         layout                                                                                       
SUCCESS  ✅:polymap.geometry.modify.validate:validate_layout_overlaps:173 | {} | No overlaps in the   
         layout                                                                                       
