TRACE    ✏️:polymap.nonortho.main:orthogonalize_dom:22 | {'name': 'dining_0'} | No non-ortho on        
         dining_0                                                                                     
                                                                                                      
TRACE    ✏️:polymap.nonortho.main:orthogonalize_dom:22 | {'name': 'shaft_1'} | No non-ortho on shaft_1 
                                                                                                      
TRACE    ✏️:polymap.nonortho.main:orthogonalize_dom:22 | {'name': 'shaft_2'} | No non-ortho on shaft_2 
                                                                                                      
TRACE    ✏️:polymap.nonortho.main:orthogonalize_dom:22 | {'name': 'corridor_3'} | No non-ortho on      
         corridor_3                                                                                   
                                                                                                      
TRACE    ✏️:polymap.nonortho.main:orthogonalize_dom:22 | {'name': 'shaft_4'} | No non-ortho on shaft_4 
                                                                                                      
TRACE    ✏️:polymap.nonortho.main:orthogonalize_dom:22 | {'name': 'corridor_5'} | No non-ortho on      
         corridor_5                                                                                   
                                                                                                      
TRACE    ✏️:polymap.nonortho.main:orthogonalize_dom:22 | {'name': 'room_6'} | No non-ortho on room_6   
                                                                                                      
TRACE    ✏️:polymap.nonortho.main:orthogonalize_dom:22 | {'name': 'bathroom_7'} | No non-ortho on      
         bathroom_7                                                                                   
                                                                                                      
TRACE    ✏️:polymap.nonortho.main:orthogonalize_dom:22 | {'name': 'shaft_8'} | No non-ortho on shaft_8 
                                                                                                      
TRACE    ✏️:polymap.nonortho.main:orthogonalize_dom:22 | {'name': 'room_9'} | No non-ortho on room_9   
                                                                                                      
TRACE    ✏️:polymap.nonortho.main:orthogonalize_dom:22 | {'name': 'living_room_10'} | No non-ortho on  
         living_room_10                                                                               
                                                                                                      
TRACE    ✏️:polymap.nonortho.main:orthogonalize_dom:22 | {'name': 'balcony_11'} | No non-ortho on      
         balcony_11                                                                                   
                                                                                                      
TRACE    ✏️:polymap.nonortho.main:orthogonalize_dom:22 | {'name': 'kitchen_12'} | No non-ortho on      
         kitchen_12                                                                                   
                                                                                                      
TRACE    ✏️:polymap.nonortho.main:orthogonalize_dom:22 | {'name': 'shaft_13'} | No non-ortho on        
         shaft_13                                                                                     
                                                                                                      
TRACE    ✏️:polymap.nonortho.main:orthogonalize_dom:22 | {'name': 'shaft_14'} | No non-ortho on        
         shaft_14                                                                                     
                                                                                                      
TRACE    ✏️:polymap.nonortho.main:orthogonalize_dom:22 | {'name': 'storeroom_15'} | No non-ortho on    
         storeroom_15                                                                                 
                                                                                                      
