TRACE    ✏️:polymap.nonortho.main:orthogonalize_dom:22 | {'name': 'dining_0'} | No non-ortho on        
         dining_0                                                                                     
                                                                                                      
TRACE    ✏️:polymap.nonortho.main:orthogonalize_dom:22 | {'name': 'kitchen_1'} | No non-ortho on       
         kitchen_1                                                                                    
                                                                                                      
INFO     ℹ️:polymap.nonortho.main:orthogonalize_dom:11 | {'name': 'bathroom_2'} | Resolving non-ortho  
         on bathroom_2                                                                                
DEBUG    🐞:polymap.nonortho.dot:get_aligned_vector:27 | {'name': 'bathroom_2'} | vector to align:    
         <0.12361629506669747, 0.08655706165125876, 0> | result: <0.12361629506669747, 0.0, 0.0>      
DEBUG    🐞:polymap.nonortho.dot:get_aligned_vector:27 | {'name': 'bathroom_2'} | vector to align:    
         <0.004873117847634667, 0, 0> | result: <0.004873117847634667, 0.0, 0.0>                      
DEBUG    🐞:polymap.nonortho.dot:get_aligned_vector:27 | {'name': 'bathroom_2'} | vector to align: <0,
         0.008977537144708503, 0> | result: <0.0, 0.008977537144708503, 0.0>                          
DEBUG    🐞:polymap.nonortho.dot:get_aligned_vector:27 | {'name': 'bathroom_2'} | vector to align:    
         <0.03252533998600615, 0, 0> | result: <0.03252533998600615, 0.0, 0.0>                        
DEBUG    🐞:polymap.nonortho.dot:get_aligned_vector:27 | {'name': 'bathroom_2'} | vector to align: <0,
         0.5111082946969971, 0> | result: <0.0, 0.5111082946969971, 0.0>                              
DEBUG    🐞:polymap.nonortho.dot:get_aligned_vector:27 | {'name': 'bathroom_2'} | vector to align:    
         <-0.018955903585664124, 0, 0> | result: <-0.018955903585664124, 0.0, 0.0>                    
DEBUG    🐞:polymap.nonortho.dot:get_aligned_vector:27 | {'name': 'bathroom_2'} | vector to align: <0,
         0.5770473597410173, 0> | result: <0.0, 0.5770473597410173, 0.0>                              
DEBUG    🐞:polymap.nonortho.dot:get_aligned_vector:27 | {'name': 'bathroom_2'} | vector to align:    
         <0.4436939974995142, 0, 0> | result: <0.4436939974995142, 0.0, 0.0>                          
DEBUG    🐞:polymap.nonortho.dot:get_aligned_vector:27 | {'name': 'bathroom_2'} | vector to align: <0,
         0.003989892520904981, 0> | result: <0.0, 0.003989892520904981, 0.0>                          
DEBUG    🐞:polymap.nonortho.dot:get_aligned_vector:27 | {'name': 'bathroom_2'} | vector to align:    
         <1.0373014952696753, 0, 0> | result: <1.0373014952696753, 0.0, 0.0>                          
DEBUG    🐞:polymap.nonortho.dot:get_aligned_vector:27 | {'name': 'bathroom_2'} | vector to align: <0,
         -0.0011516782343399257, 0> | result: <0.0, -0.0011516782343399257, 0.0>                      
DEBUG    🐞:polymap.nonortho.dot:get_aligned_vector:27 | {'name': 'bathroom_2'} | vector to align:    
         <0.1426585067546764, 0, 0> | result: <0.1426585067546764, 0.0, 0.0>                          
DEBUG    🐞:polymap.nonortho.dot:get_aligned_vector:27 | {'name': 'bathroom_2'} | vector to align: <0,
         -2.6878200639303103, 0> | result: <0.0, -2.6878200639303103, 0.0>                            
DEBUG    🐞:polymap.nonortho.dot:get_aligned_vector:27 | {'name': 'bathroom_2'} | vector to align:    
         <-1.7657128488385383, 0, 0> | result: <-1.7657128488385383, 0.0, 0.0>                        
DEBUG    🐞:polymap.nonortho.dot:get_aligned_vector:27 | {'name': 'bathroom_2'} | vector to align: <0,
         1.5012915964097606, 0> | result: <0.0, 1.5012915964097606, 0.0>                              
ERROR    ❌:polymap.geometry.modify.validate:message:37 | {'name': 'bathroom_2'} | bathroom_2 is      
         invalid! Reason: NOT ORTHOGONAL                                                              
ERROR    ❌:polymap.geometry.modify.validate:message:37 | {} | bathroom_2 is invalid! Reason: NOT     
         ORTHOGONAL                                                                                   
Traceback (most recent call last):
  File "/Users/julietnwagwuume-ezeoke/_UILCode/gqe-phd/fpopt/studies2/msd2/.venv/lib/python3.13/site-packages/polymap/nonortho/main.py", line 16, in orthogonalize_dom
    assert new_dom.is_orthogonal
           ^^^^^^^^^^^^^^^^^^^^^
AssertionError

During handling of the above exception, another exception occurred:

Traceback (most recent call last):
  File "/Users/julietnwagwuume-ezeoke/_UILCode/gqe-phd/fpopt/studies2/msd2/.venv/lib/python3.13/site-packages/polymap/cli/make/main.py", line 52, in ortho
    layout = orthogonalize_layout(in_layout)
  File "/Users/julietnwagwuume-ezeoke/_UILCode/gqe-phd/fpopt/studies2/msd2/.venv/lib/python3.13/site-packages/polymap/nonortho/main.py", line 28, in orthogonalize_layout
    return Layout(list(new_doms))
                  ~~~~^^^^^^^^^^
  File "/Users/julietnwagwuume-ezeoke/_UILCode/gqe-phd/fpopt/studies2/msd2/.venv/lib/python3.13/site-packages/polymap/nonortho/main.py", line 27, in <lambda>
    new_doms = map(lambda x: orthogonalize_dom(x), layout.domains)
                             ~~~~~~~~~~~~~~~~~^^^
  File "/Users/julietnwagwuume-ezeoke/_UILCode/gqe-phd/fpopt/studies2/msd2/.venv/lib/python3.13/site-packages/polymap/nonortho/main.py", line 18, in orthogonalize_dom
    raise InvalidPolygonError(new_dom.polygon, dom.name, "NOT ORTHOGONAL")
polymap.geometry.modify.validate.InvalidPolygonError: (<POLYGON ((3.94 0.665, 3.944 0.752, 3.944 0.761, 3.977 0.761, 3.977 1.272, 3...>, 'bathroom_2', 'NOT ORTHOGONAL')

During handling of the above exception, another exception occurred:

Traceback (most recent call last):
  File "/Users/julietnwagwuume-ezeoke/_UILCode/gqe-phd/fpopt/studies2/msd2/.venv/bin/polymap", line 10, in <module>
    sys.exit(main())
             ~~~~^^
  File "/Users/julietnwagwuume-ezeoke/_UILCode/gqe-phd/fpopt/studies2/msd2/.venv/lib/python3.13/site-packages/polymap/cli/main.py", line 22, in main
    app()
    ~~~^^
  File "/Users/julietnwagwuume-ezeoke/_UILCode/gqe-phd/fpopt/studies2/msd2/.venv/lib/python3.13/site-packages/cyclopts/core.py", line 1869, in __call__
    result = _run_maybe_async_command(command, bound, resolved_backend)
  File "/Users/julietnwagwuume-ezeoke/_UILCode/gqe-phd/fpopt/studies2/msd2/.venv/lib/python3.13/site-packages/cyclopts/_run.py", line 50, in _run_maybe_async_command
    return command(*bound.args, **bound.kwargs)
  File "/Users/julietnwagwuume-ezeoke/_UILCode/gqe-phd/fpopt/studies2/msd2/.venv/lib/python3.13/site-packages/polymap/cli/make/main.py", line 57, in ortho
    raise RuntimeError(
        "Could not orthogonalize the layout due to at least one polygon being non-orthogonalizable"
    )
RuntimeError: Could not orthogonalize the layout due to at least one polygon being non-orthogonalizable
