INFO     ℹ️:polymap.bends.main:remove_all_bends_from_domain:61 | {} | Starting to clean (6289,         
         bathroom_0)                                                                                  
INFO     ℹ️:polymap.bends.main:remove_all_bends_from_domain:77 | {} | No small surfaces for (6289,     
         bathroom_0). Ending iteration...                                                             
                                                                                                      
INFO     ℹ️:polymap.bends.main:remove_all_bends_from_domain:61 | {} | Starting to clean (6289,         
         corridor_1)                                                                                  
INFO     ℹ️:polymap.bends.main:remove_all_bends_from_domain:80 | {} | Starting iteration for (6289,    
         corridor_1)                                                                                  
TRACE    ✏️:polymap.bends.bends:assign_bends:73 | {} | components = [{'corridor_1-north_1',            
         'corridor_1-west_1'}, {'corridor_1-east_2'}, {'corridor_1-south_3', 'corridor_1-east_0'},    
         {'corridor_1-south_0'}, {'corridor_1-north_3', 'corridor_1-east_4'}]                         
TRACE    ✏️:polymap.bends.graph:order_nodes_based_on_graph:142 | {} | ['corridor_1-north_1',           
         'corridor_1-west_1']                                                                         
TRACE    ✏️:polymap.bends.graph:order_nodes_based_on_graph:150 | {} | [('corridor_1-north_1',          
         'corridor_1-west_1')]                                                                        
TRACE    ✏️:polymap.bends.graph:handle_components:174 | {} | {                                         
             'orig_nodes': ['corridor_1-north_1', 'corridor_1-west_1'],                               
             'ordered': ['corridor_1-north_1', 'corridor_1-west_1']                                   
         }                                                                                            
TRACE    ✏️:polymap.bends.graph:order_nodes_based_on_graph:142 | {} | ['corridor_1-south_3',           
         'corridor_1-east_0']                                                                         
TRACE    ✏️:polymap.bends.graph:order_nodes_based_on_graph:150 | {} | [('corridor_1-south_3',          
         'corridor_1-east_0')]                                                                        
TRACE    ✏️:polymap.bends.graph:handle_components:174 | {} | {                                         
             'orig_nodes': ['corridor_1-south_3', 'corridor_1-east_0'],                               
             'ordered': ['corridor_1-south_3', 'corridor_1-east_0']                                   
         }                                                                                            
TRACE    ✏️:polymap.bends.graph:order_nodes_based_on_graph:142 | {} | ['corridor_1-north_3',           
         'corridor_1-east_4']                                                                         
TRACE    ✏️:polymap.bends.graph:order_nodes_based_on_graph:150 | {} | [('corridor_1-north_3',          
         'corridor_1-east_4')]                                                                        
TRACE    ✏️:polymap.bends.graph:handle_components:174 | {} | {                                         
             'orig_nodes': ['corridor_1-north_3', 'corridor_1-east_4'],                               
             'ordered': ['corridor_1-north_3', 'corridor_1-east_4']                                   
         }                                                                                            
DEBUG    🐞:polymap.bends.interfaces:get_next_bend:358 | {} | BendHolder: {                           
             'pi2s': {'size': 0, 'pass': 0},                                                          
             'pi3s': {'size': 0, 'pass': 0},                                                          
             'kappa2s': {'size': 3, 'pass': 3},                                                       
             'pis': {'size': 1, 'pass': 1},                                                           
             'kappas': {'size': 1, 'pass': 1},                                                        
             'large': 0,                                                                              
             'not_found': 0                                                                           
         }                                                                                            
DEBUG    🐞:polymap.bends.interfaces:get_next_bend:359 | {} | Next bend is <class                     
         'polymap.bends.interfaces.KappaTwo'>(['corridor_1-east_6', 'corridor_1-north_1',             
         'corridor_1-west_1', 'corridor_1-north_2'])                                                  
DEBUG    🐞:polymap.bends.points:fix_vector_group_on_domain:57 | {} | surf group to heal:             
         ['corridor_1-north_1', 'corridor_1-north_2']                                                 
TRACE    ✏️:polymap.bends.bends:assign_bends:73 | {} | components = [{'corridor_1-east_2'},            
         {'corridor_1-south_3', 'corridor_1-east_0'}, {'corridor_1-south_0'}, {'corridor_1-east_4',   
         'corridor_1-north_2'}]                                                                       
TRACE    ✏️:polymap.bends.graph:order_nodes_based_on_graph:142 | {} | ['corridor_1-south_3',           
         'corridor_1-east_0']                                                                         
TRACE    ✏️:polymap.bends.graph:order_nodes_based_on_graph:150 | {} | [('corridor_1-south_3',          
         'corridor_1-east_0')]                                                                        
TRACE    ✏️:polymap.bends.graph:handle_components:174 | {} | {                                         
             'orig_nodes': ['corridor_1-south_3', 'corridor_1-east_0'],                               
             'ordered': ['corridor_1-south_3', 'corridor_1-east_0']                                   
         }                                                                                            
TRACE    ✏️:polymap.bends.graph:order_nodes_based_on_graph:142 | {} | ['corridor_1-north_2',           
         'corridor_1-east_4']                                                                         
TRACE    ✏️:polymap.bends.graph:order_nodes_based_on_graph:150 | {} | [('corridor_1-north_2',          
         'corridor_1-east_4')]                                                                        
TRACE    ✏️:polymap.bends.graph:handle_components:174 | {} | {                                         
             'orig_nodes': ['corridor_1-east_4', 'corridor_1-north_2'],                               
             'ordered': ['corridor_1-north_2', 'corridor_1-east_4']                                   
         }                                                                                            
DEBUG    🐞:polymap.bends.interfaces:get_next_bend:358 | {} | BendHolder: {                           
             'pi2s': {'size': 0, 'pass': 0},                                                          
             'pi3s': {'size': 0, 'pass': 0},                                                          
             'kappa2s': {'size': 2, 'pass': 2},                                                       
             'pis': {'size': 1, 'pass': 1},                                                           
             'kappas': {'size': 1, 'pass': 1},                                                        
             'large': 0,                                                                              
             'not_found': 0                                                                           
         }                                                                                            
DEBUG    🐞:polymap.bends.interfaces:get_next_bend:359 | {} | Next bend is <class                     
         'polymap.bends.interfaces.KappaTwo'>(['corridor_1-east_1', 'corridor_1-south_3',             
         'corridor_1-east_0', 'corridor_1-south_1'])                                                  
DEBUG    🐞:polymap.bends.points:fix_vector_group_on_domain:57 | {} | surf group to heal:             
         ['corridor_1-south_3', 'corridor_1-south_1']                                                 
TRACE    ✏️:polymap.bends.bends:assign_bends:73 | {} | components = [{'corridor_1-east_3',             
         'corridor_1-north_2'}, {'corridor_1-east_1'}, {'corridor_1-south_0'}]                        
TRACE    ✏️:polymap.bends.graph:order_nodes_based_on_graph:142 | {} | ['corridor_1-north_2',           
         'corridor_1-east_3']                                                                         
TRACE    ✏️:polymap.bends.graph:order_nodes_based_on_graph:150 | {} | [('corridor_1-north_2',          
         'corridor_1-east_3')]                                                                        
TRACE    ✏️:polymap.bends.graph:handle_components:174 | {} | {                                         
             'orig_nodes': ['corridor_1-east_3', 'corridor_1-north_2'],                               
             'ordered': ['corridor_1-north_2', 'corridor_1-east_3']                                   
         }                                                                                            
DEBUG    🐞:polymap.bends.interfaces:get_next_bend:358 | {} | BendHolder: {                           
             'pi2s': {'size': 0, 'pass': 0},                                                          
             'pi3s': {'size': 0, 'pass': 0},                                                          
             'kappa2s': {'size': 1, 'pass': 1},                                                       
             'pis': {'size': 1, 'pass': 1},                                                           
             'kappas': {'size': 1, 'pass': 1},                                                        
             'large': 0,                                                                              
             'not_found': 0                                                                           
         }                                                                                            
DEBUG    🐞:polymap.bends.interfaces:get_next_bend:359 | {} | Next bend is <class                     
         'polymap.bends.interfaces.KappaTwo'>(['corridor_1-east_4', 'corridor_1-north_2',             
         'corridor_1-east_3', 'corridor_1-north_3'])                                                  
DEBUG    🐞:polymap.bends.points:fix_vector_group_on_domain:57 | {} | surf group to heal:             
         ['corridor_1-north_2', 'corridor_1-north_3']                                                 
TRACE    ✏️:polymap.bends.bends:assign_bends:73 | {} | components = [{'corridor_1-east_1'},            
         {'corridor_1-south_0'}]                                                                      
DEBUG    🐞:polymap.bends.interfaces:get_next_bend:358 | {} | BendHolder: {                           
             'pi2s': {'size': 0, 'pass': 0},                                                          
             'pi3s': {'size': 0, 'pass': 0},                                                          
             'kappa2s': {'size': 0, 'pass': 0},                                                       
             'pis': {'size': 1, 'pass': 1},                                                           
             'kappas': {'size': 1, 'pass': 1},                                                        
             'large': 0,                                                                              
             'not_found': 0                                                                           
         }                                                                                            
DEBUG    🐞:polymap.bends.interfaces:get_next_bend:359 | {} | Next bend is <class                     
         'polymap.bends.interfaces.PiOne'>(['corridor_1-south_2', 'corridor_1-east_1',                
         'corridor_1-north_3'])                                                                       
DEBUG    🐞:polymap.bends.points:fix_vector_group_on_domain:57 | {} | surf group to heal:             
         ['corridor_1-east_1', 'corridor_1-east_0']                                                   
TRACE    ✏️:polymap.bends.bends:assign_bends:73 | {} | components = [{'corridor_1-south_0'}]           
DEBUG    🐞:polymap.bends.interfaces:get_next_bend:358 | {} | BendHolder: {                           
             'pi2s': {'size': 0, 'pass': 0},                                                          
             'pi3s': {'size': 0, 'pass': 0},                                                          
             'kappa2s': {'size': 0, 'pass': 0},                                                       
             'pis': {'size': 0, 'pass': 0},                                                           
             'kappas': {'size': 1, 'pass': 1},                                                        
             'large': 0,                                                                              
             'not_found': 0                                                                           
         }                                                                                            
DEBUG    🐞:polymap.bends.interfaces:get_next_bend:359 | {} | Next bend is <class                     
         'polymap.bends.interfaces.KappaOne'>(['corridor_1-west_0', 'corridor_1-south_0',             
         'corridor_1-west_1'])                                                                        
DEBUG    🐞:polymap.bends.points:fix_vector_group_on_domain:57 | {} | surf group to heal:             
         ['corridor_1-west_0', 'corridor_1-west_1']                                                   
INFO     ℹ️:polymap.bends.main:remove_all_bends_from_domain:123 | {} | Successfully completed iteration
         for (6289, corridor_1)                                                                       
                                                                                                      
INFO     ℹ️:polymap.bends.main:remove_all_bends_from_domain:61 | {} | Starting to clean (6289, room_2) 
INFO     ℹ️:polymap.bends.main:remove_all_bends_from_domain:77 | {} | No small surfaces for (6289,     
         room_2). Ending iteration...                                                                 
                                                                                                      
INFO     ℹ️:polymap.bends.main:remove_all_bends_from_domain:61 | {} | Starting to clean (6289,         
         kitchen_3)                                                                                   
INFO     ℹ️:polymap.bends.main:remove_all_bends_from_domain:77 | {} | No small surfaces for (6289,     
         kitchen_3). Ending iteration...                                                              
                                                                                                      
INFO     ℹ️:polymap.bends.main:remove_all_bends_from_domain:61 | {} | Starting to clean (6289,         
         living_room_4)                                                                               
INFO     ℹ️:polymap.bends.main:remove_all_bends_from_domain:80 | {} | Starting iteration for (6289,    
         living_room_4)                                                                               
TRACE    ✏️:polymap.bends.bends:assign_bends:73 | {} | components = [{'living_room_4-east_2',          
         'living_room_4-east_1', 'living_room_4-north_1'}, {'living_room_4-south_0'}]                 
TRACE    ✏️:polymap.bends.graph:order_nodes_based_on_graph:142 | {} | ['living_room_4-east_2',         
         'living_room_4-north_1', 'living_room_4-east_1']                                             
TRACE    ✏️:polymap.bends.graph:order_nodes_based_on_graph:146 | {} | [['living_room_4-east_2',        
         'living_room_4-north_1', 'living_room_4-east_1']]                                            
TRACE    ✏️:polymap.bends.graph:handle_components:174 | {} | {                                         
             'orig_nodes': [                                                                          
                 'living_room_4-east_2',                                                              
                 'living_room_4-east_1',                                                              
                 'living_room_4-north_1'                                                              
             ],                                                                                       
             'ordered': [                                                                             
                 'living_room_4-east_2',                                                              
                 'living_room_4-north_1',                                                             
                 'living_room_4-east_1'                                                               
             ]                                                                                        
         }                                                                                            
TRACE    ✏️:polymap.bends.graph:order_nodes_based_on_graph:142 | {} | ['living_room_4-east_2',         
         'living_room_4-north_1', 'living_room_4-east_1']                                             
TRACE    ✏️:polymap.bends.graph:order_nodes_based_on_graph:146 | {} | [['living_room_4-east_2',        
         'living_room_4-north_1', 'living_room_4-east_1']]                                            
TRACE    ✏️:polymap.bends.graph:handle_components:174 | {} | {                                         
             'orig_nodes': [                                                                          
                 'living_room_4-east_2',                                                              
                 'living_room_4-east_1',                                                              
                 'living_room_4-north_1'                                                              
             ],                                                                                       
             'ordered': [                                                                             
                 'living_room_4-east_2',                                                              
                 'living_room_4-north_1',                                                             
                 'living_room_4-east_1'                                                               
             ]                                                                                        
         }                                                                                            
DEBUG    🐞:polymap.bends.interfaces:get_next_bend:358 | {} | BendHolder: {                           
             'pi2s': {'size': 0, 'pass': 0},                                                          
             'pi3s': {'size': 0, 'pass': 0},                                                          
             'kappa2s': {'size': 1, 'pass': 1},                                                       
             'pis': {'size': 0, 'pass': 0},                                                           
             'kappas': {'size': 1, 'pass': 1},                                                        
             'large': 1,                                                                              
             'not_found': 0                                                                           
         }                                                                                            
DEBUG    🐞:polymap.bends.interfaces:get_next_bend:359 | {} | Next bend is <class                     
         'polymap.bends.interfaces.KappaTwo'>(['living_room_4-north_0', 'living_room_4-east_2',       
         'living_room_4-north_1', 'living_room_4-east_1'])                                            
DEBUG    🐞:polymap.bends.points:fix_vector_group_on_domain:57 | {} | surf group to heal:             
         ['living_room_4-east_2', 'living_room_4-east_1']                                             
TRACE    ✏️:polymap.bends.bends:assign_bends:73 | {} | components = [{'living_room_4-south_0'},        
         {'living_room_4-east_1'}]                                                                    
DEBUG    🐞:polymap.bends.interfaces:get_next_bend:358 | {} | BendHolder: {                           
             'pi2s': {'size': 0, 'pass': 0},                                                          
             'pi3s': {'size': 0, 'pass': 0},                                                          
             'kappa2s': {'size': 0, 'pass': 0},                                                       
             'pis': {'size': 0, 'pass': 0},                                                           
             'kappas': {'size': 2, 'pass': 2},                                                        
             'large': 0,                                                                              
             'not_found': 0                                                                           
         }                                                                                            
DEBUG    🐞:polymap.bends.interfaces:get_next_bend:359 | {} | Next bend is <class                     
         'polymap.bends.interfaces.KappaOne'>(['living_room_4-west_0', 'living_room_4-south_0',       
         'living_room_4-west_1'])                                                                     
DEBUG    🐞:polymap.bends.points:fix_vector_group_on_domain:57 | {} | surf group to heal:             
         ['living_room_4-west_0', 'living_room_4-west_1']                                             
TRACE    ✏️:polymap.bends.bends:assign_bends:73 | {} | components = [{'living_room_4-east_1'}]         
DEBUG    🐞:polymap.bends.interfaces:get_next_bend:358 | {} | BendHolder: {                           
             'pi2s': {'size': 0, 'pass': 0},                                                          
             'pi3s': {'size': 0, 'pass': 0},                                                          
             'kappa2s': {'size': 0, 'pass': 0},                                                       
             'pis': {'size': 0, 'pass': 0},                                                           
             'kappas': {'size': 1, 'pass': 1},                                                        
             'large': 0,                                                                              
             'not_found': 0                                                                           
         }                                                                                            
DEBUG    🐞:polymap.bends.interfaces:get_next_bend:359 | {} | Next bend is <class                     
         'polymap.bends.interfaces.KappaOne'>(['living_room_4-north_0', 'living_room_4-east_1',       
         'living_room_4-north_1'])                                                                    
DEBUG    🐞:polymap.bends.points:fix_vector_group_on_domain:57 | {} | surf group to heal:             
         ['living_room_4-north_0', 'living_room_4-north_1']                                           
INFO     ℹ️:polymap.bends.main:remove_all_bends_from_domain:123 | {} | Successfully completed iteration
         for (6289, living_room_4)                                                                    
                                                                                                      
INFO     ℹ️:polymap.bends.main:remove_all_bends_from_domain:61 | {} | Starting to clean (6289, room_5) 
INFO     ℹ️:polymap.bends.main:remove_all_bends_from_domain:77 | {} | No small surfaces for (6289,     
         room_5). Ending iteration...                                                                 
                                                                                                      
INFO     ℹ️:polymap.geometry.modify.precision:decrease_layout_precision:75 | {} | New precision is 3   
