INFO     ℹ️:polymap.nonortho.main:orthogonalize_dom:11 | {'name': 'room_0'} | Resolving non-ortho on   
         room_0                                                                                       
DEBUG    🐞:polymap.nonortho.dot:get_aligned_vector:27 | {'name': 'room_0'} | vector to align:        
         <0.016903780390121526, 3.902834311486955, 0> | result: <0.0, 3.902834311486955, 0.0>         
DEBUG    🐞:polymap.nonortho.dot:get_aligned_vector:27 | {'name': 'room_0'} | vector to align:        
         <3.514879161708702, 0, 0> | result: <3.514879161708702, 0.0, 0.0>                            
DEBUG    🐞:polymap.nonortho.dot:get_aligned_vector:27 | {'name': 'room_0'} | vector to align:        
         <-0.01696971443312112, -3.9180575124150288, 0> | result: <0.0, -3.9180575124150288, 0.0>     
DEBUG    🐞:polymap.nonortho.dot:get_aligned_vector:27 | {'name': 'room_0'} | vector to align:        
         <-3.5148132276657025, 0.015223200928073943, 0> | result: <-3.5148132276657025, 0.0, 0.0>     
INFO     ℹ️:polymap.nonortho.main:orthogonalize_dom:19 | {'name': 'room_0'} | Finished resolving       
         non-ortho on room_0                                                                          
                                                                                                      
INFO     ℹ️:polymap.nonortho.main:orthogonalize_dom:11 | {'name': 'room_1'} | Resolving non-ortho on   
         room_1                                                                                       
DEBUG    🐞:polymap.nonortho.dot:get_aligned_vector:27 | {'name': 'room_1'} | vector to align:        
         <0.01700823239685212, 3.926950743809738, 0> | result: <0.0, 3.926950743809738, 0.0>          
DEBUG    🐞:polymap.nonortho.dot:get_aligned_vector:27 | {'name': 'room_1'} | vector to align:        
         <4.202877822706734, 0, 0> | result: <4.202877822706734, 0.0, 0.0>                            
DEBUG    🐞:polymap.nonortho.dot:get_aligned_vector:27 | {'name': 'room_1'} | vector to align:        
         <-0.013806637086759999, -3.1877494681573797, 0> | result: <0.0, -3.1877494681573797, 0.0>    
DEBUG    🐞:polymap.nonortho.dot:get_aligned_vector:27 | {'name': 'room_1'} | vector to align:        
         <-1.0330714059670498, 0.004474392397950222, 0> | result: <-1.0330714059670498, 0.0, 0.0>     
DEBUG    🐞:polymap.nonortho.dot:get_aligned_vector:27 | {'name': 'room_1'} | vector to align:        
         <-9.429809979977222e-06, -0.002177204453222892, 0> | result: <0.0, -0.002177204453222892,    
         0.0>                                                                                         
DEBUG    🐞:polymap.nonortho.dot:get_aligned_vector:27 | {'name': 'room_1'} | vector to align:        
         <-0.21615750210525375, 0.0009362116486757444, 0> | result: <-0.21615750210525375, 0.0, 0.0>  
DEBUG    🐞:polymap.nonortho.dot:get_aligned_vector:27 | {'name': 'room_1'} | vector to align:        
         <-0.003137809360020949, -0.7244740377932035, 0> | result: <0.0, -0.7244740377932035, 0.0>    
DEBUG    🐞:polymap.nonortho.dot:get_aligned_vector:27 | {'name': 'room_1'} | vector to align:        
         <-2.953703270774521, -0.017960637452558714, 0> | result: <-2.953703270774521, 0.0, 0.0>      
INFO     ℹ️:polymap.nonortho.main:orthogonalize_dom:19 | {'name': 'room_1'} | Finished resolving       
         non-ortho on room_1                                                                          
                                                                                                      
INFO     ℹ️:polymap.nonortho.main:orthogonalize_dom:11 | {'name': 'balcony_2'} | Resolving non-ortho on
         balcony_2                                                                                    
DEBUG    🐞:polymap.nonortho.dot:get_aligned_vector:27 | {'name': 'balcony_2'} | vector to align:     
         <0.01211979073597469, 2.7982814518849923, 0> | result: <0.0, 2.7982814518849923, 0.0>        
DEBUG    🐞:polymap.nonortho.dot:get_aligned_vector:27 | {'name': 'balcony_2'} | vector to align:     
         <1.0666446634471098, -0.004619803380360388, 0> | result: <1.0666446634471098, 0.0, 0.0>      
DEBUG    🐞:polymap.nonortho.dot:get_aligned_vector:27 | {'name': 'balcony_2'} | vector to align:     
         <5.672189081273871e-05, 0.013096250458525471, 0> | result: <0.0, 0.013096250458525471, 0.0>  
DEBUG    🐞:polymap.nonortho.dot:get_aligned_vector:27 | {'name': 'balcony_2'} | vector to align:     
         <0.24328755969399918, -0.0010537161335832934, 0> | result: <0.24328755969399918, 0.0, 0.0>   
DEBUG    🐞:polymap.nonortho.dot:get_aligned_vector:27 | {'name': 'balcony_2'} | vector to align:     
         <-4.7387790059083557e-05, -0.010941143857711833, 0> | result: <0.0, -0.010941143857711833,   
         0.0>                                                                                         
DEBUG    🐞:polymap.nonortho.dot:get_aligned_vector:27 | {'name': 'balcony_2'} | vector to align:     
         <1.2331711127712035, -0.005341055246024684, 0> | result: <1.2331711127712035, 0.0, 0.0>      
DEBUG    🐞:polymap.nonortho.dot:get_aligned_vector:27 | {'name': 'balcony_2'} | vector to align:     
         <0.0003448912187229425, -2.7843277455298443, 0> | result: <0.0, -2.7843277455298443, 0.0>    
DEBUG    🐞:polymap.nonortho.dot:get_aligned_vector:27 | {'name': 'balcony_2'} | vector to align:     
         <-1.2152079523140875, 0.005263254013571306, 0> | result: <-1.2152079523140875, 0.0, 0.0>     
DEBUG    🐞:polymap.nonortho.dot:get_aligned_vector:27 | {'name': 'balcony_2'} | vector to align:     
         <-7.522020312311639e-05, -0.01736723874143742, 0> | result: <0.0, -0.01736723874143742, 0.0> 
DEBUG    🐞:polymap.nonortho.dot:get_aligned_vector:27 | {'name': 'balcony_2'} | vector to align:     
         <-0.3027982084730798, 0.0013114659783246552, 0> | result: <-0.3027982084730798, 0.0, 0.0>    
DEBUG    🐞:polymap.nonortho.dot:get_aligned_vector:27 | {'name': 'balcony_2'} | vector to align:     
         <5.21775144957104e-06, 0.0012047020797849584, 0> | result: <0.0, 0.0012047020797849584, 0.0> 
DEBUG    🐞:polymap.nonortho.dot:get_aligned_vector:27 | {'name': 'balcony_2'} | vector to align:     
         <-1.037501188728923, 0.004493578473763193, 0> | result: <-1.037501188728923, 0.0, 0.0>       
INFO     ℹ️:polymap.nonortho.main:orthogonalize_dom:19 | {'name': 'balcony_2'} | Finished resolving    
         non-ortho on balcony_2                                                                       
                                                                                                      
INFO     ℹ️:polymap.nonortho.main:orthogonalize_dom:11 | {'name': 'shaft_3'} | Resolving non-ortho on  
         shaft_3                                                                                      
DEBUG    🐞:polymap.nonortho.dot:get_aligned_vector:27 | {'name': 'shaft_3'} | vector to align:       
         <0.00014891126084926043, 0.03438142029738245, 0> | result: <0.0, 0.03438142029738245, 0.0>   
DEBUG    🐞:polymap.nonortho.dot:get_aligned_vector:27 | {'name': 'shaft_3'} | vector to align:       
         <0.00015587469478273164, 0.03598917479125152, 0> | result: <0.0, 0.03598917479125152, 0.0>   
DEBUG    🐞:polymap.nonortho.dot:get_aligned_vector:27 | {'name': 'shaft_3'} | vector to align:       
         <0.0009704480089460787, 0.22406217422453123, 0> | result: <0.0, 0.22406217422453123, 0.0>    
DEBUG    🐞:polymap.nonortho.dot:get_aligned_vector:27 | {'name': 'shaft_3'} | vector to align:       
         <0.2965125799474677, -0.0012842419468315214, 0> | result: <0.2965125799474677, 0.0, 0.0>     
DEBUG    🐞:polymap.nonortho.dot:get_aligned_vector:27 | {'name': 'shaft_3'} | vector to align:       
         <-0.12464421399058079, -0.062035980602295204, 0> | result: <-0.12464421399058079, 0.0, 0.0>  
DEBUG    🐞:polymap.nonortho.dot:get_aligned_vector:27 | {'name': 'shaft_3'} | vector to align:       
         <0.007993480727916058, -0.01606069756142503, 0> | result: <0.0, -0.01606069756142503, 0.0>   
DEBUG    🐞:polymap.nonortho.dot:get_aligned_vector:27 | {'name': 'shaft_3'} | vector to align:       
         <-0.16291553547877236, -0.16262952307721124, 0> | result: <-0.16291553547877236, 0.0, 0.0>   
DEBUG    🐞:polymap.nonortho.dot:get_aligned_vector:27 | {'name': 'shaft_3'} | vector to align:       
         <0.005320561545626212, -0.005329918681749035, 0> | result: <0.0, -0.005329918681749035, 0.0> 
DEBUG    🐞:polymap.nonortho.dot:get_aligned_vector:27 | {'name': 'shaft_3'} | vector to align:       
         <-0.023542106716234912, -0.04709240744365317, 0> | result: <0.0, -0.04709240744365317, 0.0>  
ERROR    ❌:polymap.geometry.modify.validate:message:37 | {'name': 'shaft_3'} | shaft_3 is invalid!   
         Reason: NOT ORTHOGONAL                                                                       
ERROR    ❌:polymap.geometry.modify.validate:message:37 | {} | shaft_3 is invalid! Reason: NOT        
         ORTHOGONAL                                                                                   
Traceback (most recent call last):
  File "/Users/julietnwagwuume-ezeoke/_UILCode/gqe-phd/fpopt/studies2/msd2/.venv/lib/python3.13/site-packages/polymap/nonortho/main.py", line 16, in orthogonalize_dom
    assert new_dom.is_orthogonal
           ^^^^^^^^^^^^^^^^^^^^^
AssertionError

During handling of the above exception, another exception occurred:

Traceback (most recent call last):
  File "/Users/julietnwagwuume-ezeoke/_UILCode/gqe-phd/fpopt/studies2/msd2/.venv/lib/python3.13/site-packages/polymap/cli/make/main.py", line 52, in ortho
    layout = orthogonalize_layout(in_layout)
  File "/Users/julietnwagwuume-ezeoke/_UILCode/gqe-phd/fpopt/studies2/msd2/.venv/lib/python3.13/site-packages/polymap/nonortho/main.py", line 28, in orthogonalize_layout
    return Layout(list(new_doms))
                  ~~~~^^^^^^^^^^
  File "/Users/julietnwagwuume-ezeoke/_UILCode/gqe-phd/fpopt/studies2/msd2/.venv/lib/python3.13/site-packages/polymap/nonortho/main.py", line 27, in <lambda>
    new_doms = map(lambda x: orthogonalize_dom(x), layout.domains)
                             ~~~~~~~~~~~~~~~~~^^^
  File "/Users/julietnwagwuume-ezeoke/_UILCode/gqe-phd/fpopt/studies2/msd2/.venv/lib/python3.13/site-packages/polymap/nonortho/main.py", line 18, in orthogonalize_dom
    raise InvalidPolygonError(new_dom.polygon, dom.name, "NOT ORTHOGONAL")
polymap.geometry.modify.validate.InvalidPolygonError: (<POLYGON ((-7.562 0.441, -7.562 0.477, -7.562 0.701, -7.264 0.701, -7.389 0....>, 'shaft_3', 'NOT ORTHOGONAL')

During handling of the above exception, another exception occurred:

Traceback (most recent call last):
  File "/Users/julietnwagwuume-ezeoke/_UILCode/gqe-phd/fpopt/studies2/msd2/.venv/bin/polymap", line 10, in <module>
    sys.exit(main())
             ~~~~^^
  File "/Users/julietnwagwuume-ezeoke/_UILCode/gqe-phd/fpopt/studies2/msd2/.venv/lib/python3.13/site-packages/polymap/cli/main.py", line 22, in main
    app()
    ~~~^^
  File "/Users/julietnwagwuume-ezeoke/_UILCode/gqe-phd/fpopt/studies2/msd2/.venv/lib/python3.13/site-packages/cyclopts/core.py", line 1869, in __call__
    result = _run_maybe_async_command(command, bound, resolved_backend)
  File "/Users/julietnwagwuume-ezeoke/_UILCode/gqe-phd/fpopt/studies2/msd2/.venv/lib/python3.13/site-packages/cyclopts/_run.py", line 50, in _run_maybe_async_command
    return command(*bound.args, **bound.kwargs)
  File "/Users/julietnwagwuume-ezeoke/_UILCode/gqe-phd/fpopt/studies2/msd2/.venv/lib/python3.13/site-packages/polymap/cli/make/main.py", line 57, in ortho
    raise RuntimeError(
        "Could not orthogonalize the layout due to at least one polygon being non-orthogonalizable"
    )
RuntimeError: Could not orthogonalize the layout due to at least one polygon being non-orthogonalizable
