INFO     ℹ️:polymap.layout.main.move:try_moves:122 | {} | roots=['kitchen_0-north_0',                  
         'corridor_1-north_0', 'bathroom_4-north_0', 'room_5-north_0']                                
DEBUG    🐞:polymap.layout.main.move:try_moves:127 | {} |                                             
         root:KITCHEN_0-NORTH_0.                                                                      
         [{('kitchen_0-north_0', 'living_room_2-south_0'): 0.238}]                                    
                                                                                                      
DEBUG    🐞:polymap.layout.main.move:try_moves:134 | {} | Moving kitchen_0-north_0 by 0.238 to        
         living_room_2-south_0                                                                        
TRACE    ✏️:polymap.layout.main.move:study_polygon_changes:44 | {} | kitchen_0 has changed!            
SUCCESS  ✅:polymap.geometry.modify.validate:validate_layout_overlaps:173 | {} | No overlaps in the   
         layout                                                                                       
DEBUG    🐞:polymap.layout.main.move:try_moves:127 | {} |                                             
         root:CORRIDOR_1-NORTH_0.                                                                     
         [{('corridor_1-north_0', 'living_room_2-south_0'): 0.2110000000000003}]                      
                                                                                                      
DEBUG    🐞:polymap.layout.main.move:try_moves:134 | {} | Moving corridor_1-north_0 by                
         0.2110000000000003 to living_room_2-south_0                                                  
TRACE    ✏️:polymap.layout.main.move:study_polygon_changes:44 | {} | corridor_1 has changed!           
SUCCESS  ✅:polymap.geometry.modify.validate:validate_layout_overlaps:173 | {} | No overlaps in the   
         layout                                                                                       
DEBUG    🐞:polymap.layout.main.move:try_moves:127 | {} |                                             
         root:BATHROOM_4-NORTH_0.                                                                     
         [{('bathroom_4-north_0', 'room_5-south_0'): 0.13600000000000012}]                            
                                                                                                      
DEBUG    🐞:polymap.layout.main.move:try_moves:134 | {} | Moving bathroom_4-north_0 by                
         0.13600000000000012 to room_5-south_0                                                        
TRACE    ✏️:polymap.layout.main.move:study_polygon_changes:44 | {} | bathroom_4 has changed!           
SUCCESS  ✅:polymap.geometry.modify.validate:validate_layout_overlaps:173 | {} | No overlaps in the   
         layout                                                                                       
DEBUG    🐞:polymap.layout.main.move:try_moves:127 | {} |                                             
         root:ROOM_5-NORTH_0.                                                                         
         [{('room_5-north_0', 'balcony_3-south_0'): 0.4580000000000002}]                              
                                                                                                      
DEBUG    🐞:polymap.layout.main.move:try_moves:134 | {} | Moving room_5-north_0 by 0.4580000000000002 
         to balcony_3-south_0                                                                         
TRACE    ✏️:polymap.layout.main.move:study_polygon_changes:44 | {} | room_5 has changed!               
SUCCESS  ✅:polymap.geometry.modify.validate:validate_layout_overlaps:173 | {} | No overlaps in the   
         layout                                                                                       
SUCCESS  ✅:polymap.geometry.modify.validate:validate_layout_overlaps:173 | {} | No overlaps in the   
         layout                                                                                       
