INFO     ℹ️:polymap.bends.main:remove_all_bends_from_domain:61 | {} | Starting to clean (5389, room_0) 
INFO     ℹ️:polymap.bends.main:remove_all_bends_from_domain:77 | {} | No small surfaces for (5389,     
         room_0). Ending iteration...                                                                 
                                                                                                      
INFO     ℹ️:polymap.bends.main:remove_all_bends_from_domain:61 | {} | Starting to clean (5389, room_1) 
INFO     ℹ️:polymap.bends.main:remove_all_bends_from_domain:80 | {} | Starting iteration for (5389,    
         room_1)                                                                                      
TRACE    ✏️:polymap.bends.bends:assign_bends:73 | {} | components = [{'room_1-south_1',                
         'room_1-west_1', 'room_1-west_2'}, {'room_1-south_2'}]                                       
TRACE    ✏️:polymap.bends.graph:order_nodes_based_on_graph:142 | {} | ['room_1-west_1',                
         'room_1-south_1', 'room_1-west_2']                                                           
TRACE    ✏️:polymap.bends.graph:order_nodes_based_on_graph:146 | {} | [['room_1-west_1',               
         'room_1-south_1', 'room_1-west_2']]                                                          
TRACE    ✏️:polymap.bends.graph:handle_components:174 | {} | {                                         
             'orig_nodes': ['room_1-south_1', 'room_1-west_1', 'room_1-west_2'],                      
             'ordered': ['room_1-west_1', 'room_1-south_1', 'room_1-west_2']                          
         }                                                                                            
TRACE    ✏️:polymap.bends.graph:order_nodes_based_on_graph:142 | {} | ['room_1-west_1',                
         'room_1-south_1', 'room_1-west_2']                                                           
TRACE    ✏️:polymap.bends.graph:order_nodes_based_on_graph:146 | {} | [['room_1-west_1',               
         'room_1-south_1', 'room_1-west_2']]                                                          
TRACE    ✏️:polymap.bends.graph:handle_components:174 | {} | {                                         
             'orig_nodes': ['room_1-south_1', 'room_1-west_1', 'room_1-west_2'],                      
             'ordered': ['room_1-west_1', 'room_1-south_1', 'room_1-west_2']                          
         }                                                                                            
DEBUG    🐞:polymap.bends.interfaces:get_next_bend:358 | {} | BendHolder: {                           
             'pi2s': {'size': 0, 'pass': 0},                                                          
             'pi3s': {'size': 0, 'pass': 0},                                                          
             'kappa2s': {'size': 1, 'pass': 1},                                                       
             'pis': {'size': 0, 'pass': 0},                                                           
             'kappas': {'size': 1, 'pass': 1},                                                        
             'large': 1,                                                                              
             'not_found': 0                                                                           
         }                                                                                            
DEBUG    🐞:polymap.bends.interfaces:get_next_bend:359 | {} | Next bend is <class                     
         'polymap.bends.interfaces.KappaTwo'>(['room_1-north_0', 'room_1-west_1', 'room_1-south_1',   
         'room_1-west_2'])                                                                            
DEBUG    🐞:polymap.bends.points:fix_vector_group_on_domain:57 | {} | surf group to heal:             
         ['room_1-west_1', 'room_1-west_2']                                                           
TRACE    ✏️:polymap.bends.bends:assign_bends:73 | {} | components = [{'room_1-south_1'}]               
DEBUG    🐞:polymap.bends.interfaces:get_next_bend:358 | {} | BendHolder: {                           
             'pi2s': {'size': 0, 'pass': 0},                                                          
             'pi3s': {'size': 0, 'pass': 0},                                                          
             'kappa2s': {'size': 0, 'pass': 0},                                                       
             'pis': {'size': 0, 'pass': 0},                                                           
             'kappas': {'size': 1, 'pass': 1},                                                        
             'large': 0,                                                                              
             'not_found': 0                                                                           
         }                                                                                            
DEBUG    🐞:polymap.bends.interfaces:get_next_bend:359 | {} | Next bend is <class                     
         'polymap.bends.interfaces.KappaOne'>(['room_1-east_1', 'room_1-south_1', 'room_1-east_0'])   
DEBUG    🐞:polymap.bends.points:fix_vector_group_on_domain:57 | {} | surf group to heal:             
         ['room_1-east_1', 'room_1-east_0']                                                           
INFO     ℹ️:polymap.bends.main:remove_all_bends_from_domain:123 | {} | Successfully completed iteration
         for (5389, room_1)                                                                           
                                                                                                      
INFO     ℹ️:polymap.bends.main:remove_all_bends_from_domain:61 | {} | Starting to clean (5389, room_2) 
INFO     ℹ️:polymap.bends.main:remove_all_bends_from_domain:77 | {} | No small surfaces for (5389,     
         room_2). Ending iteration...                                                                 
                                                                                                      
INFO     ℹ️:polymap.bends.main:remove_all_bends_from_domain:61 | {} | Starting to clean (5389,         
         kitchen_3)                                                                                   
INFO     ℹ️:polymap.bends.main:remove_all_bends_from_domain:80 | {} | Starting iteration for (5389,    
         kitchen_3)                                                                                   
TRACE    ✏️:polymap.bends.bends:assign_bends:73 | {} | components = [{'kitchen_3-south_2',             
         'kitchen_3-west_1'}]                                                                         
TRACE    ✏️:polymap.bends.graph:order_nodes_based_on_graph:142 | {} | ['kitchen_3-south_2',            
         'kitchen_3-west_1']                                                                          
TRACE    ✏️:polymap.bends.graph:order_nodes_based_on_graph:150 | {} | [('kitchen_3-south_2',           
         'kitchen_3-west_1')]                                                                         
TRACE    ✏️:polymap.bends.graph:handle_components:174 | {} | {                                         
             'orig_nodes': ['kitchen_3-south_2', 'kitchen_3-west_1'],                                 
             'ordered': ['kitchen_3-south_2', 'kitchen_3-west_1']                                     
         }                                                                                            
DEBUG    🐞:polymap.bends.interfaces:get_next_bend:358 | {} | BendHolder: {                           
             'pi2s': {'size': 0, 'pass': 0},                                                          
             'pi3s': {'size': 0, 'pass': 0},                                                          
             'kappa2s': {'size': 1, 'pass': 1},                                                       
             'pis': {'size': 0, 'pass': 0},                                                           
             'kappas': {'size': 0, 'pass': 0},                                                        
             'large': 0,                                                                              
             'not_found': 0                                                                           
         }                                                                                            
DEBUG    🐞:polymap.bends.interfaces:get_next_bend:359 | {} | Next bend is <class                     
         'polymap.bends.interfaces.KappaTwo'>(['kitchen_3-east_1', 'kitchen_3-south_2',               
         'kitchen_3-west_1', 'kitchen_3-south_1'])                                                    
DEBUG    🐞:polymap.bends.points:fix_vector_group_on_domain:57 | {} | surf group to heal:             
         ['kitchen_3-south_2', 'kitchen_3-south_1']                                                   
INFO     ℹ️:polymap.bends.main:remove_all_bends_from_domain:123 | {} | Successfully completed iteration
         for (5389, kitchen_3)                                                                        
                                                                                                      
INFO     ℹ️:polymap.bends.main:remove_all_bends_from_domain:61 | {} | Starting to clean (5389,         
         balcony_4)                                                                                   
INFO     ℹ️:polymap.bends.main:remove_all_bends_from_domain:77 | {} | No small surfaces for (5389,     
         balcony_4). Ending iteration...                                                              
                                                                                                      
INFO     ℹ️:polymap.bends.main:remove_all_bends_from_domain:61 | {} | Starting to clean (5389,         
         bathroom_5)                                                                                  
INFO     ℹ️:polymap.bends.main:remove_all_bends_from_domain:80 | {} | Starting iteration for (5389,    
         bathroom_5)                                                                                  
TRACE    ✏️:polymap.bends.bends:assign_bends:73 | {} | components = [{'bathroom_5-west_1',             
         'bathroom_5-north_0'}]                                                                       
TRACE    ✏️:polymap.bends.graph:order_nodes_based_on_graph:142 | {} | ['bathroom_5-north_0',           
         'bathroom_5-west_1']                                                                         
TRACE    ✏️:polymap.bends.graph:order_nodes_based_on_graph:150 | {} | [('bathroom_5-north_0',          
         'bathroom_5-west_1')]                                                                        
TRACE    ✏️:polymap.bends.graph:handle_components:174 | {} | {                                         
             'orig_nodes': ['bathroom_5-west_1', 'bathroom_5-north_0'],                               
             'ordered': ['bathroom_5-north_0', 'bathroom_5-west_1']                                   
         }                                                                                            
DEBUG    🐞:polymap.bends.interfaces:get_next_bend:358 | {} | BendHolder: {                           
             'pi2s': {'size': 0, 'pass': 0},                                                          
             'pi3s': {'size': 0, 'pass': 0},                                                          
             'kappa2s': {'size': 1, 'pass': 1},                                                       
             'pis': {'size': 0, 'pass': 0},                                                           
             'kappas': {'size': 0, 'pass': 0},                                                        
             'large': 0,                                                                              
             'not_found': 0                                                                           
         }                                                                                            
DEBUG    🐞:polymap.bends.interfaces:get_next_bend:359 | {} | Next bend is <class                     
         'polymap.bends.interfaces.KappaTwo'>(['bathroom_5-west_0', 'bathroom_5-north_0',             
         'bathroom_5-west_1', 'bathroom_5-north_1'])                                                  
DEBUG    🐞:polymap.bends.points:fix_vector_group_on_domain:57 | {} | surf group to heal:             
         ['bathroom_5-north_0', 'bathroom_5-north_1']                                                 
INFO     ℹ️:polymap.bends.main:remove_all_bends_from_domain:123 | {} | Successfully completed iteration
         for (5389, bathroom_5)                                                                       
                                                                                                      
INFO     ℹ️:polymap.bends.main:remove_all_bends_from_domain:61 | {} | Starting to clean (5389,         
         corridor_6)                                                                                  
INFO     ℹ️:polymap.bends.main:remove_all_bends_from_domain:77 | {} | No small surfaces for (5389,     
         corridor_6). Ending iteration...                                                             
                                                                                                      
INFO     ℹ️:polymap.geometry.modify.precision:decrease_layout_precision:75 | {} | New precision is 3   
