INFO     ℹ️:polymap.layout.main.plan:summarize_graph_list:89 | {} | [                                  
             {('room_3-east_0', 'corridor_2-west_0'): 0.10799999999999998},                           
             {('room_3-east_0', 'kitchen_1-west_0'): 0.10799999999999998},                            
             {('kitchen_1-east_0', 'bathroom_0-west_0'): 0.10799999999999987},                        
             {('kitchen_1-east_0', 'shaft_4-west_0'): 0.10799999999999987},                           
             {('kitchen_1-east_0', 'shaft_7-west_0'): 0.10799999999999987},                           
             {('shaft_7-east_0', 'bathroom_0-west_1'): 0.028000000000000025},                         
             {('shaft_4-east_0', 'bathroom_0-west_3'): 0.03299999999999992},                          
             {('bathroom_0-east_0', 'room_6-west_0'): 0.1080000000000001},                            
             {('corridor_2-east_0', 'room_6-west_0'): 0.1080000000000001}                             
         ]                                                                                            
INFO     ℹ️:polymap.layout.viz:collect_node_edges:37 | {} | {                                          
             ('room_3-east_0', 'corridor_2-west_0'): 0,                                               
             ('room_3-east_0', 'kitchen_1-west_0'): 1,                                                
             ('kitchen_1-east_0', 'bathroom_0-west_0'): 2,                                            
             ('kitchen_1-east_0', 'shaft_4-west_0'): 3,                                               
             ('kitchen_1-east_0', 'shaft_7-west_0'): 4,                                               
             ('shaft_7-east_0', 'bathroom_0-west_1'): 5,                                              
             ('shaft_4-east_0', 'bathroom_0-west_3'): 6,                                              
             ('bathroom_0-east_0', 'room_6-west_0'): 7,                                               
             ('corridor_2-east_0', 'room_6-west_0'): 8                                                
         }                                                                                            
