INFO     ℹ️:polymap.bends.main:remove_all_bends_from_domain:61 | {} | Starting to clean (5542,         
         corridor_0)                                                                                  
INFO     ℹ️:polymap.bends.main:remove_all_bends_from_domain:80 | {} | Starting iteration for (5542,    
         corridor_0)                                                                                  
TRACE    ✏️:polymap.bends.bends:assign_bends:73 | {} | components = [{'corridor_0-east_2'},            
         {'corridor_0-west_1'}, {'corridor_0-east_1'}]                                                
DEBUG    🐞:polymap.bends.interfaces:get_next_bend:358 | {} | BendHolder: {                           
             'pi2s': {'size': 2, 'pass': 2},                                                          
             'pi3s': {'size': 0, 'pass': 0},                                                          
             'kappa2s': {'size': 0, 'pass': 0},                                                       
             'pis': {'size': 0, 'pass': 0},                                                           
             'kappas': {'size': 0, 'pass': 0},                                                        
             'large': 0,                                                                              
             'not_found': 0                                                                           
         }                                                                                            
DEBUG    🐞:polymap.bends.interfaces:get_next_bend:359 | {} | Next bend is <class                     
         'polymap.bends.interfaces.PiTwo'>(['corridor_0-north_0', 'corridor_0-east_2',                
         'corridor_0-north_1', 'corridor_0-west_1', 'corridor_0-north_2'])                            
DEBUG    🐞:polymap.bends.points:fix_vector_group_on_domain:57 | {} | surf group to heal:             
         ['corridor_0-north_0', 'corridor_0-north_1', 'corridor_0-north_2']                           
TRACE    ✏️:polymap.bends.bends:assign_bends:73 | {} | components = [{'corridor_0-east_1'}]            
DEBUG    🐞:polymap.bends.interfaces:get_next_bend:358 | {} | BendHolder: {                           
             'pi2s': {'size': 0, 'pass': 0},                                                          
             'pi3s': {'size': 0, 'pass': 0},                                                          
             'kappa2s': {'size': 0, 'pass': 0},                                                       
             'pis': {'size': 0, 'pass': 0},                                                           
             'kappas': {'size': 1, 'pass': 1},                                                        
             'large': 0,                                                                              
             'not_found': 0                                                                           
         }                                                                                            
DEBUG    🐞:polymap.bends.interfaces:get_next_bend:359 | {} | Next bend is <class                     
         'polymap.bends.interfaces.KappaOne'>(['corridor_0-north_0', 'corridor_0-east_1',             
         'corridor_0-north_1'])                                                                       
DEBUG    🐞:polymap.bends.points:fix_vector_group_on_domain:57 | {} | surf group to heal:             
         ['corridor_0-north_0', 'corridor_0-north_1']                                                 
INFO     ℹ️:polymap.bends.main:remove_all_bends_from_domain:123 | {} | Successfully completed iteration
         for (5542, corridor_0)                                                                       
                                                                                                      
INFO     ℹ️:polymap.bends.main:remove_all_bends_from_domain:61 | {} | Starting to clean (5542,         
         balcony_1)                                                                                   
INFO     ℹ️:polymap.bends.main:remove_all_bends_from_domain:77 | {} | No small surfaces for (5542,     
         balcony_1). Ending iteration...                                                              
                                                                                                      
INFO     ℹ️:polymap.bends.main:remove_all_bends_from_domain:61 | {} | Starting to clean (5542,         
         bathroom_2)                                                                                  
INFO     ℹ️:polymap.bends.main:remove_all_bends_from_domain:77 | {} | No small surfaces for (5542,     
         bathroom_2). Ending iteration...                                                             
                                                                                                      
INFO     ℹ️:polymap.bends.main:remove_all_bends_from_domain:61 | {} | Starting to clean (5542,         
         living_room_3)                                                                               
INFO     ℹ️:polymap.bends.main:remove_all_bends_from_domain:77 | {} | No small surfaces for (5542,     
         living_room_3). Ending iteration...                                                          
                                                                                                      
INFO     ℹ️:polymap.bends.main:remove_all_bends_from_domain:61 | {} | Starting to clean (5542,         
         kitchen_4)                                                                                   
INFO     ℹ️:polymap.bends.main:remove_all_bends_from_domain:77 | {} | No small surfaces for (5542,     
         kitchen_4). Ending iteration...                                                              
                                                                                                      
INFO     ℹ️:polymap.geometry.modify.precision:decrease_layout_precision:75 | {} | New precision is 3   
