INFO     ℹ️:polymap.layout.main.plan:summarize_graph_list:89 | {} | [                                  
             {('corridor_3-east_1', 'corridor_5-west_0'): 4.371},                                     
             {('corridor_3-east_1', 'room_9-west_0'): 4.371},                                         
             {('dining_0-east_0', 'bathroom_7-west_1'): 0.14400000000000013},                         
             {('dining_0-east_0', 'kitchen_12-west_0'): 0.14400000000000013},                         
             {('corridor_3-east_2', 'bathroom_7-west_0'): 0.391},                                     
             {('corridor_3-east_0', 'corridor_5-west_0'): 0.17400000000000038},                       
             {('corridor_3-east_0', 'room_9-west_0'): 0.17400000000000038},                           
             {('living_room_10-east_0', 'balcony_11-west_1'): 0.383},                                 
             {('living_room_10-east_0', 'room_9-west_0'): 0.17400000000000038},                       
             {('kitchen_12-east_0', 'shaft_13-west_0'): 0.054999999999999716},                        
             {('kitchen_12-east_0', 'shaft_2-west_0'): 0.054999999999999716},                         
             {('kitchen_12-east_0', 'shaft_4-west_0'): 0.054999999999999716},                         
             {('kitchen_12-east_0', 'shaft_8-west_0'): 0.054999999999999716},                         
             {('bathroom_7-east_0', 'shaft_14-west_0'): 0.06400000000000006},                         
             {('bathroom_7-east_0', 'shaft_1-west_0'): 0.02900000000000036},                          
             {('shaft_1-east_0', 'room_6-west_0'): 0.17099999999999982},                              
             {('shaft_2-east_0', 'room_6-west_0'): 0.17099999999999982},                              
             {('shaft_4-east_0', 'room_6-west_0'): 0.17099999999999982},                              
             {('shaft_8-east_0', 'room_6-west_0'): 0.17099999999999982},                              
             {('shaft_13-east_0', 'room_6-west_0'): 0.17099999999999982},                             
             {('shaft_14-east_0', 'room_6-west_0'): 0.17099999999999982},                             
             {('corridor_5-east_0', 'storeroom_15-west_0'): 0.12399999999999989}                      
         ]                                                                                            
INFO     ℹ️:polymap.layout.viz:collect_node_edges:37 | {} | {                                          
             ('corridor_3-east_1', 'corridor_5-west_0'): 0,                                           
             ('corridor_3-east_1', 'room_9-west_0'): 1,                                               
             ('corridor_3-east_2', 'bathroom_7-west_0'): 2,                                           
             ('dining_0-east_0', 'bathroom_7-west_1'): 3,                                             
             ('dining_0-east_0', 'kitchen_12-west_0'): 4,                                             
             ('living_room_10-east_0', 'balcony_11-west_1'): 5,                                       
             ('living_room_10-east_0', 'room_9-west_0'): 6,                                           
             ('corridor_3-east_0', 'corridor_5-west_0'): 7,                                           
             ('corridor_3-east_0', 'room_9-west_0'): 8,                                               
             ('kitchen_12-east_0', 'shaft_13-west_0'): 9,                                             
             ('kitchen_12-east_0', 'shaft_2-west_0'): 10,                                             
             ('kitchen_12-east_0', 'shaft_4-west_0'): 11,                                             
             ('kitchen_12-east_0', 'shaft_8-west_0'): 12,                                             
             ('bathroom_7-east_0', 'shaft_14-west_0'): 13,                                            
             ('bathroom_7-east_0', 'shaft_1-west_0'): 14,                                             
             ('shaft_14-east_0', 'room_6-west_0'): 15,                                                
             ('shaft_1-east_0', 'room_6-west_0'): 16,                                                 
             ('shaft_2-east_0', 'room_6-west_0'): 17,                                                 
             ('shaft_8-east_0', 'room_6-west_0'): 18,                                                 
             ('shaft_13-east_0', 'room_6-west_0'): 19,                                                
             ('shaft_4-east_0', 'room_6-west_0'): 20,                                                 
             ('corridor_5-east_0', 'storeroom_15-west_0'): 21                                         
         }                                                                                            
