INFO     ℹ️:polymap.layout.main.move:try_moves:122 | {} | roots=['living_dining_8-north_1',            
         'shaft_3-north_0', 'corridor_1-north_1', 'living_dining_8-north_0', 'balcony_6-north_0',     
         'corridor_1-north_0', 'corridor_0-north_0']                                                  
DEBUG    🐞:polymap.layout.main.move:try_moves:127 | {} |                                             
         root:LIVING_DINING_8-NORTH_1.                                                                
         [{('living_dining_8-north_1', 'balcony_6-south_0'): 0.2519999999999998}]                     
                                                                                                      
DEBUG    🐞:polymap.layout.main.move:try_moves:134 | {} | Moving living_dining_8-north_1 by           
         0.2519999999999998 to balcony_6-south_0                                                      
TRACE    ✏️:polymap.layout.main.move:study_polygon_changes:44 | {} | living_dining_8 has changed!      
SUCCESS  ✅:polymap.geometry.modify.validate:validate_layout_overlaps:173 | {} | No overlaps in the   
         layout                                                                                       
DEBUG    🐞:polymap.layout.main.move:try_moves:127 | {} |                                             
         root:SHAFT_3-NORTH_0.                                                                        
         [{('shaft_3-north_0', 'corridor_1-south_1'): 0.15300000000000002}]                           
                                                                                                      
DEBUG    🐞:polymap.layout.main.move:try_moves:134 | {} | Moving shaft_3-north_0 by                   
         0.15300000000000002 to corridor_1-south_1                                                    
TRACE    ✏️:polymap.layout.main.move:study_polygon_changes:44 | {} | shaft_3 has changed!              
SUCCESS  ✅:polymap.geometry.modify.validate:validate_layout_overlaps:173 | {} | No overlaps in the   
         layout                                                                                       
DEBUG    🐞:polymap.layout.main.move:try_moves:127 | {} |                                             
         root:CORRIDOR_1-NORTH_1.                                                                     
         [{('corridor_1-north_1', 'corridor_0-south_0'): 0.19299999999999995}]                        
                                                                                                      
DEBUG    🐞:polymap.layout.main.move:try_moves:134 | {} | Moving corridor_1-north_1 by                
         0.19299999999999995 to corridor_0-south_0                                                    
TRACE    ✏️:polymap.layout.main.move:study_polygon_changes:44 | {} | corridor_1 has changed!           
SUCCESS  ✅:polymap.geometry.modify.validate:validate_layout_overlaps:173 | {} | No overlaps in the   
         layout                                                                                       
DEBUG    🐞:polymap.layout.main.move:try_moves:127 | {} |                                             
         root:LIVING_DINING_8-NORTH_0.                                                                
         [{('living_dining_8-north_0', 'room_7-south_0'): 0.17300000000000004}]                       
                                                                                                      
DEBUG    🐞:polymap.layout.main.move:try_moves:134 | {} | Moving living_dining_8-north_0 by           
         0.17300000000000004 to room_7-south_0                                                        
TRACE    ✏️:polymap.layout.main.move:study_polygon_changes:44 | {} | living_dining_8 has changed!      
SUCCESS  ✅:polymap.geometry.modify.validate:validate_layout_overlaps:173 | {} | No overlaps in the   
         layout                                                                                       
DEBUG    🐞:polymap.layout.main.move:try_moves:127 | {} |                                             
         root:BALCONY_6-NORTH_0.                                                                      
         [{('balcony_6-north_0', 'room_7-south_1'): 0.233}]                                           
                                                                                                      
DEBUG    🐞:polymap.layout.main.move:try_moves:134 | {} | Moving balcony_6-north_0 by 0.233 to        
         room_7-south_1                                                                               
TRACE    ✏️:polymap.layout.main.move:study_polygon_changes:44 | {} | balcony_6 has changed!            
SUCCESS  ✅:polymap.geometry.modify.validate:validate_layout_overlaps:173 | {} | No overlaps in the   
         layout                                                                                       
DEBUG    🐞:polymap.layout.main.move:try_moves:127 | {} |                                             
         root:CORRIDOR_1-NORTH_0.                                                                     
         [{('corridor_1-north_0', 'kitchen_5-south_0'): 0.16800000000000015}]                         
                                                                                                      
DEBUG    🐞:polymap.layout.main.move:try_moves:134 | {} | Moving corridor_1-north_0 by                
         0.16800000000000015 to kitchen_5-south_0                                                     
TRACE    ✏️:polymap.layout.main.move:study_polygon_changes:44 | {} | corridor_1 has changed!           
SUCCESS  ✅:polymap.geometry.modify.validate:validate_layout_overlaps:173 | {} | No overlaps in the   
         layout                                                                                       
DEBUG    🐞:polymap.layout.main.move:try_moves:127 | {} |                                             
         root:CORRIDOR_0-NORTH_0.                                                                     
         [{('corridor_0-north_0', 'shaft_4-south_0'): 0.13600000000000012}]                           
                                                                                                      
DEBUG    🐞:polymap.layout.main.move:try_moves:134 | {} | Moving corridor_0-north_0 by                
         0.13600000000000012 to shaft_4-south_0                                                       
TRACE    ✏️:polymap.layout.main.move:study_polygon_changes:44 | {} | corridor_0 has changed!           
SUCCESS  ✅:polymap.geometry.modify.validate:validate_layout_overlaps:173 | {} | No overlaps in the   
         layout                                                                                       
SUCCESS  ✅:polymap.geometry.modify.validate:validate_layout_overlaps:173 | {} | No overlaps in the   
         layout                                                                                       
