INFO     ℹ️:polymap.nonortho.main:orthogonalize_dom:11 | {'name': 'room_0'} | Resolving non-ortho on   
         room_0                                                                                       
DEBUG    🐞:polymap.nonortho.dot:get_aligned_vector:27 | {'name': 'room_0'} | vector to align:        
         <2.4232971986166234, 0.011218968512109129, 0> | result: <2.4232971986166234, 0.0, 0.0>       
DEBUG    🐞:polymap.nonortho.dot:get_aligned_vector:27 | {'name': 'room_0'} | vector to align:        
         <0.007186065710172329, -1.5521901933974258, 0> | result: <0.0, -1.5521901933974258, 0.0>     
DEBUG    🐞:polymap.nonortho.dot:get_aligned_vector:27 | {'name': 'room_0'} | vector to align:        
         <0.0009824705094203523, 4.548474581422823e-06, 0> | result: <0.0009824705094203523, 0.0, 0.0>
DEBUG    🐞:polymap.nonortho.dot:get_aligned_vector:27 | {'name': 'room_0'} | vector to align:        
         <0.9105631855187912, 0.004215570303321314, 0> | result: <0.9105631855187912, 0.0, 0.0>       
DEBUG    🐞:polymap.nonortho.dot:get_aligned_vector:27 | {'name': 'room_0'} | vector to align:        
         <0.006270074202275211, -1.3543360276919634, 0> | result: <0.0, -1.3543360276919634, 0.0>     
DEBUG    🐞:polymap.nonortho.dot:get_aligned_vector:27 | {'name': 'room_0'} | vector to align:        
         <-0.8969023523169035, -0.004152325705170767, 0> | result: <-0.8969023523169035, 0.0, 0.0>    
DEBUG    🐞:polymap.nonortho.dot:get_aligned_vector:27 | {'name': 'room_0'} | vector to align:        
         <0.00012711201138237982, -0.027456194458681082, 0> | result: <0.0, -0.027456194458681082,    
         0.0>                                                                                         
DEBUG    🐞:polymap.nonortho.dot:get_aligned_vector:27 | {'name': 'room_0'} | vector to align:        
         <-0.023795368530857175, -0.0001101637431975, 0> | result: <-0.023795368530857175, 0.0, 0.0>  
DEBUG    🐞:polymap.nonortho.dot:get_aligned_vector:27 | {'name': 'room_0'} | vector to align:        
         <0.004194696375629192, -0.9060544171364642, 0> | result: <0.0, -0.9060544171364642, 0.0>     
DEBUG    🐞:polymap.nonortho.dot:get_aligned_vector:27 | {'name': 'room_0'} | vector to align:        
         <-1.7899743131030714, -0.008286918116217734, 0> | result: <-1.7899743131030714, 0.0, 0.0>    
DEBUG    🐞:polymap.nonortho.dot:get_aligned_vector:27 | {'name': 'room_0'} | vector to align:        
         <-0.0015083958684094512, 0.3258135075763495, 0> | result: <0.0, 0.3258135075763495, 0.0>     
DEBUG    🐞:polymap.nonortho.dot:get_aligned_vector:27 | {'name': 'room_0'} | vector to align:        
         <-0.6241708206939993, -0.002889679725434746, 0> | result: <-0.6241708206939993, 0.0, 0.0>    
DEBUG    🐞:polymap.nonortho.dot:get_aligned_vector:27 | {'name': 'room_0'} | vector to align:        
         <-0.016269552431053214, 3.514223325108194, 0> | result: <0.0, 3.514223325108194, 0.0>        
ERROR    ❌:polymap.geometry.modify.validate:message:37 | {'name': 'room_0'} | room_0 is invalid!     
         Reason: NOT ORTHOGONAL                                                                       
ERROR    ❌:polymap.geometry.modify.validate:message:37 | {} | room_0 is invalid! Reason: NOT         
         ORTHOGONAL                                                                                   
Traceback (most recent call last):
  File "/Users/julietnwagwuume-ezeoke/_UILCode/gqe-phd/fpopt/studies2/msd2/.venv/lib/python3.13/site-packages/polymap/nonortho/main.py", line 16, in orthogonalize_dom
    assert new_dom.is_orthogonal
           ^^^^^^^^^^^^^^^^^^^^^
AssertionError

During handling of the above exception, another exception occurred:

Traceback (most recent call last):
  File "/Users/julietnwagwuume-ezeoke/_UILCode/gqe-phd/fpopt/studies2/msd2/.venv/lib/python3.13/site-packages/polymap/cli/make/main.py", line 52, in ortho
    layout = orthogonalize_layout(in_layout)
  File "/Users/julietnwagwuume-ezeoke/_UILCode/gqe-phd/fpopt/studies2/msd2/.venv/lib/python3.13/site-packages/polymap/nonortho/main.py", line 28, in orthogonalize_layout
    return Layout(list(new_doms))
                  ~~~~^^^^^^^^^^
  File "/Users/julietnwagwuume-ezeoke/_UILCode/gqe-phd/fpopt/studies2/msd2/.venv/lib/python3.13/site-packages/polymap/nonortho/main.py", line 27, in <lambda>
    new_doms = map(lambda x: orthogonalize_dom(x), layout.domains)
                             ~~~~~~~~~~~~~~~~~^^^
  File "/Users/julietnwagwuume-ezeoke/_UILCode/gqe-phd/fpopt/studies2/msd2/.venv/lib/python3.13/site-packages/polymap/nonortho/main.py", line 18, in orthogonalize_dom
    raise InvalidPolygonError(new_dom.polygon, dom.name, "NOT ORTHOGONAL")
polymap.geometry.modify.validate.InvalidPolygonError: (<POLYGON ((8.125 2.008, 8.125 0.467, 8.133 0.467, 9.044 0.467, 9.044 -0.883,...>, 'room_0', 'NOT ORTHOGONAL')

During handling of the above exception, another exception occurred:

Traceback (most recent call last):
  File "/Users/julietnwagwuume-ezeoke/_UILCode/gqe-phd/fpopt/studies2/msd2/.venv/bin/polymap", line 10, in <module>
    sys.exit(main())
             ~~~~^^
  File "/Users/julietnwagwuume-ezeoke/_UILCode/gqe-phd/fpopt/studies2/msd2/.venv/lib/python3.13/site-packages/polymap/cli/main.py", line 22, in main
    app()
    ~~~^^
  File "/Users/julietnwagwuume-ezeoke/_UILCode/gqe-phd/fpopt/studies2/msd2/.venv/lib/python3.13/site-packages/cyclopts/core.py", line 1869, in __call__
    result = _run_maybe_async_command(command, bound, resolved_backend)
  File "/Users/julietnwagwuume-ezeoke/_UILCode/gqe-phd/fpopt/studies2/msd2/.venv/lib/python3.13/site-packages/cyclopts/_run.py", line 50, in _run_maybe_async_command
    return command(*bound.args, **bound.kwargs)
  File "/Users/julietnwagwuume-ezeoke/_UILCode/gqe-phd/fpopt/studies2/msd2/.venv/lib/python3.13/site-packages/polymap/cli/make/main.py", line 57, in ortho
    raise RuntimeError(
        "Could not orthogonalize the layout due to at least one polygon being non-orthogonalizable"
    )
RuntimeError: Could not orthogonalize the layout due to at least one polygon being non-orthogonalizable
