INFO     ℹ️:polymap.bends.main:remove_all_bends_from_domain:61 | {} | Starting to clean (5531,         
         kitchen_0)                                                                                   
INFO     ℹ️:polymap.bends.main:remove_all_bends_from_domain:77 | {} | No small surfaces for (5531,     
         kitchen_0). Ending iteration...                                                              
                                                                                                      
INFO     ℹ️:polymap.bends.main:remove_all_bends_from_domain:61 | {} | Starting to clean (5531,         
         corridor_1)                                                                                  
INFO     ℹ️:polymap.bends.main:remove_all_bends_from_domain:80 | {} | Starting iteration for (5531,    
         corridor_1)                                                                                  
TRACE    ✏️:polymap.bends.bends:assign_bends:73 | {} | components = [{'corridor_1-east_1'}]            
DEBUG    🐞:polymap.bends.interfaces:get_next_bend:358 | {} | BendHolder: {                           
             'pi2s': {'size': 0, 'pass': 0},                                                          
             'pi3s': {'size': 0, 'pass': 0},                                                          
             'kappa2s': {'size': 0, 'pass': 0},                                                       
             'pis': {'size': 0, 'pass': 0},                                                           
             'kappas': {'size': 1, 'pass': 1},                                                        
             'large': 0,                                                                              
             'not_found': 0                                                                           
         }                                                                                            
DEBUG    🐞:polymap.bends.interfaces:get_next_bend:359 | {} | Next bend is <class                     
         'polymap.bends.interfaces.KappaOne'>(['corridor_1-north_0', 'corridor_1-east_1',             
         'corridor_1-north_1'])                                                                       
DEBUG    🐞:polymap.bends.points:fix_vector_group_on_domain:57 | {} | surf group to heal:             
         ['corridor_1-north_0', 'corridor_1-north_1']                                                 
INFO     ℹ️:polymap.bends.main:remove_all_bends_from_domain:123 | {} | Successfully completed iteration
         for (5531, corridor_1)                                                                       
                                                                                                      
INFO     ℹ️:polymap.bends.main:remove_all_bends_from_domain:61 | {} | Starting to clean (5531, room_2) 
INFO     ℹ️:polymap.bends.main:remove_all_bends_from_domain:77 | {} | No small surfaces for (5531,     
         room_2). Ending iteration...                                                                 
                                                                                                      
INFO     ℹ️:polymap.bends.main:remove_all_bends_from_domain:61 | {} | Starting to clean (5531,         
         bathroom_3)                                                                                  
INFO     ℹ️:polymap.bends.main:remove_all_bends_from_domain:77 | {} | No small surfaces for (5531,     
         bathroom_3). Ending iteration...                                                             
                                                                                                      
INFO     ℹ️:polymap.bends.main:remove_all_bends_from_domain:61 | {} | Starting to clean (5531, room_4) 
INFO     ℹ️:polymap.bends.main:remove_all_bends_from_domain:80 | {} | Starting iteration for (5531,    
         room_4)                                                                                      
TRACE    ✏️:polymap.bends.bends:assign_bends:73 | {} | components = [{'room_4-east_1'},                
         {'room_4-west_1', 'room_4-north_2', 'room_4-west_2'}]                                        
TRACE    ✏️:polymap.bends.graph:order_nodes_based_on_graph:142 | {} | ['room_4-west_1',                
         'room_4-north_2', 'room_4-west_2']                                                           
TRACE    ✏️:polymap.bends.graph:order_nodes_based_on_graph:146 | {} | [['room_4-west_1',               
         'room_4-north_2', 'room_4-west_2']]                                                          
TRACE    ✏️:polymap.bends.graph:handle_components:174 | {} | {                                         
             'orig_nodes': ['room_4-west_1', 'room_4-north_2', 'room_4-west_2'],                      
             'ordered': ['room_4-west_1', 'room_4-north_2', 'room_4-west_2']                          
         }                                                                                            
TRACE    ✏️:polymap.bends.graph:order_nodes_based_on_graph:142 | {} | ['room_4-west_1',                
         'room_4-north_2', 'room_4-west_2']                                                           
TRACE    ✏️:polymap.bends.graph:order_nodes_based_on_graph:146 | {} | [['room_4-west_1',               
         'room_4-north_2', 'room_4-west_2']]                                                          
TRACE    ✏️:polymap.bends.graph:handle_components:174 | {} | {                                         
             'orig_nodes': ['room_4-west_1', 'room_4-north_2', 'room_4-west_2'],                      
             'ordered': ['room_4-west_1', 'room_4-north_2', 'room_4-west_2']                          
         }                                                                                            
DEBUG    🐞:polymap.bends.interfaces:get_next_bend:358 | {} | BendHolder: {                           
             'pi2s': {'size': 1, 'pass': 1},                                                          
             'pi3s': {'size': 0, 'pass': 0},                                                          
             'kappa2s': {'size': 1, 'pass': 1},                                                       
             'pis': {'size': 0, 'pass': 0},                                                           
             'kappas': {'size': 0, 'pass': 0},                                                        
             'large': 1,                                                                              
             'not_found': 0                                                                           
         }                                                                                            
DEBUG    🐞:polymap.bends.interfaces:get_next_bend:359 | {} | Next bend is <class                     
         'polymap.bends.interfaces.PiTwo'>(['room_4-north_0', 'room_4-east_1', 'room_4-north_1',      
         'room_4-west_1', 'room_4-north_2'])                                                          
DEBUG    🐞:polymap.bends.points:fix_vector_group_on_domain:57 | {} | surf group to heal:             
         ['room_4-north_1', 'room_4-north_2']                                                         
TRACE    ✏️:polymap.bends.bends:assign_bends:73 | {} | components = [{'room_4-east_1'},                
         {'room_4-west_1'}]                                                                           
DEBUG    🐞:polymap.bends.interfaces:get_next_bend:358 | {} | BendHolder: {                           
             'pi2s': {'size': 1, 'pass': 1},                                                          
             'pi3s': {'size': 0, 'pass': 0},                                                          
             'kappa2s': {'size': 0, 'pass': 0},                                                       
             'pis': {'size': 0, 'pass': 0},                                                           
             'kappas': {'size': 0, 'pass': 0},                                                        
             'large': 0,                                                                              
             'not_found': 0                                                                           
         }                                                                                            
DEBUG    🐞:polymap.bends.interfaces:get_next_bend:359 | {} | Next bend is <class                     
         'polymap.bends.interfaces.PiTwo'>(['room_4-north_0', 'room_4-east_1', 'room_4-north_1',      
         'room_4-west_1', 'room_4-north_2'])                                                          
DEBUG    🐞:polymap.bends.points:fix_vector_group_on_domain:57 | {} | surf group to heal:             
         ['room_4-north_1', 'room_4-north_2']                                                         
TRACE    ✏️:polymap.bends.bends:assign_bends:73 | {} | components = [{'room_4-west_1'}]                
DEBUG    🐞:polymap.bends.interfaces:get_next_bend:358 | {} | BendHolder: {                           
             'pi2s': {'size': 0, 'pass': 0},                                                          
             'pi3s': {'size': 0, 'pass': 0},                                                          
             'kappa2s': {'size': 0, 'pass': 0},                                                       
             'pis': {'size': 0, 'pass': 0},                                                           
             'kappas': {'size': 1, 'pass': 1},                                                        
             'large': 0,                                                                              
             'not_found': 0                                                                           
         }                                                                                            
DEBUG    🐞:polymap.bends.interfaces:get_next_bend:359 | {} | Next bend is <class                     
         'polymap.bends.interfaces.KappaOne'>(['room_4-north_0', 'room_4-west_1', 'room_4-north_1'])  
DEBUG    🐞:polymap.bends.points:fix_vector_group_on_domain:57 | {} | surf group to heal:             
         ['room_4-north_0', 'room_4-north_1']                                                         
INFO     ℹ️:polymap.bends.main:remove_all_bends_from_domain:123 | {} | Successfully completed iteration
         for (5531, room_4)                                                                           
                                                                                                      
INFO     ℹ️:polymap.bends.main:remove_all_bends_from_domain:61 | {} | Starting to clean (5531,         
         balcony_5)                                                                                   
INFO     ℹ️:polymap.bends.main:remove_all_bends_from_domain:77 | {} | No small surfaces for (5531,     
         balcony_5). Ending iteration...                                                              
                                                                                                      
INFO     ℹ️:polymap.geometry.modify.precision:decrease_layout_precision:75 | {} | New precision is 3   
