INFO     ℹ️:polymap.layout.main.move:try_moves:122 | {} | roots=['room_3-east_0', 'kitchen_1-east_0',  
         'shaft_7-east_0', 'shaft_4-east_0', 'corridor_2-east_0', 'bathroom_0-east_0']                
DEBUG    🐞:polymap.layout.main.move:try_moves:127 | {} |                                             
         root:ROOM_3-EAST_0.                                                                          
         [{('room_3-east_0', 'corridor_2-west_0'): 0.10799999999999998}]                              
                                                                                                      
DEBUG    🐞:polymap.layout.main.move:try_moves:134 | {} | Moving room_3-east_0 by 0.10799999999999998 
         to corridor_2-west_0                                                                         
TRACE    ✏️:polymap.layout.main.move:study_polygon_changes:44 | {} | room_3 has changed!               
SUCCESS  ✅:polymap.geometry.modify.validate:validate_layout_overlaps:173 | {} | No overlaps in the   
         layout                                                                                       
DEBUG    🐞:polymap.layout.main.move:try_moves:127 | {} |                                             
         root:KITCHEN_1-EAST_0.                                                                       
         [{('kitchen_1-east_0', 'bathroom_0-west_0'): 0.10799999999999987}]                           
                                                                                                      
DEBUG    🐞:polymap.layout.main.move:try_moves:134 | {} | Moving kitchen_1-east_0 by                  
         0.10799999999999987 to bathroom_0-west_0                                                     
TRACE    ✏️:polymap.layout.main.move:study_polygon_changes:44 | {} | kitchen_1 has changed!            
SUCCESS  ✅:polymap.geometry.modify.validate:validate_layout_overlaps:173 | {} | No overlaps in the   
         layout                                                                                       
DEBUG    🐞:polymap.layout.main.move:try_moves:127 | {} |                                             
         root:SHAFT_7-EAST_0.                                                                         
         [{('shaft_7-east_0', 'bathroom_0-west_1'): 0.028000000000000025}]                            
                                                                                                      
DEBUG    🐞:polymap.layout.main.move:try_moves:134 | {} | Moving shaft_7-east_0 by                    
         0.028000000000000025 to bathroom_0-west_1                                                    
TRACE    ✏️:polymap.layout.main.move:study_polygon_changes:44 | {} | shaft_7 has changed!              
SUCCESS  ✅:polymap.geometry.modify.validate:validate_layout_overlaps:173 | {} | No overlaps in the   
         layout                                                                                       
DEBUG    🐞:polymap.layout.main.move:try_moves:127 | {} |                                             
         root:SHAFT_4-EAST_0.                                                                         
         [{('shaft_4-east_0', 'bathroom_0-west_3'): 0.03299999999999992}]                             
                                                                                                      
DEBUG    🐞:polymap.layout.main.move:try_moves:134 | {} | Moving shaft_4-east_0 by 0.03299999999999992
         to bathroom_0-west_3                                                                         
TRACE    ✏️:polymap.layout.main.move:study_polygon_changes:44 | {} | shaft_4 has changed!              
SUCCESS  ✅:polymap.geometry.modify.validate:validate_layout_overlaps:173 | {} | No overlaps in the   
         layout                                                                                       
DEBUG    🐞:polymap.layout.main.move:try_moves:127 | {} |                                             
         root:CORRIDOR_2-EAST_0.                                                                      
         [{('corridor_2-east_0', 'room_6-west_0'): 0.1080000000000001}]                               
                                                                                                      
DEBUG    🐞:polymap.layout.main.move:try_moves:134 | {} | Moving corridor_2-east_0 by                 
         0.1080000000000001 to room_6-west_0                                                          
TRACE    ✏️:polymap.layout.main.move:study_polygon_changes:44 | {} | corridor_2 has changed!           
SUCCESS  ✅:polymap.geometry.modify.validate:validate_layout_overlaps:173 | {} | No overlaps in the   
         layout                                                                                       
DEBUG    🐞:polymap.layout.main.move:try_moves:127 | {} |                                             
         root:BATHROOM_0-EAST_0.                                                                      
         [{('bathroom_0-east_0', 'room_6-west_0'): 0.1080000000000001}]                               
                                                                                                      
DEBUG    🐞:polymap.layout.main.move:try_moves:134 | {} | Moving bathroom_0-east_0 by                 
         0.1080000000000001 to room_6-west_0                                                          
TRACE    ✏️:polymap.layout.main.move:study_polygon_changes:44 | {} | bathroom_0 has changed!           
SUCCESS  ✅:polymap.geometry.modify.validate:validate_layout_overlaps:173 | {} | No overlaps in the   
         layout                                                                                       
SUCCESS  ✅:polymap.geometry.modify.validate:validate_layout_overlaps:173 | {} | No overlaps in the   
         layout                                                                                       
